[1.748s] Invoking command in '/home/ubuntu/ros2_ws/src/build/yolov5_ros2': PYTHONPATH=/home/ubuntu/ros2_ws/src/build/yolov5_ros2/prefix_override:/home/ubuntu/ros2_ws/src/install/yolov5_ros2/lib/python3.10/site-packages:${PYTHONPATH} /usr/bin/python3 setup.py develop --editable --build-directory /home/ubuntu/ros2_ws/src/build/yolov5_ros2/build --no-deps install_data
[2.266s] running develop
[2.267s] /home/ubuntu/.local/lib/python3.10/site-packages/setuptools/command/develop.py:42: EasyInstallDeprecationWarning: easy_install command is deprecated.
[2.267s] !!
[2.268s] 
[2.268s]         ********************************************************************************
[2.268s]         Please avoid running ``setup.py`` and ``easy_install``.
[2.268s]         Instead, use pypa/build, pypa/installer or other
[2.268s]         standards-based tools.
[2.268s] 
[2.268s]         See https://github.com/pypa/setuptools/issues/917 for details.
[2.268s]         ********************************************************************************
[2.268s] 
[2.268s] !!
[2.268s]   easy_install.initialize_options(self)
[2.316s] /home/ubuntu/.local/lib/python3.10/site-packages/setuptools/_distutils/cmd.py:66: SetuptoolsDeprecationWarning: setup.py install is deprecated.
[2.316s] !!
[2.316s] 
[2.316s]         ********************************************************************************
[2.316s]         Please avoid running ``setup.py`` directly.
[2.316s]         Instead, use pypa/build, pypa/installer or other
[2.316s]         standards-based tools.
[2.317s] 
[2.317s]         See https://blog.ganssle.io/articles/2021/10/setup-py-deprecated.html for details.
[2.317s]         ********************************************************************************
[2.317s] 
[2.317s] !!
[2.317s]   self.initialize_options()
[2.597s] running egg_info
[2.620s] writing yolov5_ros2.egg-info/PKG-INFO
[2.620s] writing dependency_links to yolov5_ros2.egg-info/dependency_links.txt
[2.622s] writing entry points to yolov5_ros2.egg-info/entry_points.txt
[2.622s] writing requirements to yolov5_ros2.egg-info/requires.txt
[2.624s] writing top-level names to yolov5_ros2.egg-info/top_level.txt
[2.673s] reading manifest file 'yolov5_ros2.egg-info/SOURCES.txt'
[2.675s] writing manifest file 'yolov5_ros2.egg-info/SOURCES.txt'
[2.704s] running build_ext
[2.710s] Creating /home/ubuntu/ros2_ws/src/install/yolov5_ros2/lib/python3.10/site-packages/yolov5-ros2.egg-link (link to .)
[2.715s] Installing yolo_detect script to /home/ubuntu/ros2_ws/src/install/yolov5_ros2/lib/yolov5_ros2
[2.716s] 
[2.716s] Installed /home/ubuntu/ros2_ws/src/build/yolov5_ros2
[2.716s] running install_data
[2.716s] copying launch/yolov5_ros2.launch.py -> /home/ubuntu/ros2_ws/src/install/yolov5_ros2/share/yolov5_ros2/launch
[2.718s] copying config/best.pt -> /home/ubuntu/ros2_ws/src/install/yolov5_ros2/share/yolov5_ros2/config
[3.249s] copying config/traffic_signs.pt -> /home/ubuntu/ros2_ws/src/install/yolov5_ros2/share/yolov5_ros2/config
[3.878s] Invoked command in '/home/ubuntu/ros2_ws/src/build/yolov5_ros2' returned '0': PYTHONPATH=/home/ubuntu/ros2_ws/src/build/yolov5_ros2/prefix_override:/home/ubuntu/ros2_ws/src/install/yolov5_ros2/lib/python3.10/site-packages:${PYTHONPATH} /usr/bin/python3 setup.py develop --editable --build-directory /home/ubuntu/ros2_ws/src/build/yolov5_ros2/build --no-deps install_data
