running develop
running egg_info
writing navigation.egg-info/PKG-INFO
writing dependency_links to navigation.egg-info/dependency_links.txt
writing requirements to navigation.egg-info/requires.txt
writing top-level names to navigation.egg-info/top_level.txt
reading manifest file 'navigation.egg-info/SOURCES.txt'
writing manifest file 'navigation.egg-info/SOURCES.txt'
running build_ext
Creating /home/ubuntu/ros2_ws/src/install/navigation/lib/python3.10/site-packages/navigation.egg-link (link to .)

Installed /home/ubuntu/ros2_ws/src/build/navigation
running install_data
creating /home/ubuntu/ros2_ws/src/install/navigation/share/ament_index
creating /home/ubuntu/ros2_ws/src/install/navigation/share/ament_index/resource_index
creating /home/ubuntu/ros2_ws/src/install/navigation/share/ament_index/resource_index/packages
copying resource/navigation -> /home/ubuntu/ros2_ws/src/install/navigation/share/ament_index/resource_index/packages
copying package.xml -> /home/ubuntu/ros2_ws/src/install/navigation/share/navigation
creating /home/ubuntu/ros2_ws/src/install/navigation/share/navigation/launch
copying launch/rtabmapviz.launch.py -> /home/ubuntu/ros2_ws/src/install/navigation/share/navigation/launch
copying launch/rviz_rtabmap_navigation.launch.py -> /home/ubuntu/ros2_ws/src/install/navigation/share/navigation/launch
copying launch/navigation.launch.py -> /home/ubuntu/ros2_ws/src/install/navigation/share/navigation/launch
copying launch/rtabmap_navigation.launch.py -> /home/ubuntu/ros2_ws/src/install/navigation/share/navigation/launch
copying launch/rviz_navigation.launch.py -> /home/ubuntu/ros2_ws/src/install/navigation/share/navigation/launch
creating /home/ubuntu/ros2_ws/src/install/navigation/share/navigation/config
copying config/nav2_params.yaml -> /home/ubuntu/ros2_ws/src/install/navigation/share/navigation/config
copying config/nav2_controller_dwb.yaml -> /home/ubuntu/ros2_ws/src/install/navigation/share/navigation/config
copying config/nav2_controller_teb.yaml -> /home/ubuntu/ros2_ws/src/install/navigation/share/navigation/config
creating /home/ubuntu/ros2_ws/src/install/navigation/share/navigation/rviz
copying rviz/rtabmap01.rviz -> /home/ubuntu/ros2_ws/src/install/navigation/share/navigation/rviz
copying rviz/rtabmap.rviz -> /home/ubuntu/ros2_ws/src/install/navigation/share/navigation/rviz
copying rviz/navigation_desktop.rviz -> /home/ubuntu/ros2_ws/src/install/navigation/share/navigation/rviz
copying rviz/navigation_transport.rviz -> /home/ubuntu/ros2_ws/src/install/navigation/share/navigation/rviz
copying rviz/navigation.rviz -> /home/ubuntu/ros2_ws/src/install/navigation/share/navigation/rviz
