running develop
running egg_info
writing controller.egg-info/PKG-INFO
writing dependency_links to controller.egg-info/dependency_links.txt
writing entry points to controller.egg-info/entry_points.txt
writing requirements to controller.egg-info/requires.txt
writing top-level names to controller.egg-info/top_level.txt
reading manifest file 'controller.egg-info/SOURCES.txt'
writing manifest file 'controller.egg-info/SOURCES.txt'
running build_ext
Creating /home/ubuntu/ros2_ws/src/install/controller/lib/python3.10/site-packages/controller.egg-link (link to .)
Installing init_pose script to /home/ubuntu/ros2_ws/src/install/controller/lib/controller
Installing odom_publisher script to /home/ubuntu/ros2_ws/src/install/controller/lib/controller

Installed /home/ubuntu/ros2_ws/src/build/controller
running install_data
creating /home/ubuntu/ros2_ws/src/install/controller/share/ament_index
creating /home/ubuntu/ros2_ws/src/install/controller/share/ament_index/resource_index
creating /home/ubuntu/ros2_ws/src/install/controller/share/ament_index/resource_index/packages
copying resource/controller -> /home/ubuntu/ros2_ws/src/install/controller/share/ament_index/resource_index/packages
copying package.xml -> /home/ubuntu/ros2_ws/src/install/controller/share/controller
creating /home/ubuntu/ros2_ws/src/install/controller/share/controller/launch
copying launch/rf2o_laser_odometry.launch.py -> /home/ubuntu/ros2_ws/src/install/controller/share/controller/launch
copying launch/odom_publisher.launch.py -> /home/ubuntu/ros2_ws/src/install/controller/share/controller/launch
copying launch/init_pose.launch.py -> /home/ubuntu/ros2_ws/src/install/controller/share/controller/launch
copying launch/controller.launch.py -> /home/ubuntu/ros2_ws/src/install/controller/share/controller/launch
creating /home/ubuntu/ros2_ws/src/install/controller/share/controller/config
copying config/ekf.yaml -> /home/ubuntu/ros2_ws/src/install/controller/share/controller/config
copying config/calibrate_params.yaml -> /home/ubuntu/ros2_ws/src/install/controller/share/controller/config
copying config/init_pose.yaml -> /home/ubuntu/ros2_ws/src/install/controller/share/controller/config
