[2.080s] Invoking command in '/home/ubuntu/ros2_ws/src/build/peripherals': PYTHONPATH=/home/ubuntu/ros2_ws/src/build/peripherals/prefix_override:/home/ubuntu/ros2_ws/src/install/peripherals/lib/python3.10/site-packages:${PYTHONPATH} /usr/bin/python3 setup.py develop --editable --build-directory /home/ubuntu/ros2_ws/src/build/peripherals/build --no-deps install_data
[2.768s] running develop
[2.768s] /home/ubuntu/.local/lib/python3.10/site-packages/setuptools/command/develop.py:42: EasyInstallDeprecationWarning: easy_install command is deprecated.
[2.768s] !!
[2.768s] 
[2.768s]         ********************************************************************************
[2.768s]         Please avoid running ``setup.py`` and ``easy_install``.
[2.768s]         Instead, use pypa/build, pypa/installer or other
[2.768s]         standards-based tools.
[2.768s] 
[2.768s]         See https://github.com/pypa/setuptools/issues/917 for details.
[2.768s]         ********************************************************************************
[2.769s] 
[2.769s] !!
[2.769s]   easy_install.initialize_options(self)
[2.817s] /home/ubuntu/.local/lib/python3.10/site-packages/setuptools/_distutils/cmd.py:66: SetuptoolsDeprecationWarning: setup.py install is deprecated.
[2.817s] !!
[2.817s] 
[2.817s]         ********************************************************************************
[2.817s]         Please avoid running ``setup.py`` directly.
[2.817s]         Instead, use pypa/build, pypa/installer or other
[2.818s]         standards-based tools.
[2.818s] 
[2.818s]         See https://blog.ganssle.io/articles/2021/10/setup-py-deprecated.html for details.
[2.818s]         ********************************************************************************
[2.818s] 
[2.818s] !!
[2.818s]   self.initialize_options()
[3.131s] running egg_info
[3.155s] writing peripherals.egg-info/PKG-INFO
[3.156s] writing dependency_links to peripherals.egg-info/dependency_links.txt
[3.161s] writing entry points to peripherals.egg-info/entry_points.txt
[3.166s] writing requirements to peripherals.egg-info/requires.txt
[3.170s] writing top-level names to peripherals.egg-info/top_level.txt
[3.219s] reading manifest file 'peripherals.egg-info/SOURCES.txt'
[3.224s] writing manifest file 'peripherals.egg-info/SOURCES.txt'
[3.255s] running build_ext
[3.255s] Creating /home/ubuntu/ros2_ws/src/install/peripherals/lib/python3.10/site-packages/peripherals.egg-link (link to .)
[3.256s] Installing joystick_control script to /home/ubuntu/ros2_ws/src/install/peripherals/lib/peripherals
[3.257s] Installing teleop_key_control script to /home/ubuntu/ros2_ws/src/install/peripherals/lib/peripherals
[3.257s] Installing tf_broadcaster_imu script to /home/ubuntu/ros2_ws/src/install/peripherals/lib/peripherals
[3.258s] 
[3.258s] Installed /home/ubuntu/ros2_ws/src/build/peripherals
[3.258s] running install_data
[3.258s] creating /home/ubuntu/ros2_ws/src/install/peripherals/share/ament_index
[3.259s] creating /home/ubuntu/ros2_ws/src/install/peripherals/share/ament_index/resource_index
[3.259s] creating /home/ubuntu/ros2_ws/src/install/peripherals/share/ament_index/resource_index/packages
[3.259s] copying resource/peripherals -> /home/ubuntu/ros2_ws/src/install/peripherals/share/ament_index/resource_index/packages
[3.259s] copying package.xml -> /home/ubuntu/ros2_ws/src/install/peripherals/share/peripherals
[3.260s] creating /home/ubuntu/ros2_ws/src/install/peripherals/share/peripherals/launch
[3.260s] copying launch/imu_filter.launch.py -> /home/ubuntu/ros2_ws/src/install/peripherals/share/peripherals/launch
[3.261s] copying launch/usb_cam.launch.py -> /home/ubuntu/ros2_ws/src/install/peripherals/share/peripherals/launch
[3.263s] copying launch/lidar.launch.py -> /home/ubuntu/ros2_ws/src/install/peripherals/share/peripherals/launch
[3.263s] copying launch/joystick_control.launch.py -> /home/ubuntu/ros2_ws/src/install/peripherals/share/peripherals/launch
[3.264s] copying launch/depth_camera.launch.py -> /home/ubuntu/ros2_ws/src/install/peripherals/share/peripherals/launch
[3.264s] copying launch/imu_view.launch.py -> /home/ubuntu/ros2_ws/src/install/peripherals/share/peripherals/launch
[3.265s] copying launch/lidar_view.launch.py -> /home/ubuntu/ros2_ws/src/install/peripherals/share/peripherals/launch
[3.266s] copying launch/teleop_key_control.launch.py -> /home/ubuntu/ros2_ws/src/install/peripherals/share/peripherals/launch
[3.269s] creating /home/ubuntu/ros2_ws/src/install/peripherals/share/peripherals/launch/include
[3.269s] copying launch/include/hp60c_cp.launch.py -> /home/ubuntu/ros2_ws/src/install/peripherals/share/peripherals/launch/include
[3.270s] copying launch/include/ascamera.launch.py -> /home/ubuntu/ros2_ws/src/install/peripherals/share/peripherals/launch/include
[3.270s] copying launch/include/hp60c.launch.py -> /home/ubuntu/ros2_ws/src/install/peripherals/share/peripherals/launch/include
[3.276s] copying launch/include/sllidar_a1.launch.py -> /home/ubuntu/ros2_ws/src/install/peripherals/share/peripherals/launch/include
[3.276s] copying launch/include/ldlidar_LD19.launch.py -> /home/ubuntu/ros2_ws/src/install/peripherals/share/peripherals/launch/include
[3.277s] copying launch/include/ydlidar_g4.launch.py -> /home/ubuntu/ros2_ws/src/install/peripherals/share/peripherals/launch/include
[3.278s] creating /home/ubuntu/ros2_ws/src/install/peripherals/share/peripherals/config
[3.278s] copying config/usb_cam_param.yaml -> /home/ubuntu/ros2_ws/src/install/peripherals/share/peripherals/config
[3.279s] copying config/lidar_filters_config_a1.yaml -> /home/ubuntu/ros2_ws/src/install/peripherals/share/peripherals/config
[3.279s] copying config/lidar_filters_config_g4.yaml -> /home/ubuntu/ros2_ws/src/install/peripherals/share/peripherals/config
[3.280s] copying config/lidar_filters_config_ld19.yaml -> /home/ubuntu/ros2_ws/src/install/peripherals/share/peripherals/config
[3.286s] copying config/lidar_filters_config_ld14p.yaml -> /home/ubuntu/ros2_ws/src/install/peripherals/share/peripherals/config
[3.287s] copying config/camera_info.yaml -> /home/ubuntu/ros2_ws/src/install/peripherals/share/peripherals/config
[3.287s] creating /home/ubuntu/ros2_ws/src/install/peripherals/share/peripherals/rviz
[3.288s] copying rviz/lidar_view.rviz -> /home/ubuntu/ros2_ws/src/install/peripherals/share/peripherals/rviz
[3.288s] copying rviz/imu_view.rviz -> /home/ubuntu/ros2_ws/src/install/peripherals/share/peripherals/rviz
[3.559s] Invoked command in '/home/ubuntu/ros2_ws/src/build/peripherals' returned '0': PYTHONPATH=/home/ubuntu/ros2_ws/src/build/peripherals/prefix_override:/home/ubuntu/ros2_ws/src/install/peripherals/lib/python3.10/site-packages:${PYTHONPATH} /usr/bin/python3 setup.py develop --editable --build-directory /home/ubuntu/ros2_ws/src/build/peripherals/build --no-deps install_data
