running develop
/home/ubuntu/.local/lib/python3.10/site-packages/setuptools/command/develop.py:42: EasyInstallDeprecationWarning: easy_install command is deprecated.
!!

        ********************************************************************************
        Please avoid running ``setup.py`` and ``easy_install``.
        Instead, use pypa/build, pypa/installer or other
        standards-based tools.

        See https://github.com/pypa/setuptools/issues/917 for details.
        ********************************************************************************

!!
  easy_install.initialize_options(self)
/home/ubuntu/.local/lib/python3.10/site-packages/setuptools/_distutils/cmd.py:66: SetuptoolsDeprecationWarning: setup.py install is deprecated.
!!

        ********************************************************************************
        Please avoid running ``setup.py`` directly.
        Instead, use pypa/build, pypa/installer or other
        standards-based tools.

        See https://blog.ganssle.io/articles/2021/10/setup-py-deprecated.html for details.
        ********************************************************************************

!!
  self.initialize_options()
running egg_info
writing ros_robot_controller.egg-info/PKG-INFO
writing dependency_links to ros_robot_controller.egg-info/dependency_links.txt
writing entry points to ros_robot_controller.egg-info/entry_points.txt
writing requirements to ros_robot_controller.egg-info/requires.txt
writing top-level names to ros_robot_controller.egg-info/top_level.txt
reading manifest file 'ros_robot_controller.egg-info/SOURCES.txt'
writing manifest file 'ros_robot_controller.egg-info/SOURCES.txt'
running build_ext
Creating /home/ubuntu/ros2_ws/src/install/ros_robot_controller/lib/python3.10/site-packages/ros-robot-controller.egg-link (link to .)
Installing ros_robot_controller script to /home/ubuntu/ros2_ws/src/install/ros_robot_controller/lib/ros_robot_controller

Installed /home/ubuntu/ros2_ws/src/build/ros_robot_controller
running install_data
creating /home/ubuntu/ros2_ws/src/install/ros_robot_controller/share/ament_index
creating /home/ubuntu/ros2_ws/src/install/ros_robot_controller/share/ament_index/resource_index
creating /home/ubuntu/ros2_ws/src/install/ros_robot_controller/share/ament_index/resource_index/packages
copying resource/ros_robot_controller -> /home/ubuntu/ros2_ws/src/install/ros_robot_controller/share/ament_index/resource_index/packages
copying package.xml -> /home/ubuntu/ros2_ws/src/install/ros_robot_controller/share/ros_robot_controller
creating /home/ubuntu/ros2_ws/src/install/ros_robot_controller/share/ros_robot_controller/launch
copying launch/ros_robot_controller.launch.py -> /home/ubuntu/ros2_ws/src/install/ros_robot_controller/share/ros_robot_controller/launch
