running develop
/home/ubuntu/.local/lib/python3.10/site-packages/setuptools/command/develop.py:42: EasyInstallDeprecationWarning: easy_install command is deprecated.
!!

        ********************************************************************************
        Please avoid running ``setup.py`` and ``easy_install``.
        Instead, use pypa/build, pypa/installer or other
        standards-based tools.

        See https://github.com/pypa/setuptools/issues/917 for details.
        ********************************************************************************

!!
  easy_install.initialize_options(self)
/home/ubuntu/.local/lib/python3.10/site-packages/setuptools/_distutils/cmd.py:66: SetuptoolsDeprecationWarning: setup.py install is deprecated.
!!

        ********************************************************************************
        Please avoid running ``setup.py`` directly.
        Instead, use pypa/build, pypa/installer or other
        standards-based tools.

        See https://blog.ganssle.io/articles/2021/10/setup-py-deprecated.html for details.
        ********************************************************************************

!!
  self.initialize_options()
running egg_info
writing sdk.egg-info/PKG-INFO
writing dependency_links to sdk.egg-info/dependency_links.txt
writing requirements to sdk.egg-info/requires.txt
writing top-level names to sdk.egg-info/top_level.txt
reading manifest file 'sdk.egg-info/SOURCES.txt'
writing manifest file 'sdk.egg-info/SOURCES.txt'
running build_ext
Creating /home/ubuntu/ros2_ws/src/install/sdk/lib/python3.10/site-packages/sdk.egg-link (link to .)

Installed /home/ubuntu/ros2_ws/src/build/sdk
running install_data
creating /home/ubuntu/ros2_ws/src/install/sdk/share/ament_index
creating /home/ubuntu/ros2_ws/src/install/sdk/share/ament_index/resource_index
creating /home/ubuntu/ros2_ws/src/install/sdk/share/ament_index/resource_index/packages
copying resource/sdk -> /home/ubuntu/ros2_ws/src/install/sdk/share/ament_index/resource_index/packages
copying package.xml -> /home/ubuntu/ros2_ws/src/install/sdk/share/sdk
