[1.637s] DEBUG:colcon:Command line arguments: ['/usr/bin/colcon', 'build', '--packages-select', 'yolov5_ros2']
[1.638s] DEBUG:colcon:Parsed command line arguments: Namespace(log_base=None, log_level=None, verb_name='build', build_base='build', install_base='install', merge_install=False, symlink_install=False, test_result_base=None, continue_on_error=False, executor='parallel', parallel_workers=4, event_handlers=None, ignore_user_meta=False, metas=['./colcon.meta'], base_paths=['.'], packages_ignore=None, packages_ignore_regex=None, paths=None, packages_up_to=None, packages_up_to_regex=None, packages_above=None, packages_above_and_dependencies=None, packages_above_depth=None, packages_select_by_dep=None, packages_skip_by_dep=None, packages_skip_up_to=None, packages_select_build_failed=False, packages_skip_build_finished=False, packages_select_test_failures=False, packages_skip_test_passed=False, packages_select=['yolov5_ros2'], packages_skip=None, packages_select_regex=None, packages_skip_regex=None, packages_start=None, packages_end=None, cmake_args=None, cmake_target=None, cmake_target_skip_unavailable=False, cmake_clean_cache=False, cmake_clean_first=False, cmake_force_configure=False, ament_cmake_args=None, catkin_cmake_args=None, catkin_skip_building_tests=False, mixin_files=None, mixin=None, verb_parser=<colcon_mixin.mixin.mixin_argument.MixinArgumentDecorator object at 0x7ffed9b9e740>, verb_extension=<colcon_core.verb.build.BuildVerb object at 0x7ffed9b9e1d0>, main=<bound method BuildVerb.main of <colcon_core.verb.build.BuildVerb object at 0x7ffed9b9e1d0>>, mixin_verb=('build',))
[1.718s] Level 1:colcon.colcon_core.package_discovery:discover_packages(colcon_meta) check parameters
[1.718s] Level 1:colcon.colcon_core.package_discovery:discover_packages(recursive) check parameters
[1.718s] Level 1:colcon.colcon_core.package_discovery:discover_packages(ignore) check parameters
[1.718s] Level 1:colcon.colcon_core.package_discovery:discover_packages(path) check parameters
[1.718s] Level 1:colcon.colcon_core.package_discovery:discover_packages(colcon_meta) discover
[1.718s] Level 1:colcon.colcon_core.package_discovery:discover_packages(recursive) discover
[1.718s] INFO:colcon.colcon_core.package_discovery:Crawling recursively for packages in '/home/ubuntu/ros2_ws/src'
[1.719s] Level 1:colcon.colcon_core.package_identification:_identify(.) by extensions ['ignore', 'ignore_ament_install']
[1.719s] Level 1:colcon.colcon_core.package_identification:_identify(.) by extension 'ignore'
[1.719s] Level 1:colcon.colcon_core.package_identification:_identify(.) by extension 'ignore_ament_install'
[1.719s] Level 1:colcon.colcon_core.package_identification:_identify(.) by extensions ['colcon_pkg']
[1.719s] Level 1:colcon.colcon_core.package_identification:_identify(.) by extension 'colcon_pkg'
[1.719s] Level 1:colcon.colcon_core.package_identification:_identify(.) by extensions ['colcon_meta']
[1.719s] Level 1:colcon.colcon_core.package_identification:_identify(.) by extension 'colcon_meta'
[1.719s] Level 1:colcon.colcon_core.package_identification:_identify(.) by extensions ['ros']
[1.719s] Level 1:colcon.colcon_core.package_identification:_identify(.) by extension 'ros'
[1.737s] Level 1:colcon.colcon_core.package_identification:_identify(.) by extensions ['cmake', 'python']
[1.737s] Level 1:colcon.colcon_core.package_identification:_identify(.) by extension 'cmake'
[1.737s] Level 1:colcon.colcon_core.package_identification:_identify(.) by extension 'python'
[1.737s] Level 1:colcon.colcon_core.package_identification:_identify(.) by extensions ['python_setup_py']
[1.737s] Level 1:colcon.colcon_core.package_identification:_identify(.) by extension 'python_setup_py'
[1.738s] Level 1:colcon.colcon_core.package_identification:_identify(app) by extensions ['ignore', 'ignore_ament_install']
[1.738s] Level 1:colcon.colcon_core.package_identification:_identify(app) by extension 'ignore'
[1.738s] Level 1:colcon.colcon_core.package_identification:_identify(app) by extension 'ignore_ament_install'
[1.738s] Level 1:colcon.colcon_core.package_identification:_identify(app) by extensions ['colcon_pkg']
[1.738s] Level 1:colcon.colcon_core.package_identification:_identify(app) by extension 'colcon_pkg'
[1.739s] Level 1:colcon.colcon_core.package_identification:_identify(app) by extensions ['colcon_meta']
[1.739s] Level 1:colcon.colcon_core.package_identification:_identify(app) by extension 'colcon_meta'
[1.739s] Level 1:colcon.colcon_core.package_identification:_identify(app) by extensions ['ros']
[1.739s] Level 1:colcon.colcon_core.package_identification:_identify(app) by extension 'ros'
[1.743s] DEBUG:colcon.colcon_core.package_identification:Package 'app' with type 'ros.ament_python' and name 'app'
[1.744s] Level 1:colcon.colcon_core.package_identification:_identify(bringup) by extensions ['ignore', 'ignore_ament_install']
[1.744s] Level 1:colcon.colcon_core.package_identification:_identify(bringup) by extension 'ignore'
[1.744s] Level 1:colcon.colcon_core.package_identification:_identify(bringup) by extension 'ignore_ament_install'
[1.744s] Level 1:colcon.colcon_core.package_identification:_identify(bringup) by extensions ['colcon_pkg']
[1.744s] Level 1:colcon.colcon_core.package_identification:_identify(bringup) by extension 'colcon_pkg'
[1.744s] Level 1:colcon.colcon_core.package_identification:_identify(bringup) by extensions ['colcon_meta']
[1.744s] Level 1:colcon.colcon_core.package_identification:_identify(bringup) by extension 'colcon_meta'
[1.744s] Level 1:colcon.colcon_core.package_identification:_identify(bringup) by extensions ['ros']
[1.744s] Level 1:colcon.colcon_core.package_identification:_identify(bringup) by extension 'ros'
[1.745s] DEBUG:colcon.colcon_core.package_identification:Package 'bringup' with type 'ros.ament_python' and name 'bringup'
[1.748s] Level 1:colcon.colcon_core.package_identification:_identify(build) by extensions ['ignore', 'ignore_ament_install']
[1.748s] Level 1:colcon.colcon_core.package_identification:_identify(build) by extension 'ignore'
[1.749s] Level 1:colcon.colcon_core.package_identification:_identify(build) ignored
[1.749s] Level 1:colcon.colcon_core.package_identification:_identify(calibration) by extensions ['ignore', 'ignore_ament_install']
[1.749s] Level 1:colcon.colcon_core.package_identification:_identify(calibration) by extension 'ignore'
[1.749s] Level 1:colcon.colcon_core.package_identification:_identify(calibration) by extension 'ignore_ament_install'
[1.749s] Level 1:colcon.colcon_core.package_identification:_identify(calibration) by extensions ['colcon_pkg']
[1.749s] Level 1:colcon.colcon_core.package_identification:_identify(calibration) by extension 'colcon_pkg'
[1.749s] Level 1:colcon.colcon_core.package_identification:_identify(calibration) by extensions ['colcon_meta']
[1.749s] Level 1:colcon.colcon_core.package_identification:_identify(calibration) by extension 'colcon_meta'
[1.749s] Level 1:colcon.colcon_core.package_identification:_identify(calibration) by extensions ['ros']
[1.749s] Level 1:colcon.colcon_core.package_identification:_identify(calibration) by extension 'ros'
[1.750s] DEBUG:colcon.colcon_core.package_identification:Package 'calibration' with type 'ros.ament_python' and name 'calibration'
[1.751s] Level 1:colcon.colcon_core.package_identification:_identify(driver) by extensions ['ignore', 'ignore_ament_install']
[1.751s] Level 1:colcon.colcon_core.package_identification:_identify(driver) by extension 'ignore'
[1.751s] Level 1:colcon.colcon_core.package_identification:_identify(driver) by extension 'ignore_ament_install'
[1.751s] Level 1:colcon.colcon_core.package_identification:_identify(driver) by extensions ['colcon_pkg']
[1.751s] Level 1:colcon.colcon_core.package_identification:_identify(driver) by extension 'colcon_pkg'
[1.751s] Level 1:colcon.colcon_core.package_identification:_identify(driver) by extensions ['colcon_meta']
[1.751s] Level 1:colcon.colcon_core.package_identification:_identify(driver) by extension 'colcon_meta'
[1.751s] Level 1:colcon.colcon_core.package_identification:_identify(driver) by extensions ['ros']
[1.751s] Level 1:colcon.colcon_core.package_identification:_identify(driver) by extension 'ros'
[1.751s] Level 1:colcon.colcon_core.package_identification:_identify(driver) by extensions ['cmake', 'python']
[1.751s] Level 1:colcon.colcon_core.package_identification:_identify(driver) by extension 'cmake'
[1.751s] Level 1:colcon.colcon_core.package_identification:_identify(driver) by extension 'python'
[1.751s] Level 1:colcon.colcon_core.package_identification:_identify(driver) by extensions ['python_setup_py']
[1.751s] Level 1:colcon.colcon_core.package_identification:_identify(driver) by extension 'python_setup_py'
[1.752s] Level 1:colcon.colcon_core.package_identification:_identify(driver/controller) by extensions ['ignore', 'ignore_ament_install']
[1.752s] Level 1:colcon.colcon_core.package_identification:_identify(driver/controller) by extension 'ignore'
[1.752s] Level 1:colcon.colcon_core.package_identification:_identify(driver/controller) by extension 'ignore_ament_install'
[1.752s] Level 1:colcon.colcon_core.package_identification:_identify(driver/controller) by extensions ['colcon_pkg']
[1.752s] Level 1:colcon.colcon_core.package_identification:_identify(driver/controller) by extension 'colcon_pkg'
[1.752s] Level 1:colcon.colcon_core.package_identification:_identify(driver/controller) by extensions ['colcon_meta']
[1.752s] Level 1:colcon.colcon_core.package_identification:_identify(driver/controller) by extension 'colcon_meta'
[1.752s] Level 1:colcon.colcon_core.package_identification:_identify(driver/controller) by extensions ['ros']
[1.752s] Level 1:colcon.colcon_core.package_identification:_identify(driver/controller) by extension 'ros'
[1.753s] DEBUG:colcon.colcon_core.package_identification:Package 'driver/controller' with type 'ros.ament_python' and name 'controller'
[1.754s] Level 1:colcon.colcon_core.package_identification:_identify(driver/ros_robot_controller) by extensions ['ignore', 'ignore_ament_install']
[1.754s] Level 1:colcon.colcon_core.package_identification:_identify(driver/ros_robot_controller) by extension 'ignore'
[1.754s] Level 1:colcon.colcon_core.package_identification:_identify(driver/ros_robot_controller) by extension 'ignore_ament_install'
[1.754s] Level 1:colcon.colcon_core.package_identification:_identify(driver/ros_robot_controller) by extensions ['colcon_pkg']
[1.754s] Level 1:colcon.colcon_core.package_identification:_identify(driver/ros_robot_controller) by extension 'colcon_pkg'
[1.754s] Level 1:colcon.colcon_core.package_identification:_identify(driver/ros_robot_controller) by extensions ['colcon_meta']
[1.754s] Level 1:colcon.colcon_core.package_identification:_identify(driver/ros_robot_controller) by extension 'colcon_meta'
[1.754s] Level 1:colcon.colcon_core.package_identification:_identify(driver/ros_robot_controller) by extensions ['ros']
[1.754s] Level 1:colcon.colcon_core.package_identification:_identify(driver/ros_robot_controller) by extension 'ros'
[1.755s] DEBUG:colcon.colcon_core.package_identification:Package 'driver/ros_robot_controller' with type 'ros.ament_python' and name 'ros_robot_controller'
[1.756s] Level 1:colcon.colcon_core.package_identification:_identify(driver/ros_robot_controller_msgs) by extensions ['ignore', 'ignore_ament_install']
[1.756s] Level 1:colcon.colcon_core.package_identification:_identify(driver/ros_robot_controller_msgs) by extension 'ignore'
[1.756s] Level 1:colcon.colcon_core.package_identification:_identify(driver/ros_robot_controller_msgs) by extension 'ignore_ament_install'
[1.756s] Level 1:colcon.colcon_core.package_identification:_identify(driver/ros_robot_controller_msgs) by extensions ['colcon_pkg']
[1.756s] Level 1:colcon.colcon_core.package_identification:_identify(driver/ros_robot_controller_msgs) by extension 'colcon_pkg'
[1.756s] Level 1:colcon.colcon_core.package_identification:_identify(driver/ros_robot_controller_msgs) by extensions ['colcon_meta']
[1.756s] Level 1:colcon.colcon_core.package_identification:_identify(driver/ros_robot_controller_msgs) by extension 'colcon_meta'
[1.756s] Level 1:colcon.colcon_core.package_identification:_identify(driver/ros_robot_controller_msgs) by extensions ['ros']
[1.756s] Level 1:colcon.colcon_core.package_identification:_identify(driver/ros_robot_controller_msgs) by extension 'ros'
[1.757s] DEBUG:colcon.colcon_core.package_identification:Package 'driver/ros_robot_controller_msgs' with type 'ros.ament_cmake' and name 'ros_robot_controller_msgs'
[1.757s] Level 1:colcon.colcon_core.package_identification:_identify(driver/sdk) by extensions ['ignore', 'ignore_ament_install']
[1.757s] Level 1:colcon.colcon_core.package_identification:_identify(driver/sdk) by extension 'ignore'
[1.758s] Level 1:colcon.colcon_core.package_identification:_identify(driver/sdk) by extension 'ignore_ament_install'
[1.758s] Level 1:colcon.colcon_core.package_identification:_identify(driver/sdk) by extensions ['colcon_pkg']
[1.758s] Level 1:colcon.colcon_core.package_identification:_identify(driver/sdk) by extension 'colcon_pkg'
[1.758s] Level 1:colcon.colcon_core.package_identification:_identify(driver/sdk) by extensions ['colcon_meta']
[1.758s] Level 1:colcon.colcon_core.package_identification:_identify(driver/sdk) by extension 'colcon_meta'
[1.758s] Level 1:colcon.colcon_core.package_identification:_identify(driver/sdk) by extensions ['ros']
[1.758s] Level 1:colcon.colcon_core.package_identification:_identify(driver/sdk) by extension 'ros'
[1.759s] DEBUG:colcon.colcon_core.package_identification:Package 'driver/sdk' with type 'ros.ament_python' and name 'sdk'
[1.759s] Level 1:colcon.colcon_core.package_identification:_identify(example) by extensions ['ignore', 'ignore_ament_install']
[1.759s] Level 1:colcon.colcon_core.package_identification:_identify(example) by extension 'ignore'
[1.759s] Level 1:colcon.colcon_core.package_identification:_identify(example) by extension 'ignore_ament_install'
[1.759s] Level 1:colcon.colcon_core.package_identification:_identify(example) by extensions ['colcon_pkg']
[1.759s] Level 1:colcon.colcon_core.package_identification:_identify(example) by extension 'colcon_pkg'
[1.759s] Level 1:colcon.colcon_core.package_identification:_identify(example) by extensions ['colcon_meta']
[1.759s] Level 1:colcon.colcon_core.package_identification:_identify(example) by extension 'colcon_meta'
[1.759s] Level 1:colcon.colcon_core.package_identification:_identify(example) by extensions ['ros']
[1.759s] Level 1:colcon.colcon_core.package_identification:_identify(example) by extension 'ros'
[1.760s] DEBUG:colcon.colcon_core.package_identification:Package 'example' with type 'ros.ament_python' and name 'example'
[1.760s] Level 1:colcon.colcon_core.package_identification:_identify(install) by extensions ['ignore', 'ignore_ament_install']
[1.760s] Level 1:colcon.colcon_core.package_identification:_identify(install) by extension 'ignore'
[1.760s] Level 1:colcon.colcon_core.package_identification:_identify(install) ignored
[1.761s] Level 1:colcon.colcon_core.package_identification:_identify(interfaces) by extensions ['ignore', 'ignore_ament_install']
[1.761s] Level 1:colcon.colcon_core.package_identification:_identify(interfaces) by extension 'ignore'
[1.761s] Level 1:colcon.colcon_core.package_identification:_identify(interfaces) by extension 'ignore_ament_install'
[1.761s] Level 1:colcon.colcon_core.package_identification:_identify(interfaces) by extensions ['colcon_pkg']
[1.761s] Level 1:colcon.colcon_core.package_identification:_identify(interfaces) by extension 'colcon_pkg'
[1.761s] Level 1:colcon.colcon_core.package_identification:_identify(interfaces) by extensions ['colcon_meta']
[1.761s] Level 1:colcon.colcon_core.package_identification:_identify(interfaces) by extension 'colcon_meta'
[1.761s] Level 1:colcon.colcon_core.package_identification:_identify(interfaces) by extensions ['ros']
[1.761s] Level 1:colcon.colcon_core.package_identification:_identify(interfaces) by extension 'ros'
[1.762s] DEBUG:colcon.colcon_core.package_identification:Package 'interfaces' with type 'ros.ament_cmake' and name 'interfaces'
[1.762s] Level 1:colcon.colcon_core.package_identification:_identify(log) by extensions ['ignore', 'ignore_ament_install']
[1.762s] Level 1:colcon.colcon_core.package_identification:_identify(log) by extension 'ignore'
[1.763s] Level 1:colcon.colcon_core.package_identification:_identify(log) ignored
[1.763s] Level 1:colcon.colcon_core.package_identification:_identify(multi) by extensions ['ignore', 'ignore_ament_install']
[1.763s] Level 1:colcon.colcon_core.package_identification:_identify(multi) by extension 'ignore'
[1.763s] Level 1:colcon.colcon_core.package_identification:_identify(multi) by extension 'ignore_ament_install'
[1.763s] Level 1:colcon.colcon_core.package_identification:_identify(multi) by extensions ['colcon_pkg']
[1.763s] Level 1:colcon.colcon_core.package_identification:_identify(multi) by extension 'colcon_pkg'
[1.763s] Level 1:colcon.colcon_core.package_identification:_identify(multi) by extensions ['colcon_meta']
[1.763s] Level 1:colcon.colcon_core.package_identification:_identify(multi) by extension 'colcon_meta'
[1.763s] Level 1:colcon.colcon_core.package_identification:_identify(multi) by extensions ['ros']
[1.763s] Level 1:colcon.colcon_core.package_identification:_identify(multi) by extension 'ros'
[1.764s] DEBUG:colcon.colcon_core.package_identification:Package 'multi' with type 'ros.ament_python' and name 'multi'
[1.764s] Level 1:colcon.colcon_core.package_identification:_identify(navigation) by extensions ['ignore', 'ignore_ament_install']
[1.765s] Level 1:colcon.colcon_core.package_identification:_identify(navigation) by extension 'ignore'
[1.765s] Level 1:colcon.colcon_core.package_identification:_identify(navigation) by extension 'ignore_ament_install'
[1.765s] Level 1:colcon.colcon_core.package_identification:_identify(navigation) by extensions ['colcon_pkg']
[1.765s] Level 1:colcon.colcon_core.package_identification:_identify(navigation) by extension 'colcon_pkg'
[1.765s] Level 1:colcon.colcon_core.package_identification:_identify(navigation) by extensions ['colcon_meta']
[1.765s] Level 1:colcon.colcon_core.package_identification:_identify(navigation) by extension 'colcon_meta'
[1.765s] Level 1:colcon.colcon_core.package_identification:_identify(navigation) by extensions ['ros']
[1.765s] Level 1:colcon.colcon_core.package_identification:_identify(navigation) by extension 'ros'
[1.766s] DEBUG:colcon.colcon_core.package_identification:Package 'navigation' with type 'ros.ament_python' and name 'navigation'
[1.767s] Level 1:colcon.colcon_core.package_identification:_identify(new_sensor) by extensions ['ignore', 'ignore_ament_install']
[1.767s] Level 1:colcon.colcon_core.package_identification:_identify(new_sensor) by extension 'ignore'
[1.767s] Level 1:colcon.colcon_core.package_identification:_identify(new_sensor) by extension 'ignore_ament_install'
[1.767s] Level 1:colcon.colcon_core.package_identification:_identify(new_sensor) by extensions ['colcon_pkg']
[1.767s] Level 1:colcon.colcon_core.package_identification:_identify(new_sensor) by extension 'colcon_pkg'
[1.767s] Level 1:colcon.colcon_core.package_identification:_identify(new_sensor) by extensions ['colcon_meta']
[1.767s] Level 1:colcon.colcon_core.package_identification:_identify(new_sensor) by extension 'colcon_meta'
[1.768s] Level 1:colcon.colcon_core.package_identification:_identify(new_sensor) by extensions ['ros']
[1.768s] Level 1:colcon.colcon_core.package_identification:_identify(new_sensor) by extension 'ros'
[1.768s] DEBUG:colcon.colcon_core.package_identification:Package 'new_sensor' with type 'ros.ament_python' and name 'new_sensor'
[1.769s] Level 1:colcon.colcon_core.package_identification:_identify(peripherals) by extensions ['ignore', 'ignore_ament_install']
[1.769s] Level 1:colcon.colcon_core.package_identification:_identify(peripherals) by extension 'ignore'
[1.769s] Level 1:colcon.colcon_core.package_identification:_identify(peripherals) by extension 'ignore_ament_install'
[1.769s] Level 1:colcon.colcon_core.package_identification:_identify(peripherals) by extensions ['colcon_pkg']
[1.769s] Level 1:colcon.colcon_core.package_identification:_identify(peripherals) by extension 'colcon_pkg'
[1.769s] Level 1:colcon.colcon_core.package_identification:_identify(peripherals) by extensions ['colcon_meta']
[1.769s] Level 1:colcon.colcon_core.package_identification:_identify(peripherals) by extension 'colcon_meta'
[1.769s] Level 1:colcon.colcon_core.package_identification:_identify(peripherals) by extensions ['ros']
[1.769s] Level 1:colcon.colcon_core.package_identification:_identify(peripherals) by extension 'ros'
[1.770s] DEBUG:colcon.colcon_core.package_identification:Package 'peripherals' with type 'ros.ament_python' and name 'peripherals'
[1.770s] Level 1:colcon.colcon_core.package_identification:_identify(simulations) by extensions ['ignore', 'ignore_ament_install']
[1.770s] Level 1:colcon.colcon_core.package_identification:_identify(simulations) by extension 'ignore'
[1.770s] Level 1:colcon.colcon_core.package_identification:_identify(simulations) by extension 'ignore_ament_install'
[1.770s] Level 1:colcon.colcon_core.package_identification:_identify(simulations) by extensions ['colcon_pkg']
[1.770s] Level 1:colcon.colcon_core.package_identification:_identify(simulations) by extension 'colcon_pkg'
[1.770s] Level 1:colcon.colcon_core.package_identification:_identify(simulations) by extensions ['colcon_meta']
[1.770s] Level 1:colcon.colcon_core.package_identification:_identify(simulations) by extension 'colcon_meta'
[1.770s] Level 1:colcon.colcon_core.package_identification:_identify(simulations) by extensions ['ros']
[1.770s] Level 1:colcon.colcon_core.package_identification:_identify(simulations) by extension 'ros'
[1.771s] Level 1:colcon.colcon_core.package_identification:_identify(simulations) by extensions ['cmake', 'python']
[1.771s] Level 1:colcon.colcon_core.package_identification:_identify(simulations) by extension 'cmake'
[1.771s] Level 1:colcon.colcon_core.package_identification:_identify(simulations) by extension 'python'
[1.771s] Level 1:colcon.colcon_core.package_identification:_identify(simulations) by extensions ['python_setup_py']
[1.771s] Level 1:colcon.colcon_core.package_identification:_identify(simulations) by extension 'python_setup_py'
[1.771s] Level 1:colcon.colcon_core.package_identification:_identify(simulations/mentorpi_description) by extensions ['ignore', 'ignore_ament_install']
[1.771s] Level 1:colcon.colcon_core.package_identification:_identify(simulations/mentorpi_description) by extension 'ignore'
[1.771s] Level 1:colcon.colcon_core.package_identification:_identify(simulations/mentorpi_description) by extension 'ignore_ament_install'
[1.771s] Level 1:colcon.colcon_core.package_identification:_identify(simulations/mentorpi_description) by extensions ['colcon_pkg']
[1.771s] Level 1:colcon.colcon_core.package_identification:_identify(simulations/mentorpi_description) by extension 'colcon_pkg'
[1.771s] Level 1:colcon.colcon_core.package_identification:_identify(simulations/mentorpi_description) by extensions ['colcon_meta']
[1.771s] Level 1:colcon.colcon_core.package_identification:_identify(simulations/mentorpi_description) by extension 'colcon_meta'
[1.771s] Level 1:colcon.colcon_core.package_identification:_identify(simulations/mentorpi_description) by extensions ['ros']
[1.771s] Level 1:colcon.colcon_core.package_identification:_identify(simulations/mentorpi_description) by extension 'ros'
[1.772s] DEBUG:colcon.colcon_core.package_identification:Package 'simulations/mentorpi_description' with type 'ros.ament_python' and name 'mentorpi_description'
[1.773s] Level 1:colcon.colcon_core.package_identification:_identify(slam) by extensions ['ignore', 'ignore_ament_install']
[1.773s] Level 1:colcon.colcon_core.package_identification:_identify(slam) by extension 'ignore'
[1.773s] Level 1:colcon.colcon_core.package_identification:_identify(slam) by extension 'ignore_ament_install'
[1.773s] Level 1:colcon.colcon_core.package_identification:_identify(slam) by extensions ['colcon_pkg']
[1.773s] Level 1:colcon.colcon_core.package_identification:_identify(slam) by extension 'colcon_pkg'
[1.773s] Level 1:colcon.colcon_core.package_identification:_identify(slam) by extensions ['colcon_meta']
[1.773s] Level 1:colcon.colcon_core.package_identification:_identify(slam) by extension 'colcon_meta'
[1.773s] Level 1:colcon.colcon_core.package_identification:_identify(slam) by extensions ['ros']
[1.773s] Level 1:colcon.colcon_core.package_identification:_identify(slam) by extension 'ros'
[1.774s] DEBUG:colcon.colcon_core.package_identification:Package 'slam' with type 'ros.ament_python' and name 'slam'
[1.774s] Level 1:colcon.colcon_core.package_identification:_identify(yolov5_ros2) by extensions ['ignore', 'ignore_ament_install']
[1.774s] Level 1:colcon.colcon_core.package_identification:_identify(yolov5_ros2) by extension 'ignore'
[1.774s] Level 1:colcon.colcon_core.package_identification:_identify(yolov5_ros2) by extension 'ignore_ament_install'
[1.774s] Level 1:colcon.colcon_core.package_identification:_identify(yolov5_ros2) by extensions ['colcon_pkg']
[1.774s] Level 1:colcon.colcon_core.package_identification:_identify(yolov5_ros2) by extension 'colcon_pkg'
[1.774s] Level 1:colcon.colcon_core.package_identification:_identify(yolov5_ros2) by extensions ['colcon_meta']
[1.774s] Level 1:colcon.colcon_core.package_identification:_identify(yolov5_ros2) by extension 'colcon_meta'
[1.774s] Level 1:colcon.colcon_core.package_identification:_identify(yolov5_ros2) by extensions ['ros']
[1.774s] Level 1:colcon.colcon_core.package_identification:_identify(yolov5_ros2) by extension 'ros'
[1.776s] DEBUG:colcon.colcon_core.package_identification:Package 'yolov5_ros2' with type 'ros.ament_python' and name 'yolov5_ros2'
[1.776s] Level 1:colcon.colcon_core.package_discovery:discover_packages(recursive) using defaults
[1.776s] Level 1:colcon.colcon_core.package_discovery:discover_packages(ignore) discover
[1.776s] Level 1:colcon.colcon_core.package_discovery:discover_packages(ignore) using defaults
[1.776s] Level 1:colcon.colcon_core.package_discovery:discover_packages(path) discover
[1.776s] Level 1:colcon.colcon_core.package_discovery:discover_packages(path) using defaults
[1.897s] INFO:colcon.colcon_core.package_selection:Skipping not selected package 'app' in 'app'
[1.897s] INFO:colcon.colcon_core.package_selection:Skipping not selected package 'bringup' in 'bringup'
[1.897s] INFO:colcon.colcon_core.package_selection:Skipping not selected package 'calibration' in 'calibration'
[1.897s] INFO:colcon.colcon_core.package_selection:Skipping not selected package 'controller' in 'driver/controller'
[1.897s] INFO:colcon.colcon_core.package_selection:Skipping not selected package 'example' in 'example'
[1.897s] INFO:colcon.colcon_core.package_selection:Skipping not selected package 'interfaces' in 'interfaces'
[1.897s] INFO:colcon.colcon_core.package_selection:Skipping not selected package 'mentorpi_description' in 'simulations/mentorpi_description'
[1.897s] INFO:colcon.colcon_core.package_selection:Skipping not selected package 'multi' in 'multi'
[1.897s] INFO:colcon.colcon_core.package_selection:Skipping not selected package 'navigation' in 'navigation'
[1.897s] INFO:colcon.colcon_core.package_selection:Skipping not selected package 'new_sensor' in 'new_sensor'
[1.897s] INFO:colcon.colcon_core.package_selection:Skipping not selected package 'peripherals' in 'peripherals'
[1.897s] INFO:colcon.colcon_core.package_selection:Skipping not selected package 'ros_robot_controller' in 'driver/ros_robot_controller'
[1.897s] INFO:colcon.colcon_core.package_selection:Skipping not selected package 'ros_robot_controller_msgs' in 'driver/ros_robot_controller_msgs'
[1.897s] INFO:colcon.colcon_core.package_selection:Skipping not selected package 'sdk' in 'driver/sdk'
[1.897s] INFO:colcon.colcon_core.package_selection:Skipping not selected package 'slam' in 'slam'
[1.915s] Level 5:colcon.colcon_core.verb:set package 'yolov5_ros2' build argument 'cmake_args' from command line to 'None'
[1.916s] Level 5:colcon.colcon_core.verb:set package 'yolov5_ros2' build argument 'cmake_target' from command line to 'None'
[1.916s] Level 5:colcon.colcon_core.verb:set package 'yolov5_ros2' build argument 'cmake_target_skip_unavailable' from command line to 'False'
[1.916s] Level 5:colcon.colcon_core.verb:set package 'yolov5_ros2' build argument 'cmake_clean_cache' from command line to 'False'
[1.916s] Level 5:colcon.colcon_core.verb:set package 'yolov5_ros2' build argument 'cmake_clean_first' from command line to 'False'
[1.916s] Level 5:colcon.colcon_core.verb:set package 'yolov5_ros2' build argument 'cmake_force_configure' from command line to 'False'
[1.916s] Level 5:colcon.colcon_core.verb:set package 'yolov5_ros2' build argument 'ament_cmake_args' from command line to 'None'
[1.916s] Level 5:colcon.colcon_core.verb:set package 'yolov5_ros2' build argument 'catkin_cmake_args' from command line to 'None'
[1.916s] Level 5:colcon.colcon_core.verb:set package 'yolov5_ros2' build argument 'catkin_skip_building_tests' from command line to 'False'
[1.916s] DEBUG:colcon.colcon_core.verb:Building package 'yolov5_ros2' with the following arguments: {'ament_cmake_args': None, 'build_base': '/home/ubuntu/ros2_ws/src/build/yolov5_ros2', 'catkin_cmake_args': None, 'catkin_skip_building_tests': False, 'cmake_args': None, 'cmake_clean_cache': False, 'cmake_clean_first': False, 'cmake_force_configure': False, 'cmake_target': None, 'cmake_target_skip_unavailable': False, 'install_base': '/home/ubuntu/ros2_ws/src/install/yolov5_ros2', 'merge_install': False, 'path': '/home/ubuntu/ros2_ws/src/yolov5_ros2', 'symlink_install': False, 'test_result_base': None}
[1.934s] INFO:colcon.colcon_core.executor:Executing jobs using 'parallel' executor
[1.953s] DEBUG:colcon.colcon_parallel_executor.executor.parallel:run_until_complete
[1.953s] INFO:colcon.colcon_ros.task.ament_python.build:Building ROS package in '/home/ubuntu/ros2_ws/src/yolov5_ros2' with build type 'ament_python'
[1.953s] Level 1:colcon.colcon_core.shell:create_environment_hook('yolov5_ros2', 'ament_prefix_path')
[1.982s] INFO:colcon.colcon_core.plugin_system:Skipping extension 'colcon_core.shell.bat': Not used on non-Windows systems
[1.983s] INFO:colcon.colcon_core.shell:Creating environment hook '/home/ubuntu/ros2_ws/src/install/yolov5_ros2/share/yolov5_ros2/hook/ament_prefix_path.ps1'
[1.986s] INFO:colcon.colcon_core.shell:Creating environment descriptor '/home/ubuntu/ros2_ws/src/install/yolov5_ros2/share/yolov5_ros2/hook/ament_prefix_path.dsv'
[1.988s] INFO:colcon.colcon_core.shell:Creating environment hook '/home/ubuntu/ros2_ws/src/install/yolov5_ros2/share/yolov5_ros2/hook/ament_prefix_path.sh'
[2.008s] INFO:colcon.colcon_core.shell:Skip shell extension 'powershell' for command environment: Not usable outside of PowerShell
[2.008s] DEBUG:colcon.colcon_core.shell:Skip shell extension 'dsv' for command environment
[2.414s] WARNING:colcon.colcon_ros.task.ament_python.build:Package 'yolov5_ros2' doesn't explicitly install a marker in the package index (colcon-ros currently does it implicitly but that fallback will be removed in the future)
[2.415s] INFO:colcon.colcon_core.task.python.build:Building Python package in '/home/ubuntu/ros2_ws/src/yolov5_ros2'
[2.435s] INFO:colcon.colcon_core.shell:Skip shell extension 'powershell' for command environment: Not usable outside of PowerShell
[2.435s] DEBUG:colcon.colcon_core.shell:Skip shell extension 'dsv' for command environment
[3.453s] DEBUG:colcon.colcon_core.event_handler.log_command:Invoking command in '/home/ubuntu/ros2_ws/src/build/yolov5_ros2': PYTHONPATH=/home/ubuntu/ros2_ws/src/build/yolov5_ros2/prefix_override:/home/ubuntu/ros2_ws/src/install/yolov5_ros2/lib/python3.10/site-packages:${PYTHONPATH} /usr/bin/python3 setup.py develop --uninstall --editable --build-directory /home/ubuntu/ros2_ws/src/build/yolov5_ros2/build
[4.232s] DEBUG:colcon.colcon_core.event_handler.log_command:Invoked command in '/home/ubuntu/ros2_ws/src/build/yolov5_ros2' returned '0': PYTHONPATH=/home/ubuntu/ros2_ws/src/build/yolov5_ros2/prefix_override:/home/ubuntu/ros2_ws/src/install/yolov5_ros2/lib/python3.10/site-packages:${PYTHONPATH} /usr/bin/python3 setup.py develop --uninstall --editable --build-directory /home/ubuntu/ros2_ws/src/build/yolov5_ros2/build
[4.233s] DEBUG:colcon.colcon_core.event_handler.log_command:Invoking command in '/home/ubuntu/ros2_ws/src/yolov5_ros2': PYTHONPATH=/home/ubuntu/ros2_ws/src/build/yolov5_ros2/prefix_override:/home/ubuntu/ros2_ws/src/install/yolov5_ros2/lib/python3.10/site-packages:${PYTHONPATH} /usr/bin/python3 setup.py egg_info --egg-base ../build/yolov5_ros2 build --build-base /home/ubuntu/ros2_ws/src/build/yolov5_ros2/build install --record /home/ubuntu/ros2_ws/src/build/yolov5_ros2/install.log --single-version-externally-managed
[6.026s] DEBUG:colcon.colcon_core.event_handler.log_command:Invoked command in '/home/ubuntu/ros2_ws/src/yolov5_ros2' returned '0': PYTHONPATH=/home/ubuntu/ros2_ws/src/build/yolov5_ros2/prefix_override:/home/ubuntu/ros2_ws/src/install/yolov5_ros2/lib/python3.10/site-packages:${PYTHONPATH} /usr/bin/python3 setup.py egg_info --egg-base ../build/yolov5_ros2 build --build-base /home/ubuntu/ros2_ws/src/build/yolov5_ros2/build install --record /home/ubuntu/ros2_ws/src/build/yolov5_ros2/install.log --single-version-externally-managed
[6.054s] Level 1:colcon.colcon_core.environment:checking '/home/ubuntu/ros2_ws/src/install/yolov5_ros2' for CMake module files
[6.055s] Level 1:colcon.colcon_core.environment:checking '/home/ubuntu/ros2_ws/src/install/yolov5_ros2' for CMake config files
[6.057s] Level 1:colcon.colcon_core.environment:checking '/home/ubuntu/ros2_ws/src/install/yolov5_ros2/lib'
[6.057s] Level 1:colcon.colcon_core.environment:checking '/home/ubuntu/ros2_ws/src/install/yolov5_ros2/bin'
[6.057s] Level 1:colcon.colcon_core.environment:checking '/home/ubuntu/ros2_ws/src/install/yolov5_ros2/lib/pkgconfig/yolov5_ros2.pc'
[6.058s] Level 1:colcon.colcon_core.environment:checking '/home/ubuntu/ros2_ws/src/install/yolov5_ros2/lib/python3.10/site-packages'
[6.058s] Level 1:colcon.colcon_core.shell:create_environment_hook('yolov5_ros2', 'pythonpath')
[6.076s] INFO:colcon.colcon_core.shell:Creating environment hook '/home/ubuntu/ros2_ws/src/install/yolov5_ros2/share/yolov5_ros2/hook/pythonpath.ps1'
[6.077s] INFO:colcon.colcon_core.shell:Creating environment descriptor '/home/ubuntu/ros2_ws/src/install/yolov5_ros2/share/yolov5_ros2/hook/pythonpath.dsv'
[6.078s] INFO:colcon.colcon_core.shell:Creating environment hook '/home/ubuntu/ros2_ws/src/install/yolov5_ros2/share/yolov5_ros2/hook/pythonpath.sh'
[6.079s] Level 1:colcon.colcon_core.environment:checking '/home/ubuntu/ros2_ws/src/install/yolov5_ros2/bin'
[6.079s] Level 1:colcon.colcon_core.environment:create_environment_scripts_only(yolov5_ros2)
[6.099s] INFO:colcon.colcon_core.shell:Creating package script '/home/ubuntu/ros2_ws/src/install/yolov5_ros2/share/yolov5_ros2/package.ps1'
[6.100s] INFO:colcon.colcon_core.shell:Creating package descriptor '/home/ubuntu/ros2_ws/src/install/yolov5_ros2/share/yolov5_ros2/package.dsv'
[6.102s] INFO:colcon.colcon_core.shell:Creating package script '/home/ubuntu/ros2_ws/src/install/yolov5_ros2/share/yolov5_ros2/package.sh'
[6.103s] INFO:colcon.colcon_core.shell:Creating package script '/home/ubuntu/ros2_ws/src/install/yolov5_ros2/share/yolov5_ros2/package.bash'
[6.105s] INFO:colcon.colcon_core.shell:Creating package script '/home/ubuntu/ros2_ws/src/install/yolov5_ros2/share/yolov5_ros2/package.zsh'
[6.107s] Level 1:colcon.colcon_core.environment:create_file_with_runtime_dependencies(/home/ubuntu/ros2_ws/src/install/yolov5_ros2/share/colcon-core/packages/yolov5_ros2)
[6.108s] DEBUG:colcon.colcon_parallel_executor.executor.parallel:closing loop
[6.108s] DEBUG:colcon.colcon_parallel_executor.executor.parallel:loop closed
[6.108s] DEBUG:colcon.colcon_parallel_executor.executor.parallel:run_until_complete finished with '0'
[6.108s] DEBUG:colcon.colcon_core.event_reactor:joining thread
[6.138s] INFO:colcon.colcon_core.plugin_system:Skipping extension 'colcon_notification.desktop_notification.notify_send': Could not find 'notify-send'
[6.139s] INFO:colcon.colcon_core.plugin_system:Skipping extension 'colcon_notification.desktop_notification.terminal_notifier': Not used on non-Darwin systems
[6.139s] INFO:colcon.colcon_core.plugin_system:Skipping extension 'colcon_notification.desktop_notification.win32': Not used on non-Windows systems
[6.139s] INFO:colcon.colcon_notification.desktop_notification:Sending desktop notification using 'notify2'
[6.143s] DEBUG:colcon.colcon_notification.desktop_notification.notify2:Failed to initialize notify2: org.freedesktop.DBus.Error.ServiceUnknown: The name org.freedesktop.Notifications was not provided by any .service files
[6.143s] DEBUG:colcon.colcon_core.event_reactor:joined thread
[6.163s] INFO:colcon.colcon_core.shell:Creating prefix script '/home/ubuntu/ros2_ws/src/install/local_setup.ps1'
[6.165s] INFO:colcon.colcon_core.shell:Creating prefix util module '/home/ubuntu/ros2_ws/src/install/_local_setup_util_ps1.py'
[6.185s] INFO:colcon.colcon_core.shell:Creating prefix chain script '/home/ubuntu/ros2_ws/src/install/setup.ps1'
[6.206s] INFO:colcon.colcon_core.shell:Creating prefix script '/home/ubuntu/ros2_ws/src/install/local_setup.sh'
[6.208s] INFO:colcon.colcon_core.shell:Creating prefix util module '/home/ubuntu/ros2_ws/src/install/_local_setup_util_sh.py'
[6.209s] INFO:colcon.colcon_core.shell:Creating prefix chain script '/home/ubuntu/ros2_ws/src/install/setup.sh'
[6.230s] INFO:colcon.colcon_core.shell:Creating prefix script '/home/ubuntu/ros2_ws/src/install/local_setup.bash'
[6.231s] INFO:colcon.colcon_core.shell:Creating prefix chain script '/home/ubuntu/ros2_ws/src/install/setup.bash'
[6.252s] INFO:colcon.colcon_core.shell:Creating prefix script '/home/ubuntu/ros2_ws/src/install/local_setup.zsh'
[6.254s] INFO:colcon.colcon_core.shell:Creating prefix chain script '/home/ubuntu/ros2_ws/src/install/setup.zsh'
