[1.519s] Invoking command in '/home/ubuntu/ros2_ws/src/build/new_sensor': PYTHONPATH=/home/ubuntu/ros2_ws/src/build/new_sensor/prefix_override:/home/ubuntu/ros2_ws/src/install/new_sensor/lib/python3.10/site-packages:${PYTHONPATH} /usr/bin/python3 setup.py develop --editable --build-directory /home/ubuntu/ros2_ws/src/build/new_sensor/build --no-deps install_data
[1.973s] running develop
[1.973s] /home/ubuntu/.local/lib/python3.10/site-packages/setuptools/command/develop.py:42: EasyInstallDeprecationWarning: easy_install command is deprecated.
[1.973s] !!
[1.973s] 
[1.973s]         ********************************************************************************
[1.973s]         Please avoid running ``setup.py`` and ``easy_install``.
[1.973s]         Instead, use pypa/build, pypa/installer or other
[1.973s]         standards-based tools.
[1.973s] 
[1.973s]         See https://github.com/pypa/setuptools/issues/917 for details.
[1.974s]         ********************************************************************************
[1.974s] 
[1.974s] !!
[1.974s]   easy_install.initialize_options(self)
[2.012s] /home/ubuntu/.local/lib/python3.10/site-packages/setuptools/_distutils/cmd.py:66: SetuptoolsDeprecationWarning: setup.py install is deprecated.
[2.012s] !!
[2.012s] 
[2.012s]         ********************************************************************************
[2.012s]         Please avoid running ``setup.py`` directly.
[2.012s]         Instead, use pypa/build, pypa/installer or other
[2.012s]         standards-based tools.
[2.012s] 
[2.012s]         See https://blog.ganssle.io/articles/2021/10/setup-py-deprecated.html for details.
[2.012s]         ********************************************************************************
[2.012s] 
[2.012s] !!
[2.013s]   self.initialize_options()
[2.262s] running egg_info
[2.285s] writing new_sensor.egg-info/PKG-INFO
[2.285s] writing dependency_links to new_sensor.egg-info/dependency_links.txt
[2.286s] writing entry points to new_sensor.egg-info/entry_points.txt
[2.287s] writing requirements to new_sensor.egg-info/requires.txt
[2.287s] writing top-level names to new_sensor.egg-info/top_level.txt
[2.331s] reading manifest file 'new_sensor.egg-info/SOURCES.txt'
[2.332s] writing manifest file 'new_sensor.egg-info/SOURCES.txt'
[2.373s] running build_ext
[2.373s] Creating /home/ubuntu/ros2_ws/src/install/new_sensor/lib/python3.10/site-packages/new-sensor.egg-link (link to .)
[2.374s] Installing new_sensor script to /home/ubuntu/ros2_ws/src/install/new_sensor/lib/new_sensor
[2.375s] Installing yolosub script to /home/ubuntu/ros2_ws/src/install/new_sensor/lib/new_sensor
[2.375s] 
[2.375s] Installed /home/ubuntu/ros2_ws/src/build/new_sensor
[2.375s] running install_data
[2.375s] copying package.xml -> /home/ubuntu/ros2_ws/src/install/new_sensor/share/new_sensor
[2.458s] Invoked command in '/home/ubuntu/ros2_ws/src/build/new_sensor' returned '0': PYTHONPATH=/home/ubuntu/ros2_ws/src/build/new_sensor/prefix_override:/home/ubuntu/ros2_ws/src/install/new_sensor/lib/python3.10/site-packages:${PYTHONPATH} /usr/bin/python3 setup.py develop --editable --build-directory /home/ubuntu/ros2_ws/src/build/new_sensor/build --no-deps install_data
