running develop
running egg_info
writing slam.egg-info/PKG-INFO
writing dependency_links to slam.egg-info/dependency_links.txt
writing entry points to slam.egg-info/entry_points.txt
writing requirements to slam.egg-info/requires.txt
writing top-level names to slam.egg-info/top_level.txt
reading manifest file 'slam.egg-info/SOURCES.txt'
writing manifest file 'slam.egg-info/SOURCES.txt'
running build_ext
Creating /home/ubuntu/ros2_ws/src/install/slam/lib/python3.10/site-packages/slam.egg-link (link to .)
Installing map_save script to /home/ubuntu/ros2_ws/src/install/slam/lib/slam

Installed /home/ubuntu/ros2_ws/src/build/slam
running install_data
creating /home/ubuntu/ros2_ws/src/install/slam/share/ament_index
creating /home/ubuntu/ros2_ws/src/install/slam/share/ament_index/resource_index
creating /home/ubuntu/ros2_ws/src/install/slam/share/ament_index/resource_index/packages
copying resource/slam -> /home/ubuntu/ros2_ws/src/install/slam/share/ament_index/resource_index/packages
copying package.xml -> /home/ubuntu/ros2_ws/src/install/slam/share/slam
creating /home/ubuntu/ros2_ws/src/install/slam/share/slam/launch
copying launch/rtabmap_slam.launch.py -> /home/ubuntu/ros2_ws/src/install/slam/share/slam/launch
copying launch/slam.launch.py -> /home/ubuntu/ros2_ws/src/install/slam/share/slam/launch
copying launch/rviz_rtabmap.launch.py -> /home/ubuntu/ros2_ws/src/install/slam/share/slam/launch
copying launch/rtabmap_slam0.launch.py -> /home/ubuntu/ros2_ws/src/install/slam/share/slam/launch
copying launch/rviz_slam.launch.py -> /home/ubuntu/ros2_ws/src/install/slam/share/slam/launch
creating /home/ubuntu/ros2_ws/src/install/slam/share/slam/launch/include
copying launch/include/robot.launch.py -> /home/ubuntu/ros2_ws/src/install/slam/share/slam/launch/include
copying launch/include/rtabmap.launch.py -> /home/ubuntu/ros2_ws/src/install/slam/share/slam/launch/include
copying launch/include/slam_base.launch.py -> /home/ubuntu/ros2_ws/src/install/slam/share/slam/launch/include
creating /home/ubuntu/ros2_ws/src/install/slam/share/slam/config
copying config/slam.yaml -> /home/ubuntu/ros2_ws/src/install/slam/share/slam/config
creating /home/ubuntu/ros2_ws/src/install/slam/share/slam/rviz
copying rviz/rtabmap.rviz -> /home/ubuntu/ros2_ws/src/install/slam/share/slam/rviz
copying rviz/slam.rviz -> /home/ubuntu/ros2_ws/src/install/slam/share/slam/rviz
copying rviz/slam_desktop.rviz -> /home/ubuntu/ros2_ws/src/install/slam/share/slam/rviz
creating /home/ubuntu/ros2_ws/src/install/slam/share/slam/maps
copying maps/map_01.yaml -> /home/ubuntu/ros2_ws/src/install/slam/share/slam/maps
copying maps/map_01.pgm -> /home/ubuntu/ros2_ws/src/install/slam/share/slam/maps
