[1.521s] Invoking command in '/home/ubuntu/ros2_ws/src/build/yolov5_ros2': PYTHONPATH=/home/ubuntu/ros2_ws/src/build/yolov5_ros2/prefix_override:/home/ubuntu/ros2_ws/src/install/yolov5_ros2/lib/python3.10/site-packages:${PYTHONPATH} /usr/bin/python3 setup.py develop --editable --build-directory /home/ubuntu/ros2_ws/src/build/yolov5_ros2/build --no-deps install_data
[1.956s] running develop
[1.957s] /home/ubuntu/.local/lib/python3.10/site-packages/setuptools/command/develop.py:42: EasyInstallDeprecationWarning: easy_install command is deprecated.
[1.957s] !!
[1.957s] 
[1.957s]         ********************************************************************************
[1.957s]         Please avoid running ``setup.py`` and ``easy_install``.
[1.957s]         Instead, use pypa/build, pypa/installer or other
[1.957s]         standards-based tools.
[1.957s] 
[1.957s]         See https://github.com/pypa/setuptools/issues/917 for details.
[1.957s]         ********************************************************************************
[1.957s] 
[1.957s] !!
[1.957s]   easy_install.initialize_options(self)
[1.996s] /home/ubuntu/.local/lib/python3.10/site-packages/setuptools/_distutils/cmd.py:66: SetuptoolsDeprecationWarning: setup.py install is deprecated.
[1.996s] !!
[1.996s] 
[1.996s]         ********************************************************************************
[1.996s]         Please avoid running ``setup.py`` directly.
[1.996s]         Instead, use pypa/build, pypa/installer or other
[1.996s]         standards-based tools.
[1.996s] 
[1.996s]         See https://blog.ganssle.io/articles/2021/10/setup-py-deprecated.html for details.
[1.996s]         ********************************************************************************
[1.996s] 
[1.996s] !!
[1.996s]   self.initialize_options()
[2.233s] running egg_info
[2.251s] writing yolov5_ros2.egg-info/PKG-INFO
[2.252s] writing dependency_links to yolov5_ros2.egg-info/dependency_links.txt
[2.253s] writing entry points to yolov5_ros2.egg-info/entry_points.txt
[2.253s] writing requirements to yolov5_ros2.egg-info/requires.txt
[2.254s] writing top-level names to yolov5_ros2.egg-info/top_level.txt
[2.298s] reading manifest file 'yolov5_ros2.egg-info/SOURCES.txt'
[2.299s] writing manifest file 'yolov5_ros2.egg-info/SOURCES.txt'
[2.321s] running build_ext
[2.323s] Creating /home/ubuntu/ros2_ws/src/install/yolov5_ros2/lib/python3.10/site-packages/yolov5-ros2.egg-link (link to .)
[2.327s] Installing yolo_detect script to /home/ubuntu/ros2_ws/src/install/yolov5_ros2/lib/yolov5_ros2
[2.328s] 
[2.328s] Installed /home/ubuntu/ros2_ws/src/build/yolov5_ros2
[2.328s] running install_data
[2.329s] copying launch/yolov5_ros2.launch.py -> /home/ubuntu/ros2_ws/src/install/yolov5_ros2/share/yolov5_ros2/launch
[2.329s] copying config/best.pt -> /home/ubuntu/ros2_ws/src/install/yolov5_ros2/share/yolov5_ros2/config
[2.857s] copying config/traffic_signs.pt -> /home/ubuntu/ros2_ws/src/install/yolov5_ros2/share/yolov5_ros2/config
[2.965s] Invoked command in '/home/ubuntu/ros2_ws/src/build/yolov5_ros2' returned '0': PYTHONPATH=/home/ubuntu/ros2_ws/src/build/yolov5_ros2/prefix_override:/home/ubuntu/ros2_ws/src/install/yolov5_ros2/lib/python3.10/site-packages:${PYTHONPATH} /usr/bin/python3 setup.py develop --editable --build-directory /home/ubuntu/ros2_ws/src/build/yolov5_ros2/build --no-deps install_data
