running develop
/home/ubuntu/.local/lib/python3.10/site-packages/setuptools/command/develop.py:42: EasyInstallDeprecationWarning: easy_install command is deprecated.
!!

        ********************************************************************************
        Please avoid running ``setup.py`` and ``easy_install``.
        Instead, use pypa/build, pypa/installer or other
        standards-based tools.

        See https://github.com/pypa/setuptools/issues/917 for details.
        ********************************************************************************

!!
  easy_install.initialize_options(self)
/home/ubuntu/.local/lib/python3.10/site-packages/setuptools/_distutils/cmd.py:66: SetuptoolsDeprecationWarning: setup.py install is deprecated.
!!

        ********************************************************************************
        Please avoid running ``setup.py`` directly.
        Instead, use pypa/build, pypa/installer or other
        standards-based tools.

        See https://blog.ganssle.io/articles/2021/10/setup-py-deprecated.html for details.
        ********************************************************************************

!!
  self.initialize_options()
running egg_info
writing new_sensor.egg-info/PKG-INFO
writing dependency_links to new_sensor.egg-info/dependency_links.txt
writing entry points to new_sensor.egg-info/entry_points.txt
writing requirements to new_sensor.egg-info/requires.txt
writing top-level names to new_sensor.egg-info/top_level.txt
reading manifest file 'new_sensor.egg-info/SOURCES.txt'
writing manifest file 'new_sensor.egg-info/SOURCES.txt'
running build_ext
Creating /home/ubuntu/ros2_ws/src/install/new_sensor/lib/python3.10/site-packages/new-sensor.egg-link (link to .)
Installing new_sensor script to /home/ubuntu/ros2_ws/src/install/new_sensor/lib/new_sensor
Installing subscribe script to /home/ubuntu/ros2_ws/src/install/new_sensor/lib/new_sensor

Installed /home/ubuntu/ros2_ws/src/build/new_sensor
running install_data
copying package.xml -> /home/ubuntu/ros2_ws/src/install/new_sensor/share/new_sensor
