running develop
running egg_info
writing ../build/yolov5_ros2/yolov5_ros2.egg-info/PKG-INFO
writing dependency_links to ../build/yolov5_ros2/yolov5_ros2.egg-info/dependency_links.txt
writing entry points to ../build/yolov5_ros2/yolov5_ros2.egg-info/entry_points.txt
writing requirements to ../build/yolov5_ros2/yolov5_ros2.egg-info/requires.txt
writing top-level names to ../build/yolov5_ros2/yolov5_ros2.egg-info/top_level.txt
reading manifest file '../build/yolov5_ros2/yolov5_ros2.egg-info/SOURCES.txt'
writing manifest file '../build/yolov5_ros2/yolov5_ros2.egg-info/SOURCES.txt'
running build
running build_py
creating /home/ubuntu/ros2_ws/src/build/yolov5_ros2/build
creating /home/ubuntu/ros2_ws/src/build/yolov5_ros2/build/lib
creating /home/ubuntu/ros2_ws/src/build/yolov5_ros2/build/lib/yolov5_ros2
copying yolov5_ros2/__init__.py -> /home/ubuntu/ros2_ws/src/build/yolov5_ros2/build/lib/yolov5_ros2
copying yolov5_ros2/fps.py -> /home/ubuntu/ros2_ws/src/build/yolov5_ros2/build/lib/yolov5_ros2
copying yolov5_ros2/yolo_detect.py -> /home/ubuntu/ros2_ws/src/build/yolov5_ros2/build/lib/yolov5_ros2
copying yolov5_ros2/cv_tool.py -> /home/ubuntu/ros2_ws/src/build/yolov5_ros2/build/lib/yolov5_ros2
running install
running install_lib
creating /home/ubuntu/ros2_ws/src/install/yolov5_ros2/lib/python3.10/site-packages/yolov5_ros2
copying /home/ubuntu/ros2_ws/src/build/yolov5_ros2/build/lib/yolov5_ros2/__init__.py -> /home/ubuntu/ros2_ws/src/install/yolov5_ros2/lib/python3.10/site-packages/yolov5_ros2
copying /home/ubuntu/ros2_ws/src/build/yolov5_ros2/build/lib/yolov5_ros2/fps.py -> /home/ubuntu/ros2_ws/src/install/yolov5_ros2/lib/python3.10/site-packages/yolov5_ros2
copying /home/ubuntu/ros2_ws/src/build/yolov5_ros2/build/lib/yolov5_ros2/yolo_detect.py -> /home/ubuntu/ros2_ws/src/install/yolov5_ros2/lib/python3.10/site-packages/yolov5_ros2
copying /home/ubuntu/ros2_ws/src/build/yolov5_ros2/build/lib/yolov5_ros2/cv_tool.py -> /home/ubuntu/ros2_ws/src/install/yolov5_ros2/lib/python3.10/site-packages/yolov5_ros2
byte-compiling /home/ubuntu/ros2_ws/src/install/yolov5_ros2/lib/python3.10/site-packages/yolov5_ros2/__init__.py to __init__.cpython-310.pyc
byte-compiling /home/ubuntu/ros2_ws/src/install/yolov5_ros2/lib/python3.10/site-packages/yolov5_ros2/fps.py to fps.cpython-310.pyc
byte-compiling /home/ubuntu/ros2_ws/src/install/yolov5_ros2/lib/python3.10/site-packages/yolov5_ros2/yolo_detect.py to yolo_detect.cpython-310.pyc
byte-compiling /home/ubuntu/ros2_ws/src/install/yolov5_ros2/lib/python3.10/site-packages/yolov5_ros2/cv_tool.py to cv_tool.cpython-310.pyc
running install_data
copying package.xml -> /home/ubuntu/ros2_ws/src/install/yolov5_ros2/share/yolov5_ros2
creating /home/ubuntu/ros2_ws/src/install/yolov5_ros2/share/yolov5_ros2/launch
copying launch/yolov5_ros2.launch.py -> /home/ubuntu/ros2_ws/src/install/yolov5_ros2/share/yolov5_ros2/launch
creating /home/ubuntu/ros2_ws/src/install/yolov5_ros2/share/yolov5_ros2/config
copying config/yolov5s.pt -> /home/ubuntu/ros2_ws/src/install/yolov5_ros2/share/yolov5_ros2/config
copying config/traffic_signs_640s_7_0.pt -> /home/ubuntu/ros2_ws/src/install/yolov5_ros2/share/yolov5_ros2/config
copying config/camera_info.yaml -> /home/ubuntu/ros2_ws/src/install/yolov5_ros2/share/yolov5_ros2/config
copying config/best.pt -> /home/ubuntu/ros2_ws/src/install/yolov5_ros2/share/yolov5_ros2/config
copying config/garbage_classification.pt -> /home/ubuntu/ros2_ws/src/install/yolov5_ros2/share/yolov5_ros2/config
creating /home/ubuntu/ros2_ws/src/install/yolov5_ros2/share/yolov5_ros2/resource
copying resource/mouse.png -> /home/ubuntu/ros2_ws/src/install/yolov5_ros2/share/yolov5_ros2/resource
copying resource/fish.jpg -> /home/ubuntu/ros2_ws/src/install/yolov5_ros2/share/yolov5_ros2/resource
copying resource/yolov5_ros2 -> /home/ubuntu/ros2_ws/src/install/yolov5_ros2/share/yolov5_ros2/resource
running install_egg_info
Copying ../build/yolov5_ros2/yolov5_ros2.egg-info to /home/ubuntu/ros2_ws/src/install/yolov5_ros2/lib/python3.10/site-packages/yolov5_ros2-0.0.0-py3.10.egg-info
running install_scripts
Installing yolo_detect script to /home/ubuntu/ros2_ws/src/install/yolov5_ros2/lib/yolov5_ros2
writing list of installed files to '/home/ubuntu/ros2_ws/src/build/yolov5_ros2/install.log'
