[1.476s] Invoking command in '/home/ubuntu/ros2_ws/src/build/yolov5_ros2': PYTHONPATH=/home/ubuntu/ros2_ws/src/build/yolov5_ros2/prefix_override:/home/ubuntu/ros2_ws/src/install/yolov5_ros2/lib/python3.10/site-packages:${PYTHONPATH} /usr/bin/python3 setup.py develop --uninstall --editable --build-directory /home/ubuntu/ros2_ws/src/build/yolov5_ros2/build
[1.911s] running develop
[1.911s] /home/ubuntu/.local/lib/python3.10/site-packages/setuptools/command/develop.py:42: EasyInstallDeprecationWarning: easy_install command is deprecated.
[1.911s] !!
[1.911s] 
[1.911s]         ********************************************************************************
[1.911s]         Please avoid running ``setup.py`` and ``easy_install``.
[1.911s]         Instead, use pypa/build, pypa/installer or other
[1.911s]         standards-based tools.
[1.912s] 
[1.912s]         See https://github.com/pypa/setuptools/issues/917 for details.
[1.912s]         ********************************************************************************
[1.912s] 
[1.912s] !!
[1.912s]   easy_install.initialize_options(self)
[1.952s] /home/ubuntu/.local/lib/python3.10/site-packages/setuptools/_distutils/cmd.py:66: SetuptoolsDeprecationWarning: setup.py install is deprecated.
[1.952s] !!
[1.952s] 
[1.952s]         ********************************************************************************
[1.952s]         Please avoid running ``setup.py`` directly.
[1.952s]         Instead, use pypa/build, pypa/installer or other
[1.952s]         standards-based tools.
[1.952s] 
[1.952s]         See https://blog.ganssle.io/articles/2021/10/setup-py-deprecated.html for details.
[1.952s]         ********************************************************************************
[1.952s] 
[1.952s] !!
[1.952s]   self.initialize_options()
[2.265s] Invoked command in '/home/ubuntu/ros2_ws/src/build/yolov5_ros2' returned '0': PYTHONPATH=/home/ubuntu/ros2_ws/src/build/yolov5_ros2/prefix_override:/home/ubuntu/ros2_ws/src/install/yolov5_ros2/lib/python3.10/site-packages:${PYTHONPATH} /usr/bin/python3 setup.py develop --uninstall --editable --build-directory /home/ubuntu/ros2_ws/src/build/yolov5_ros2/build
[2.267s] Invoking command in '/home/ubuntu/ros2_ws/src/yolov5_ros2': PYTHONPATH=/home/ubuntu/ros2_ws/src/build/yolov5_ros2/prefix_override:/home/ubuntu/ros2_ws/src/install/yolov5_ros2/lib/python3.10/site-packages:${PYTHONPATH} /usr/bin/python3 setup.py egg_info --egg-base ../build/yolov5_ros2 build --build-base /home/ubuntu/ros2_ws/src/build/yolov5_ros2/build install --record /home/ubuntu/ros2_ws/src/build/yolov5_ros2/install.log --single-version-externally-managed
[2.601s] running egg_info
[2.622s] writing ../build/yolov5_ros2/yolov5_ros2.egg-info/PKG-INFO
[2.624s] writing dependency_links to ../build/yolov5_ros2/yolov5_ros2.egg-info/dependency_links.txt
[2.626s] writing entry points to ../build/yolov5_ros2/yolov5_ros2.egg-info/entry_points.txt
[2.630s] writing requirements to ../build/yolov5_ros2/yolov5_ros2.egg-info/requires.txt
[2.633s] writing top-level names to ../build/yolov5_ros2/yolov5_ros2.egg-info/top_level.txt
[2.810s] reading manifest file '../build/yolov5_ros2/yolov5_ros2.egg-info/SOURCES.txt'
[2.811s] writing manifest file '../build/yolov5_ros2/yolov5_ros2.egg-info/SOURCES.txt'
[2.816s] running build
[2.816s] running build_py
[2.816s] creating /home/ubuntu/ros2_ws/src/build/yolov5_ros2/build
[2.816s] creating /home/ubuntu/ros2_ws/src/build/yolov5_ros2/build/lib
[2.816s] creating /home/ubuntu/ros2_ws/src/build/yolov5_ros2/build/lib/yolov5_ros2
[2.816s] copying yolov5_ros2/__init__.py -> /home/ubuntu/ros2_ws/src/build/yolov5_ros2/build/lib/yolov5_ros2
[2.816s] copying yolov5_ros2/fps.py -> /home/ubuntu/ros2_ws/src/build/yolov5_ros2/build/lib/yolov5_ros2
[2.817s] copying yolov5_ros2/yolo_detect.py -> /home/ubuntu/ros2_ws/src/build/yolov5_ros2/build/lib/yolov5_ros2
[2.817s] copying yolov5_ros2/cv_tool.py -> /home/ubuntu/ros2_ws/src/build/yolov5_ros2/build/lib/yolov5_ros2
[2.818s] running install
[2.818s] /home/ubuntu/.local/lib/python3.10/site-packages/setuptools/_distutils/cmd.py:66: SetuptoolsDeprecationWarning: setup.py install is deprecated.
[2.818s] !!
[2.818s] 
[2.818s]         ********************************************************************************
[2.818s]         Please avoid running ``setup.py`` directly.
[2.818s]         Instead, use pypa/build, pypa/installer or other
[2.819s]         standards-based tools.
[2.819s] 
[2.819s]         See https://blog.ganssle.io/articles/2021/10/setup-py-deprecated.html for details.
[2.819s]         ********************************************************************************
[2.819s] 
[2.819s] !!
[2.819s]   self.initialize_options()
[2.826s] running install_lib
[2.846s] creating /home/ubuntu/ros2_ws/src/install/yolov5_ros2/lib/python3.10/site-packages/yolov5_ros2
[2.847s] copying /home/ubuntu/ros2_ws/src/build/yolov5_ros2/build/lib/yolov5_ros2/__init__.py -> /home/ubuntu/ros2_ws/src/install/yolov5_ros2/lib/python3.10/site-packages/yolov5_ros2
[2.847s] copying /home/ubuntu/ros2_ws/src/build/yolov5_ros2/build/lib/yolov5_ros2/fps.py -> /home/ubuntu/ros2_ws/src/install/yolov5_ros2/lib/python3.10/site-packages/yolov5_ros2
[2.847s] copying /home/ubuntu/ros2_ws/src/build/yolov5_ros2/build/lib/yolov5_ros2/yolo_detect.py -> /home/ubuntu/ros2_ws/src/install/yolov5_ros2/lib/python3.10/site-packages/yolov5_ros2
[2.847s] copying /home/ubuntu/ros2_ws/src/build/yolov5_ros2/build/lib/yolov5_ros2/cv_tool.py -> /home/ubuntu/ros2_ws/src/install/yolov5_ros2/lib/python3.10/site-packages/yolov5_ros2
[2.849s] byte-compiling /home/ubuntu/ros2_ws/src/install/yolov5_ros2/lib/python3.10/site-packages/yolov5_ros2/__init__.py to __init__.cpython-310.pyc
[2.849s] byte-compiling /home/ubuntu/ros2_ws/src/install/yolov5_ros2/lib/python3.10/site-packages/yolov5_ros2/fps.py to fps.cpython-310.pyc
[2.850s] byte-compiling /home/ubuntu/ros2_ws/src/install/yolov5_ros2/lib/python3.10/site-packages/yolov5_ros2/yolo_detect.py to yolo_detect.cpython-310.pyc
[2.851s] byte-compiling /home/ubuntu/ros2_ws/src/install/yolov5_ros2/lib/python3.10/site-packages/yolov5_ros2/cv_tool.py to cv_tool.cpython-310.pyc
[2.852s] running install_data
[2.872s] copying package.xml -> /home/ubuntu/ros2_ws/src/install/yolov5_ros2/share/yolov5_ros2
[2.872s] creating /home/ubuntu/ros2_ws/src/install/yolov5_ros2/share/yolov5_ros2/launch
[2.872s] copying launch/yolov5_ros2.launch.py -> /home/ubuntu/ros2_ws/src/install/yolov5_ros2/share/yolov5_ros2/launch
[2.872s] creating /home/ubuntu/ros2_ws/src/install/yolov5_ros2/share/yolov5_ros2/config
[2.872s] copying config/yolov5s.pt -> /home/ubuntu/ros2_ws/src/install/yolov5_ros2/share/yolov5_ros2/config
[3.055s] copying config/traffic_signs_640s_7_0.pt -> /home/ubuntu/ros2_ws/src/install/yolov5_ros2/share/yolov5_ros2/config
[3.104s] copying config/camera_info.yaml -> /home/ubuntu/ros2_ws/src/install/yolov5_ros2/share/yolov5_ros2/config
[3.105s] copying config/best.pt -> /home/ubuntu/ros2_ws/src/install/yolov5_ros2/share/yolov5_ros2/config
[3.127s] copying config/garbage_classification.pt -> /home/ubuntu/ros2_ws/src/install/yolov5_ros2/share/yolov5_ros2/config
[3.176s] creating /home/ubuntu/ros2_ws/src/install/yolov5_ros2/share/yolov5_ros2/resource
[3.177s] copying resource/mouse.png -> /home/ubuntu/ros2_ws/src/install/yolov5_ros2/share/yolov5_ros2/resource
[3.181s] copying resource/fish.jpg -> /home/ubuntu/ros2_ws/src/install/yolov5_ros2/share/yolov5_ros2/resource
[3.183s] copying resource/yolov5_ros2 -> /home/ubuntu/ros2_ws/src/install/yolov5_ros2/share/yolov5_ros2/resource
[3.184s] running install_egg_info
[3.209s] Copying ../build/yolov5_ros2/yolov5_ros2.egg-info to /home/ubuntu/ros2_ws/src/install/yolov5_ros2/lib/python3.10/site-packages/yolov5_ros2-0.0.0-py3.10.egg-info
[3.211s] running install_scripts
[3.277s] Installing yolo_detect script to /home/ubuntu/ros2_ws/src/install/yolov5_ros2/lib/yolov5_ros2
[3.277s] writing list of installed files to '/home/ubuntu/ros2_ws/src/build/yolov5_ros2/install.log'
[3.348s] Invoked command in '/home/ubuntu/ros2_ws/src/yolov5_ros2' returned '0': PYTHONPATH=/home/ubuntu/ros2_ws/src/build/yolov5_ros2/prefix_override:/home/ubuntu/ros2_ws/src/install/yolov5_ros2/lib/python3.10/site-packages:${PYTHONPATH} /usr/bin/python3 setup.py egg_info --egg-base ../build/yolov5_ros2 build --build-base /home/ubuntu/ros2_ws/src/build/yolov5_ros2/build install --record /home/ubuntu/ros2_ws/src/build/yolov5_ros2/install.log --single-version-externally-managed
