[2.217s] Invoking command in '/home/ubuntu/ros2_ws/src/build/multi': PYTHONPATH=/home/ubuntu/ros2_ws/src/build/multi/prefix_override:/home/ubuntu/ros2_ws/src/install/multi/lib/python3.10/site-packages:${PYTHONPATH} /usr/bin/python3 setup.py develop --editable --build-directory /home/ubuntu/ros2_ws/src/build/multi/build --no-deps install_data
[2.819s] running develop
[2.819s] /home/ubuntu/.local/lib/python3.10/site-packages/setuptools/command/develop.py:42: EasyInstallDeprecationWarning: easy_install command is deprecated.
[2.820s] !!
[2.820s] 
[2.820s]         ********************************************************************************
[2.820s]         Please avoid running ``setup.py`` and ``easy_install``.
[2.820s]         Instead, use pypa/build, pypa/installer or other
[2.820s]         standards-based tools.
[2.820s] 
[2.821s]         See https://github.com/pypa/setuptools/issues/917 for details.
[2.821s]         ********************************************************************************
[2.821s] 
[2.821s] !!
[2.821s]   easy_install.initialize_options(self)
[2.870s] /home/ubuntu/.local/lib/python3.10/site-packages/setuptools/_distutils/cmd.py:66: SetuptoolsDeprecationWarning: setup.py install is deprecated.
[2.870s] !!
[2.870s] 
[2.870s]         ********************************************************************************
[2.870s]         Please avoid running ``setup.py`` directly.
[2.870s]         Instead, use pypa/build, pypa/installer or other
[2.870s]         standards-based tools.
[2.870s] 
[2.870s]         See https://blog.ganssle.io/articles/2021/10/setup-py-deprecated.html for details.
[2.870s]         ********************************************************************************
[2.871s] 
[2.871s] !!
[2.871s]   self.initialize_options()
[3.180s] running egg_info
[3.180s] creating multi.egg-info
[3.223s] writing multi.egg-info/PKG-INFO
[3.223s] writing dependency_links to multi.egg-info/dependency_links.txt
[3.223s] writing entry points to multi.egg-info/entry_points.txt
[3.223s] writing requirements to multi.egg-info/requires.txt
[3.223s] writing top-level names to multi.egg-info/top_level.txt
[3.223s] writing manifest file 'multi.egg-info/SOURCES.txt'
[3.258s] reading manifest file 'multi.egg-info/SOURCES.txt'
[3.259s] writing manifest file 'multi.egg-info/SOURCES.txt'
[3.285s] running build_ext
[3.285s] Creating /home/ubuntu/ros2_ws/src/install/multi/lib/python3.10/site-packages/multi.egg-link (link to .)
[3.286s] Installing costmap_publish script to /home/ubuntu/ros2_ws/src/install/multi/lib/multi
[3.288s] Installing formation_update script to /home/ubuntu/ros2_ws/src/install/multi/lib/multi
[3.290s] Installing slave_tf_listener script to /home/ubuntu/ros2_ws/src/install/multi/lib/multi
[3.292s] Installing tf_listen script to /home/ubuntu/ros2_ws/src/install/multi/lib/multi
[3.299s] Installing tf_publish script to /home/ubuntu/ros2_ws/src/install/multi/lib/multi
[3.299s] 
[3.299s] Installed /home/ubuntu/ros2_ws/src/build/multi
[3.299s] running install_data
[3.299s] creating /home/ubuntu/ros2_ws/src/install/multi/share/ament_index
[3.299s] creating /home/ubuntu/ros2_ws/src/install/multi/share/ament_index/resource_index
[3.300s] creating /home/ubuntu/ros2_ws/src/install/multi/share/ament_index/resource_index/packages
[3.300s] copying resource/multi -> /home/ubuntu/ros2_ws/src/install/multi/share/ament_index/resource_index/packages
[3.300s] copying package.xml -> /home/ubuntu/ros2_ws/src/install/multi/share/multi
[3.300s] creating /home/ubuntu/ros2_ws/src/install/multi/share/multi/launch
[3.300s] copying launch/multi_controller.launch.py -> /home/ubuntu/ros2_ws/src/install/multi/share/multi/launch
[3.300s] copying launch/joy_control.launch.py -> /home/ubuntu/ros2_ws/src/install/multi/share/multi/launch
[3.300s] copying launch/joystick_control_multi.py -> /home/ubuntu/ros2_ws/src/install/multi/share/multi/launch
[3.300s] creating /home/ubuntu/ros2_ws/src/install/multi/share/multi/launch/include
[3.300s] creating /home/ubuntu/ros2_ws/src/install/multi/share/multi/config
[3.300s] copying config/usb_cam_param.yaml -> /home/ubuntu/ros2_ws/src/install/multi/share/multi/config
[3.301s] copying config/lidar_filters_config_a1.yaml -> /home/ubuntu/ros2_ws/src/install/multi/share/multi/config
[3.301s] copying config/lidar_filters_config_g4.yaml -> /home/ubuntu/ros2_ws/src/install/multi/share/multi/config
[3.301s] copying config/lidar_filters_config_ld19.yaml -> /home/ubuntu/ros2_ws/src/install/multi/share/multi/config
[3.301s] copying config/lidar_filters_config_ld14p.yaml -> /home/ubuntu/ros2_ws/src/install/multi/share/multi/config
[3.303s] copying config/camera_info.yaml -> /home/ubuntu/ros2_ws/src/install/multi/share/multi/config
[3.303s] creating /home/ubuntu/ros2_ws/src/install/multi/share/multi/rviz
[3.304s] copying rviz/lidar_view.rviz -> /home/ubuntu/ros2_ws/src/install/multi/share/multi/rviz
[3.304s] copying rviz/imu_view.rviz -> /home/ubuntu/ros2_ws/src/install/multi/share/multi/rviz
[3.810s] Invoked command in '/home/ubuntu/ros2_ws/src/build/multi' returned '0': PYTHONPATH=/home/ubuntu/ros2_ws/src/build/multi/prefix_override:/home/ubuntu/ros2_ws/src/install/multi/lib/python3.10/site-packages:${PYTHONPATH} /usr/bin/python3 setup.py develop --editable --build-directory /home/ubuntu/ros2_ws/src/build/multi/build --no-deps install_data
