-- Found ament_cmake: 1.3.8 (/opt/ros/humble/share/ament_cmake/cmake)
-- Override CMake install command with custom implementation using symlinks instead of copying resources
-- Found std_msgs: 4.2.3 (/opt/ros/humble/share/std_msgs/cmake)
-- Found rosidl_generator_c: 3.1.5 (/opt/ros/humble/share/rosidl_generator_c/cmake)
-- Found rosidl_adapter: 3.1.5 (/opt/ros/humble/share/rosidl_adapter/cmake)
-- Found rosidl_generator_cpp: 3.1.5 (/opt/ros/humble/share/rosidl_generator_cpp/cmake)
-- Using all available rosidl_typesupport_c: rosidl_typesupport_fastrtps_c;rosidl_typesupport_introspection_c
-- Using all available rosidl_typesupport_cpp: rosidl_typesupport_fastrtps_cpp;rosidl_typesupport_introspection_cpp
-- Found rosidl_default_generators: 1.2.0 (/opt/ros/humble/share/rosidl_default_generators/cmake)
-- Found ament_cmake_ros: 0.10.0 (/opt/ros/humble/share/ament_cmake_ros/cmake)
-- Using all available rosidl_typesupport_c: rosidl_typesupport_fastrtps_c;rosidl_typesupport_introspection_c
-- Using all available rosidl_typesupport_cpp: rosidl_typesupport_fastrtps_cpp;rosidl_typesupport_introspection_cpp
-- Found python_cmake_module: 0.10.0 (/opt/ros/humble/share/python_cmake_module/cmake)
-- Using PYTHON_EXECUTABLE: /usr/bin/python3
-- Using PYTHON_INCLUDE_DIRS: /usr/include/python3.10
-- Using PYTHON_LIBRARIES: /usr/lib/aarch64-linux-gnu/libpython3.10.so
-- Found ament_lint_auto: 0.12.10 (/opt/ros/humble/share/ament_lint_auto/cmake)
-- Added test 'copyright' to check source files copyright and LICENSE
-- Added test 'lint_cmake' to check CMake code style
-- Added test 'xmllint' to check XML markup files
-- Configuring done
-- Generating done
-- Build files have been written to: /home/ubuntu/ros2_ws/src/build/ros_robot_controller_msgs
[  0%] Built target ros_robot_controller_msgs__cpp
[35m[1mConsolidate compiler generated dependencies of target ros_robot_controller_msgs__rosidl_generator_c[0m
[  0%] Built target ament_cmake_python_symlink_ros_robot_controller_msgs
[35m[1mConsolidate compiler generated dependencies of target ros_robot_controller_msgs__rosidl_typesupport_cpp[0m
[ 12%] Built target ros_robot_controller_msgs__rosidl_generator_c
[35m[1mConsolidate compiler generated dependencies of target ros_robot_controller_msgs__rosidl_typesupport_fastrtps_cpp[0m
[35m[1mConsolidate compiler generated dependencies of target ros_robot_controller_msgs__rosidl_typesupport_introspection_cpp[0m
[ 24%] Built target ros_robot_controller_msgs__rosidl_typesupport_cpp
[ 36%] Built target ros_robot_controller_msgs__rosidl_typesupport_fastrtps_cpp
[ 48%] Built target ros_robot_controller_msgs__rosidl_typesupport_introspection_cpp
[35m[1mConsolidate compiler generated dependencies of target ros_robot_controller_msgs__rosidl_typesupport_fastrtps_c[0m
[35m[1mConsolidate compiler generated dependencies of target ros_robot_controller_msgs__rosidl_typesupport_introspection_c[0m
[35m[1mConsolidate compiler generated dependencies of target ros_robot_controller_msgs__rosidl_typesupport_c[0m
[ 60%] Built target ros_robot_controller_msgs__rosidl_typesupport_introspection_c
[ 72%] Built target ros_robot_controller_msgs__rosidl_typesupport_fastrtps_c
[ 84%] Built target ros_robot_controller_msgs__rosidl_typesupport_c
[ 84%] Built target ros_robot_controller_msgs
[ 85%] Built target ros_robot_controller_msgs__py
[35m[1mConsolidate compiler generated dependencies of target ros_robot_controller_msgs__rosidl_generator_py[0m
[ 96%] Built target ros_robot_controller_msgs__rosidl_generator_py
[35m[1mConsolidate compiler generated dependencies of target ros_robot_controller_msgs__rosidl_typesupport_fastrtps_c__pyext[0m
[35m[1mConsolidate compiler generated dependencies of target ros_robot_controller_msgs__rosidl_typesupport_introspection_c__pyext[0m
running egg_info
[35m[1mConsolidate compiler generated dependencies of target ros_robot_controller_msgs__rosidl_typesupport_c__pyext[0m
[ 97%] Built target ros_robot_controller_msgs__rosidl_typesupport_fastrtps_c__pyext
[ 99%] Built target ros_robot_controller_msgs__rosidl_typesupport_introspection_c__pyext
writing ros_robot_controller_msgs.egg-info/PKG-INFO
writing dependency_links to ros_robot_controller_msgs.egg-info/dependency_links.txt
[100%] Built target ros_robot_controller_msgs__rosidl_typesupport_c__pyext
writing top-level names to ros_robot_controller_msgs.egg-info/top_level.txt
reading manifest file 'ros_robot_controller_msgs.egg-info/SOURCES.txt'
writing manifest file 'ros_robot_controller_msgs.egg-info/SOURCES.txt'
[100%] Built target ament_cmake_python_build_ros_robot_controller_msgs_egg
-- Install configuration: "Release"
-- Execute custom install script
-- Symlinking: /home/ubuntu/ros2_ws/src/install/ros_robot_controller_msgs/share/ament_index/resource_index/rosidl_interfaces/ros_robot_controller_msgs
-- Symlinking: /home/ubuntu/ros2_ws/src/install/ros_robot_controller_msgs/include/ros_robot_controller_msgs/ros_robot_controller_msgs/msg/bus_servo_state.h
-- Symlinking: /home/ubuntu/ros2_ws/src/install/ros_robot_controller_msgs/include/ros_robot_controller_msgs/ros_robot_controller_msgs/msg/button_state.h
-- Symlinking: /home/ubuntu/ros2_ws/src/install/ros_robot_controller_msgs/include/ros_robot_controller_msgs/ros_robot_controller_msgs/msg/buzzer_state.h
-- Symlinking: /home/ubuntu/ros2_ws/src/install/ros_robot_controller_msgs/include/ros_robot_controller_msgs/ros_robot_controller_msgs/msg/detail/bus_servo_state__functions.h
-- Symlinking: /home/ubuntu/ros2_ws/src/install/ros_robot_controller_msgs/include/ros_robot_controller_msgs/ros_robot_controller_msgs/msg/detail/bus_servo_state__struct.h
-- Symlinking: /home/ubuntu/ros2_ws/src/install/ros_robot_controller_msgs/include/ros_robot_controller_msgs/ros_robot_controller_msgs/msg/detail/bus_servo_state__type_support.h
-- Symlinking: /home/ubuntu/ros2_ws/src/install/ros_robot_controller_msgs/include/ros_robot_controller_msgs/ros_robot_controller_msgs/msg/detail/button_state__functions.h
-- Symlinking: /home/ubuntu/ros2_ws/src/install/ros_robot_controller_msgs/include/ros_robot_controller_msgs/ros_robot_controller_msgs/msg/detail/button_state__struct.h
-- Symlinking: /home/ubuntu/ros2_ws/src/install/ros_robot_controller_msgs/include/ros_robot_controller_msgs/ros_robot_controller_msgs/msg/detail/button_state__type_support.h
-- Symlinking: /home/ubuntu/ros2_ws/src/install/ros_robot_controller_msgs/include/ros_robot_controller_msgs/ros_robot_controller_msgs/msg/detail/buzzer_state__functions.h
-- Symlinking: /home/ubuntu/ros2_ws/src/install/ros_robot_controller_msgs/include/ros_robot_controller_msgs/ros_robot_controller_msgs/msg/detail/buzzer_state__struct.h
-- Symlinking: /home/ubuntu/ros2_ws/src/install/ros_robot_controller_msgs/include/ros_robot_controller_msgs/ros_robot_controller_msgs/msg/detail/buzzer_state__type_support.h
-- Symlinking: /home/ubuntu/ros2_ws/src/install/ros_robot_controller_msgs/include/ros_robot_controller_msgs/ros_robot_controller_msgs/msg/detail/get_bus_servo_cmd__functions.h
-- Symlinking: /home/ubuntu/ros2_ws/src/install/ros_robot_controller_msgs/include/ros_robot_controller_msgs/ros_robot_controller_msgs/msg/detail/get_bus_servo_cmd__struct.h
-- Symlinking: /home/ubuntu/ros2_ws/src/install/ros_robot_controller_msgs/include/ros_robot_controller_msgs/ros_robot_controller_msgs/msg/detail/get_bus_servo_cmd__type_support.h
-- Symlinking: /home/ubuntu/ros2_ws/src/install/ros_robot_controller_msgs/include/ros_robot_controller_msgs/ros_robot_controller_msgs/msg/detail/get_pwm_servo_cmd__functions.h
-- Symlinking: /home/ubuntu/ros2_ws/src/install/ros_robot_controller_msgs/include/ros_robot_controller_msgs/ros_robot_controller_msgs/msg/detail/get_pwm_servo_cmd__struct.h
-- Symlinking: /home/ubuntu/ros2_ws/src/install/ros_robot_controller_msgs/include/ros_robot_controller_msgs/ros_robot_controller_msgs/msg/detail/get_pwm_servo_cmd__type_support.h
-- Symlinking: /home/ubuntu/ros2_ws/src/install/ros_robot_controller_msgs/include/ros_robot_controller_msgs/ros_robot_controller_msgs/msg/detail/led_state__functions.h
-- Symlinking: /home/ubuntu/ros2_ws/src/install/ros_robot_controller_msgs/include/ros_robot_controller_msgs/ros_robot_controller_msgs/msg/detail/led_state__struct.h
-- Symlinking: /home/ubuntu/ros2_ws/src/install/ros_robot_controller_msgs/include/ros_robot_controller_msgs/ros_robot_controller_msgs/msg/detail/led_state__type_support.h
-- Symlinking: /home/ubuntu/ros2_ws/src/install/ros_robot_controller_msgs/include/ros_robot_controller_msgs/ros_robot_controller_msgs/msg/detail/motor_state__functions.h
-- Symlinking: /home/ubuntu/ros2_ws/src/install/ros_robot_controller_msgs/include/ros_robot_controller_msgs/ros_robot_controller_msgs/msg/detail/motor_state__struct.h
-- Symlinking: /home/ubuntu/ros2_ws/src/install/ros_robot_controller_msgs/include/ros_robot_controller_msgs/ros_robot_controller_msgs/msg/detail/motor_state__type_support.h
-- Symlinking: /home/ubuntu/ros2_ws/src/install/ros_robot_controller_msgs/include/ros_robot_controller_msgs/ros_robot_controller_msgs/msg/detail/motors_state__functions.h
-- Symlinking: /home/ubuntu/ros2_ws/src/install/ros_robot_controller_msgs/include/ros_robot_controller_msgs/ros_robot_controller_msgs/msg/detail/motors_state__struct.h
-- Symlinking: /home/ubuntu/ros2_ws/src/install/ros_robot_controller_msgs/include/ros_robot_controller_msgs/ros_robot_controller_msgs/msg/detail/motors_state__type_support.h
-- Symlinking: /home/ubuntu/ros2_ws/src/install/ros_robot_controller_msgs/include/ros_robot_controller_msgs/ros_robot_controller_msgs/msg/detail/oled_state__functions.h
-- Symlinking: /home/ubuntu/ros2_ws/src/install/ros_robot_controller_msgs/include/ros_robot_controller_msgs/ros_robot_controller_msgs/msg/detail/oled_state__struct.h
-- Symlinking: /home/ubuntu/ros2_ws/src/install/ros_robot_controller_msgs/include/ros_robot_controller_msgs/ros_robot_controller_msgs/msg/detail/oled_state__type_support.h
-- Symlinking: /home/ubuntu/ros2_ws/src/install/ros_robot_controller_msgs/include/ros_robot_controller_msgs/ros_robot_controller_msgs/msg/detail/pwm_servo_state__functions.h
-- Symlinking: /home/ubuntu/ros2_ws/src/install/ros_robot_controller_msgs/include/ros_robot_controller_msgs/ros_robot_controller_msgs/msg/detail/pwm_servo_state__struct.h
-- Symlinking: /home/ubuntu/ros2_ws/src/install/ros_robot_controller_msgs/include/ros_robot_controller_msgs/ros_robot_controller_msgs/msg/detail/pwm_servo_state__type_support.h
-- Symlinking: /home/ubuntu/ros2_ws/src/install/ros_robot_controller_msgs/include/ros_robot_controller_msgs/ros_robot_controller_msgs/msg/detail/rgb_state__functions.h
-- Symlinking: /home/ubuntu/ros2_ws/src/install/ros_robot_controller_msgs/include/ros_robot_controller_msgs/ros_robot_controller_msgs/msg/detail/rgb_state__struct.h
-- Symlinking: /home/ubuntu/ros2_ws/src/install/ros_robot_controller_msgs/include/ros_robot_controller_msgs/ros_robot_controller_msgs/msg/detail/rgb_state__type_support.h
-- Symlinking: /home/ubuntu/ros2_ws/src/install/ros_robot_controller_msgs/include/ros_robot_controller_msgs/ros_robot_controller_msgs/msg/detail/rgb_states__functions.h
-- Symlinking: /home/ubuntu/ros2_ws/src/install/ros_robot_controller_msgs/include/ros_robot_controller_msgs/ros_robot_controller_msgs/msg/detail/rgb_states__struct.h
-- Symlinking: /home/ubuntu/ros2_ws/src/install/ros_robot_controller_msgs/include/ros_robot_controller_msgs/ros_robot_controller_msgs/msg/detail/rgb_states__type_support.h
-- Symlinking: /home/ubuntu/ros2_ws/src/install/ros_robot_controller_msgs/include/ros_robot_controller_msgs/ros_robot_controller_msgs/msg/detail/sbus__functions.h
-- Symlinking: /home/ubuntu/ros2_ws/src/install/ros_robot_controller_msgs/include/ros_robot_controller_msgs/ros_robot_controller_msgs/msg/detail/sbus__struct.h
-- Symlinking: /home/ubuntu/ros2_ws/src/install/ros_robot_controller_msgs/include/ros_robot_controller_msgs/ros_robot_controller_msgs/msg/detail/sbus__type_support.h
-- Symlinking: /home/ubuntu/ros2_ws/src/install/ros_robot_controller_msgs/include/ros_robot_controller_msgs/ros_robot_controller_msgs/msg/detail/servo_position__functions.h
-- Symlinking: /home/ubuntu/ros2_ws/src/install/ros_robot_controller_msgs/include/ros_robot_controller_msgs/ros_robot_controller_msgs/msg/detail/servo_position__struct.h
-- Symlinking: /home/ubuntu/ros2_ws/src/install/ros_robot_controller_msgs/include/ros_robot_controller_msgs/ros_robot_controller_msgs/msg/detail/servo_position__type_support.h
-- Symlinking: /home/ubuntu/ros2_ws/src/install/ros_robot_controller_msgs/include/ros_robot_controller_msgs/ros_robot_controller_msgs/msg/detail/servos_position__functions.h
-- Symlinking: /home/ubuntu/ros2_ws/src/install/ros_robot_controller_msgs/include/ros_robot_controller_msgs/ros_robot_controller_msgs/msg/detail/servos_position__struct.h
-- Symlinking: /home/ubuntu/ros2_ws/src/install/ros_robot_controller_msgs/include/ros_robot_controller_msgs/ros_robot_controller_msgs/msg/detail/servos_position__type_support.h
-- Symlinking: /home/ubuntu/ros2_ws/src/install/ros_robot_controller_msgs/include/ros_robot_controller_msgs/ros_robot_controller_msgs/msg/detail/set_bus_servo_state__functions.h
-- Symlinking: /home/ubuntu/ros2_ws/src/install/ros_robot_controller_msgs/include/ros_robot_controller_msgs/ros_robot_controller_msgs/msg/detail/set_bus_servo_state__struct.h
-- Symlinking: /home/ubuntu/ros2_ws/src/install/ros_robot_controller_msgs/include/ros_robot_controller_msgs/ros_robot_controller_msgs/msg/detail/set_bus_servo_state__type_support.h
-- Symlinking: /home/ubuntu/ros2_ws/src/install/ros_robot_controller_msgs/include/ros_robot_controller_msgs/ros_robot_controller_msgs/msg/detail/set_pwm_servo_state__functions.h
-- Symlinking: /home/ubuntu/ros2_ws/src/install/ros_robot_controller_msgs/include/ros_robot_controller_msgs/ros_robot_controller_msgs/msg/detail/set_pwm_servo_state__struct.h
-- Symlinking: /home/ubuntu/ros2_ws/src/install/ros_robot_controller_msgs/include/ros_robot_controller_msgs/ros_robot_controller_msgs/msg/detail/set_pwm_servo_state__type_support.h
-- Symlinking: /home/ubuntu/ros2_ws/src/install/ros_robot_controller_msgs/include/ros_robot_controller_msgs/ros_robot_controller_msgs/msg/get_bus_servo_cmd.h
-- Symlinking: /home/ubuntu/ros2_ws/src/install/ros_robot_controller_msgs/include/ros_robot_controller_msgs/ros_robot_controller_msgs/msg/get_pwm_servo_cmd.h
-- Symlinking: /home/ubuntu/ros2_ws/src/install/ros_robot_controller_msgs/include/ros_robot_controller_msgs/ros_robot_controller_msgs/msg/led_state.h
-- Symlinking: /home/ubuntu/ros2_ws/src/install/ros_robot_controller_msgs/include/ros_robot_controller_msgs/ros_robot_controller_msgs/msg/motor_state.h
-- Symlinking: /home/ubuntu/ros2_ws/src/install/ros_robot_controller_msgs/include/ros_robot_controller_msgs/ros_robot_controller_msgs/msg/motors_state.h
-- Symlinking: /home/ubuntu/ros2_ws/src/install/ros_robot_controller_msgs/include/ros_robot_controller_msgs/ros_robot_controller_msgs/msg/oled_state.h
-- Symlinking: /home/ubuntu/ros2_ws/src/install/ros_robot_controller_msgs/include/ros_robot_controller_msgs/ros_robot_controller_msgs/msg/pwm_servo_state.h
-- Symlinking: /home/ubuntu/ros2_ws/src/install/ros_robot_controller_msgs/include/ros_robot_controller_msgs/ros_robot_controller_msgs/msg/rgb_state.h
-- Symlinking: /home/ubuntu/ros2_ws/src/install/ros_robot_controller_msgs/include/ros_robot_controller_msgs/ros_robot_controller_msgs/msg/rgb_states.h
-- Symlinking: /home/ubuntu/ros2_ws/src/install/ros_robot_controller_msgs/include/ros_robot_controller_msgs/ros_robot_controller_msgs/msg/rosidl_generator_c__visibility_control.h
-- Symlinking: /home/ubuntu/ros2_ws/src/install/ros_robot_controller_msgs/include/ros_robot_controller_msgs/ros_robot_controller_msgs/msg/sbus.h
-- Symlinking: /home/ubuntu/ros2_ws/src/install/ros_robot_controller_msgs/include/ros_robot_controller_msgs/ros_robot_controller_msgs/msg/servo_position.h
-- Symlinking: /home/ubuntu/ros2_ws/src/install/ros_robot_controller_msgs/include/ros_robot_controller_msgs/ros_robot_controller_msgs/msg/servos_position.h
-- Symlinking: /home/ubuntu/ros2_ws/src/install/ros_robot_controller_msgs/include/ros_robot_controller_msgs/ros_robot_controller_msgs/msg/set_bus_servo_state.h
-- Symlinking: /home/ubuntu/ros2_ws/src/install/ros_robot_controller_msgs/include/ros_robot_controller_msgs/ros_robot_controller_msgs/msg/set_pwm_servo_state.h
-- Symlinking: /home/ubuntu/ros2_ws/src/install/ros_robot_controller_msgs/include/ros_robot_controller_msgs/ros_robot_controller_msgs/srv/detail/get_bus_servo_state__functions.h
-- Symlinking: /home/ubuntu/ros2_ws/src/install/ros_robot_controller_msgs/include/ros_robot_controller_msgs/ros_robot_controller_msgs/srv/detail/get_bus_servo_state__struct.h
-- Symlinking: /home/ubuntu/ros2_ws/src/install/ros_robot_controller_msgs/include/ros_robot_controller_msgs/ros_robot_controller_msgs/srv/detail/get_bus_servo_state__type_support.h
-- Symlinking: /home/ubuntu/ros2_ws/src/install/ros_robot_controller_msgs/include/ros_robot_controller_msgs/ros_robot_controller_msgs/srv/detail/get_pwm_servo_state__functions.h
-- Symlinking: /home/ubuntu/ros2_ws/src/install/ros_robot_controller_msgs/include/ros_robot_controller_msgs/ros_robot_controller_msgs/srv/detail/get_pwm_servo_state__struct.h
-- Symlinking: /home/ubuntu/ros2_ws/src/install/ros_robot_controller_msgs/include/ros_robot_controller_msgs/ros_robot_controller_msgs/srv/detail/get_pwm_servo_state__type_support.h
-- Symlinking: /home/ubuntu/ros2_ws/src/install/ros_robot_controller_msgs/include/ros_robot_controller_msgs/ros_robot_controller_msgs/srv/get_bus_servo_state.h
-- Symlinking: /home/ubuntu/ros2_ws/src/install/ros_robot_controller_msgs/include/ros_robot_controller_msgs/ros_robot_controller_msgs/srv/get_pwm_servo_state.h
-- Symlinking: /home/ubuntu/ros2_ws/src/install/ros_robot_controller_msgs/share/ros_robot_controller_msgs/environment/library_path.sh
-- Symlinking: /home/ubuntu/ros2_ws/src/install/ros_robot_controller_msgs/share/ros_robot_controller_msgs/environment/library_path.dsv
-- Symlinking: /home/ubuntu/ros2_ws/src/install/ros_robot_controller_msgs/include/ros_robot_controller_msgs/ros_robot_controller_msgs/msg/detail/bus_servo_state__rosidl_typesupport_fastrtps_c.h
-- Symlinking: /home/ubuntu/ros2_ws/src/install/ros_robot_controller_msgs/include/ros_robot_controller_msgs/ros_robot_controller_msgs/msg/detail/button_state__rosidl_typesupport_fastrtps_c.h
-- Symlinking: /home/ubuntu/ros2_ws/src/install/ros_robot_controller_msgs/include/ros_robot_controller_msgs/ros_robot_controller_msgs/msg/detail/buzzer_state__rosidl_typesupport_fastrtps_c.h
-- Symlinking: /home/ubuntu/ros2_ws/src/install/ros_robot_controller_msgs/include/ros_robot_controller_msgs/ros_robot_controller_msgs/msg/detail/get_bus_servo_cmd__rosidl_typesupport_fastrtps_c.h
-- Symlinking: /home/ubuntu/ros2_ws/src/install/ros_robot_controller_msgs/include/ros_robot_controller_msgs/ros_robot_controller_msgs/msg/detail/get_pwm_servo_cmd__rosidl_typesupport_fastrtps_c.h
-- Symlinking: /home/ubuntu/ros2_ws/src/install/ros_robot_controller_msgs/include/ros_robot_controller_msgs/ros_robot_controller_msgs/msg/detail/led_state__rosidl_typesupport_fastrtps_c.h
-- Symlinking: /home/ubuntu/ros2_ws/src/install/ros_robot_controller_msgs/include/ros_robot_controller_msgs/ros_robot_controller_msgs/msg/detail/motor_state__rosidl_typesupport_fastrtps_c.h
-- Symlinking: /home/ubuntu/ros2_ws/src/install/ros_robot_controller_msgs/include/ros_robot_controller_msgs/ros_robot_controller_msgs/msg/detail/motors_state__rosidl_typesupport_fastrtps_c.h
-- Symlinking: /home/ubuntu/ros2_ws/src/install/ros_robot_controller_msgs/include/ros_robot_controller_msgs/ros_robot_controller_msgs/msg/detail/oled_state__rosidl_typesupport_fastrtps_c.h
-- Symlinking: /home/ubuntu/ros2_ws/src/install/ros_robot_controller_msgs/include/ros_robot_controller_msgs/ros_robot_controller_msgs/msg/detail/pwm_servo_state__rosidl_typesupport_fastrtps_c.h
-- Symlinking: /home/ubuntu/ros2_ws/src/install/ros_robot_controller_msgs/include/ros_robot_controller_msgs/ros_robot_controller_msgs/msg/detail/rgb_state__rosidl_typesupport_fastrtps_c.h
-- Symlinking: /home/ubuntu/ros2_ws/src/install/ros_robot_controller_msgs/include/ros_robot_controller_msgs/ros_robot_controller_msgs/msg/detail/rgb_states__rosidl_typesupport_fastrtps_c.h
-- Symlinking: /home/ubuntu/ros2_ws/src/install/ros_robot_controller_msgs/include/ros_robot_controller_msgs/ros_robot_controller_msgs/msg/detail/sbus__rosidl_typesupport_fastrtps_c.h
-- Symlinking: /home/ubuntu/ros2_ws/src/install/ros_robot_controller_msgs/include/ros_robot_controller_msgs/ros_robot_controller_msgs/msg/detail/servo_position__rosidl_typesupport_fastrtps_c.h
-- Symlinking: /home/ubuntu/ros2_ws/src/install/ros_robot_controller_msgs/include/ros_robot_controller_msgs/ros_robot_controller_msgs/msg/detail/servos_position__rosidl_typesupport_fastrtps_c.h
-- Symlinking: /home/ubuntu/ros2_ws/src/install/ros_robot_controller_msgs/include/ros_robot_controller_msgs/ros_robot_controller_msgs/msg/detail/set_bus_servo_state__rosidl_typesupport_fastrtps_c.h
-- Symlinking: /home/ubuntu/ros2_ws/src/install/ros_robot_controller_msgs/include/ros_robot_controller_msgs/ros_robot_controller_msgs/msg/detail/set_pwm_servo_state__rosidl_typesupport_fastrtps_c.h
-- Symlinking: /home/ubuntu/ros2_ws/src/install/ros_robot_controller_msgs/include/ros_robot_controller_msgs/ros_robot_controller_msgs/msg/rosidl_typesupport_fastrtps_c__visibility_control.h
-- Symlinking: /home/ubuntu/ros2_ws/src/install/ros_robot_controller_msgs/include/ros_robot_controller_msgs/ros_robot_controller_msgs/srv/detail/get_bus_servo_state__rosidl_typesupport_fastrtps_c.h
-- Symlinking: /home/ubuntu/ros2_ws/src/install/ros_robot_controller_msgs/include/ros_robot_controller_msgs/ros_robot_controller_msgs/srv/detail/get_pwm_servo_state__rosidl_typesupport_fastrtps_c.h
-- Symlinking: /home/ubuntu/ros2_ws/src/install/ros_robot_controller_msgs/include/ros_robot_controller_msgs/ros_robot_controller_msgs/msg/bus_servo_state.hpp
-- Symlinking: /home/ubuntu/ros2_ws/src/install/ros_robot_controller_msgs/include/ros_robot_controller_msgs/ros_robot_controller_msgs/msg/button_state.hpp
-- Symlinking: /home/ubuntu/ros2_ws/src/install/ros_robot_controller_msgs/include/ros_robot_controller_msgs/ros_robot_controller_msgs/msg/buzzer_state.hpp
-- Symlinking: /home/ubuntu/ros2_ws/src/install/ros_robot_controller_msgs/include/ros_robot_controller_msgs/ros_robot_controller_msgs/msg/detail/bus_servo_state__builder.hpp
-- Symlinking: /home/ubuntu/ros2_ws/src/install/ros_robot_controller_msgs/include/ros_robot_controller_msgs/ros_robot_controller_msgs/msg/detail/bus_servo_state__struct.hpp
-- Symlinking: /home/ubuntu/ros2_ws/src/install/ros_robot_controller_msgs/include/ros_robot_controller_msgs/ros_robot_controller_msgs/msg/detail/bus_servo_state__traits.hpp
-- Symlinking: /home/ubuntu/ros2_ws/src/install/ros_robot_controller_msgs/include/ros_robot_controller_msgs/ros_robot_controller_msgs/msg/detail/button_state__builder.hpp
-- Symlinking: /home/ubuntu/ros2_ws/src/install/ros_robot_controller_msgs/include/ros_robot_controller_msgs/ros_robot_controller_msgs/msg/detail/button_state__struct.hpp
-- Symlinking: /home/ubuntu/ros2_ws/src/install/ros_robot_controller_msgs/include/ros_robot_controller_msgs/ros_robot_controller_msgs/msg/detail/button_state__traits.hpp
-- Symlinking: /home/ubuntu/ros2_ws/src/install/ros_robot_controller_msgs/include/ros_robot_controller_msgs/ros_robot_controller_msgs/msg/detail/buzzer_state__builder.hpp
-- Symlinking: /home/ubuntu/ros2_ws/src/install/ros_robot_controller_msgs/include/ros_robot_controller_msgs/ros_robot_controller_msgs/msg/detail/buzzer_state__struct.hpp
-- Symlinking: /home/ubuntu/ros2_ws/src/install/ros_robot_controller_msgs/include/ros_robot_controller_msgs/ros_robot_controller_msgs/msg/detail/buzzer_state__traits.hpp
-- Symlinking: /home/ubuntu/ros2_ws/src/install/ros_robot_controller_msgs/include/ros_robot_controller_msgs/ros_robot_controller_msgs/msg/detail/get_bus_servo_cmd__builder.hpp
-- Symlinking: /home/ubuntu/ros2_ws/src/install/ros_robot_controller_msgs/include/ros_robot_controller_msgs/ros_robot_controller_msgs/msg/detail/get_bus_servo_cmd__struct.hpp
-- Symlinking: /home/ubuntu/ros2_ws/src/install/ros_robot_controller_msgs/include/ros_robot_controller_msgs/ros_robot_controller_msgs/msg/detail/get_bus_servo_cmd__traits.hpp
-- Symlinking: /home/ubuntu/ros2_ws/src/install/ros_robot_controller_msgs/include/ros_robot_controller_msgs/ros_robot_controller_msgs/msg/detail/get_pwm_servo_cmd__builder.hpp
-- Symlinking: /home/ubuntu/ros2_ws/src/install/ros_robot_controller_msgs/include/ros_robot_controller_msgs/ros_robot_controller_msgs/msg/detail/get_pwm_servo_cmd__struct.hpp
-- Symlinking: /home/ubuntu/ros2_ws/src/install/ros_robot_controller_msgs/include/ros_robot_controller_msgs/ros_robot_controller_msgs/msg/detail/get_pwm_servo_cmd__traits.hpp
-- Symlinking: /home/ubuntu/ros2_ws/src/install/ros_robot_controller_msgs/include/ros_robot_controller_msgs/ros_robot_controller_msgs/msg/detail/led_state__builder.hpp
-- Symlinking: /home/ubuntu/ros2_ws/src/install/ros_robot_controller_msgs/include/ros_robot_controller_msgs/ros_robot_controller_msgs/msg/detail/led_state__struct.hpp
-- Symlinking: /home/ubuntu/ros2_ws/src/install/ros_robot_controller_msgs/include/ros_robot_controller_msgs/ros_robot_controller_msgs/msg/detail/led_state__traits.hpp
-- Symlinking: /home/ubuntu/ros2_ws/src/install/ros_robot_controller_msgs/include/ros_robot_controller_msgs/ros_robot_controller_msgs/msg/detail/motor_state__builder.hpp
-- Symlinking: /home/ubuntu/ros2_ws/src/install/ros_robot_controller_msgs/include/ros_robot_controller_msgs/ros_robot_controller_msgs/msg/detail/motor_state__struct.hpp
-- Symlinking: /home/ubuntu/ros2_ws/src/install/ros_robot_controller_msgs/include/ros_robot_controller_msgs/ros_robot_controller_msgs/msg/detail/motor_state__traits.hpp
-- Symlinking: /home/ubuntu/ros2_ws/src/install/ros_robot_controller_msgs/include/ros_robot_controller_msgs/ros_robot_controller_msgs/msg/detail/motors_state__builder.hpp
-- Symlinking: /home/ubuntu/ros2_ws/src/install/ros_robot_controller_msgs/include/ros_robot_controller_msgs/ros_robot_controller_msgs/msg/detail/motors_state__struct.hpp
-- Symlinking: /home/ubuntu/ros2_ws/src/install/ros_robot_controller_msgs/include/ros_robot_controller_msgs/ros_robot_controller_msgs/msg/detail/motors_state__traits.hpp
-- Symlinking: /home/ubuntu/ros2_ws/src/install/ros_robot_controller_msgs/include/ros_robot_controller_msgs/ros_robot_controller_msgs/msg/detail/oled_state__builder.hpp
-- Symlinking: /home/ubuntu/ros2_ws/src/install/ros_robot_controller_msgs/include/ros_robot_controller_msgs/ros_robot_controller_msgs/msg/detail/oled_state__struct.hpp
-- Symlinking: /home/ubuntu/ros2_ws/src/install/ros_robot_controller_msgs/include/ros_robot_controller_msgs/ros_robot_controller_msgs/msg/detail/oled_state__traits.hpp
-- Symlinking: /home/ubuntu/ros2_ws/src/install/ros_robot_controller_msgs/include/ros_robot_controller_msgs/ros_robot_controller_msgs/msg/detail/pwm_servo_state__builder.hpp
-- Symlinking: /home/ubuntu/ros2_ws/src/install/ros_robot_controller_msgs/include/ros_robot_controller_msgs/ros_robot_controller_msgs/msg/detail/pwm_servo_state__struct.hpp
-- Symlinking: /home/ubuntu/ros2_ws/src/install/ros_robot_controller_msgs/include/ros_robot_controller_msgs/ros_robot_controller_msgs/msg/detail/pwm_servo_state__traits.hpp
-- Symlinking: /home/ubuntu/ros2_ws/src/install/ros_robot_controller_msgs/include/ros_robot_controller_msgs/ros_robot_controller_msgs/msg/detail/rgb_state__builder.hpp
-- Symlinking: /home/ubuntu/ros2_ws/src/install/ros_robot_controller_msgs/include/ros_robot_controller_msgs/ros_robot_controller_msgs/msg/detail/rgb_state__struct.hpp
-- Symlinking: /home/ubuntu/ros2_ws/src/install/ros_robot_controller_msgs/include/ros_robot_controller_msgs/ros_robot_controller_msgs/msg/detail/rgb_state__traits.hpp
-- Symlinking: /home/ubuntu/ros2_ws/src/install/ros_robot_controller_msgs/include/ros_robot_controller_msgs/ros_robot_controller_msgs/msg/detail/rgb_states__builder.hpp
-- Symlinking: /home/ubuntu/ros2_ws/src/install/ros_robot_controller_msgs/include/ros_robot_controller_msgs/ros_robot_controller_msgs/msg/detail/rgb_states__struct.hpp
-- Symlinking: /home/ubuntu/ros2_ws/src/install/ros_robot_controller_msgs/include/ros_robot_controller_msgs/ros_robot_controller_msgs/msg/detail/rgb_states__traits.hpp
-- Symlinking: /home/ubuntu/ros2_ws/src/install/ros_robot_controller_msgs/include/ros_robot_controller_msgs/ros_robot_controller_msgs/msg/detail/sbus__builder.hpp
-- Symlinking: /home/ubuntu/ros2_ws/src/install/ros_robot_controller_msgs/include/ros_robot_controller_msgs/ros_robot_controller_msgs/msg/detail/sbus__struct.hpp
-- Symlinking: /home/ubuntu/ros2_ws/src/install/ros_robot_controller_msgs/include/ros_robot_controller_msgs/ros_robot_controller_msgs/msg/detail/sbus__traits.hpp
-- Symlinking: /home/ubuntu/ros2_ws/src/install/ros_robot_controller_msgs/include/ros_robot_controller_msgs/ros_robot_controller_msgs/msg/detail/servo_position__builder.hpp
-- Symlinking: /home/ubuntu/ros2_ws/src/install/ros_robot_controller_msgs/include/ros_robot_controller_msgs/ros_robot_controller_msgs/msg/detail/servo_position__struct.hpp
-- Symlinking: /home/ubuntu/ros2_ws/src/install/ros_robot_controller_msgs/include/ros_robot_controller_msgs/ros_robot_controller_msgs/msg/detail/servo_position__traits.hpp
-- Symlinking: /home/ubuntu/ros2_ws/src/install/ros_robot_controller_msgs/include/ros_robot_controller_msgs/ros_robot_controller_msgs/msg/detail/servos_position__builder.hpp
-- Symlinking: /home/ubuntu/ros2_ws/src/install/ros_robot_controller_msgs/include/ros_robot_controller_msgs/ros_robot_controller_msgs/msg/detail/servos_position__struct.hpp
-- Symlinking: /home/ubuntu/ros2_ws/src/install/ros_robot_controller_msgs/include/ros_robot_controller_msgs/ros_robot_controller_msgs/msg/detail/servos_position__traits.hpp
-- Symlinking: /home/ubuntu/ros2_ws/src/install/ros_robot_controller_msgs/include/ros_robot_controller_msgs/ros_robot_controller_msgs/msg/detail/set_bus_servo_state__builder.hpp
-- Symlinking: /home/ubuntu/ros2_ws/src/install/ros_robot_controller_msgs/include/ros_robot_controller_msgs/ros_robot_controller_msgs/msg/detail/set_bus_servo_state__struct.hpp
-- Symlinking: /home/ubuntu/ros2_ws/src/install/ros_robot_controller_msgs/include/ros_robot_controller_msgs/ros_robot_controller_msgs/msg/detail/set_bus_servo_state__traits.hpp
-- Symlinking: /home/ubuntu/ros2_ws/src/install/ros_robot_controller_msgs/include/ros_robot_controller_msgs/ros_robot_controller_msgs/msg/detail/set_pwm_servo_state__builder.hpp
-- Symlinking: /home/ubuntu/ros2_ws/src/install/ros_robot_controller_msgs/include/ros_robot_controller_msgs/ros_robot_controller_msgs/msg/detail/set_pwm_servo_state__struct.hpp
-- Symlinking: /home/ubuntu/ros2_ws/src/install/ros_robot_controller_msgs/include/ros_robot_controller_msgs/ros_robot_controller_msgs/msg/detail/set_pwm_servo_state__traits.hpp
-- Symlinking: /home/ubuntu/ros2_ws/src/install/ros_robot_controller_msgs/include/ros_robot_controller_msgs/ros_robot_controller_msgs/msg/get_bus_servo_cmd.hpp
-- Symlinking: /home/ubuntu/ros2_ws/src/install/ros_robot_controller_msgs/include/ros_robot_controller_msgs/ros_robot_controller_msgs/msg/get_pwm_servo_cmd.hpp
-- Symlinking: /home/ubuntu/ros2_ws/src/install/ros_robot_controller_msgs/include/ros_robot_controller_msgs/ros_robot_controller_msgs/msg/led_state.hpp
-- Symlinking: /home/ubuntu/ros2_ws/src/install/ros_robot_controller_msgs/include/ros_robot_controller_msgs/ros_robot_controller_msgs/msg/motor_state.hpp
-- Symlinking: /home/ubuntu/ros2_ws/src/install/ros_robot_controller_msgs/include/ros_robot_controller_msgs/ros_robot_controller_msgs/msg/motors_state.hpp
-- Symlinking: /home/ubuntu/ros2_ws/src/install/ros_robot_controller_msgs/include/ros_robot_controller_msgs/ros_robot_controller_msgs/msg/oled_state.hpp
-- Symlinking: /home/ubuntu/ros2_ws/src/install/ros_robot_controller_msgs/include/ros_robot_controller_msgs/ros_robot_controller_msgs/msg/pwm_servo_state.hpp
-- Symlinking: /home/ubuntu/ros2_ws/src/install/ros_robot_controller_msgs/include/ros_robot_controller_msgs/ros_robot_controller_msgs/msg/rgb_state.hpp
-- Symlinking: /home/ubuntu/ros2_ws/src/install/ros_robot_controller_msgs/include/ros_robot_controller_msgs/ros_robot_controller_msgs/msg/rgb_states.hpp
-- Symlinking: /home/ubuntu/ros2_ws/src/install/ros_robot_controller_msgs/include/ros_robot_controller_msgs/ros_robot_controller_msgs/msg/sbus.hpp
-- Symlinking: /home/ubuntu/ros2_ws/src/install/ros_robot_controller_msgs/include/ros_robot_controller_msgs/ros_robot_controller_msgs/msg/servo_position.hpp
-- Symlinking: /home/ubuntu/ros2_ws/src/install/ros_robot_controller_msgs/include/ros_robot_controller_msgs/ros_robot_controller_msgs/msg/servos_position.hpp
-- Symlinking: /home/ubuntu/ros2_ws/src/install/ros_robot_controller_msgs/include/ros_robot_controller_msgs/ros_robot_controller_msgs/msg/set_bus_servo_state.hpp
-- Symlinking: /home/ubuntu/ros2_ws/src/install/ros_robot_controller_msgs/include/ros_robot_controller_msgs/ros_robot_controller_msgs/msg/set_pwm_servo_state.hpp
-- Symlinking: /home/ubuntu/ros2_ws/src/install/ros_robot_controller_msgs/include/ros_robot_controller_msgs/ros_robot_controller_msgs/srv/detail/get_bus_servo_state__builder.hpp
-- Symlinking: /home/ubuntu/ros2_ws/src/install/ros_robot_controller_msgs/include/ros_robot_controller_msgs/ros_robot_controller_msgs/srv/detail/get_bus_servo_state__struct.hpp
-- Symlinking: /home/ubuntu/ros2_ws/src/install/ros_robot_controller_msgs/include/ros_robot_controller_msgs/ros_robot_controller_msgs/srv/detail/get_bus_servo_state__traits.hpp
-- Symlinking: /home/ubuntu/ros2_ws/src/install/ros_robot_controller_msgs/include/ros_robot_controller_msgs/ros_robot_controller_msgs/srv/detail/get_pwm_servo_state__builder.hpp
-- Symlinking: /home/ubuntu/ros2_ws/src/install/ros_robot_controller_msgs/include/ros_robot_controller_msgs/ros_robot_controller_msgs/srv/detail/get_pwm_servo_state__struct.hpp
-- Symlinking: /home/ubuntu/ros2_ws/src/install/ros_robot_controller_msgs/include/ros_robot_controller_msgs/ros_robot_controller_msgs/srv/detail/get_pwm_servo_state__traits.hpp
-- Symlinking: /home/ubuntu/ros2_ws/src/install/ros_robot_controller_msgs/include/ros_robot_controller_msgs/ros_robot_controller_msgs/srv/get_bus_servo_state.hpp
-- Symlinking: /home/ubuntu/ros2_ws/src/install/ros_robot_controller_msgs/include/ros_robot_controller_msgs/ros_robot_controller_msgs/srv/get_pwm_servo_state.hpp
-- Symlinking: /home/ubuntu/ros2_ws/src/install/ros_robot_controller_msgs/include/ros_robot_controller_msgs/ros_robot_controller_msgs/msg/detail/bus_servo_state__rosidl_typesupport_fastrtps_cpp.hpp
-- Symlinking: /home/ubuntu/ros2_ws/src/install/ros_robot_controller_msgs/include/ros_robot_controller_msgs/ros_robot_controller_msgs/msg/detail/button_state__rosidl_typesupport_fastrtps_cpp.hpp
-- Symlinking: /home/ubuntu/ros2_ws/src/install/ros_robot_controller_msgs/include/ros_robot_controller_msgs/ros_robot_controller_msgs/msg/detail/buzzer_state__rosidl_typesupport_fastrtps_cpp.hpp
-- Symlinking: /home/ubuntu/ros2_ws/src/install/ros_robot_controller_msgs/include/ros_robot_controller_msgs/ros_robot_controller_msgs/msg/detail/get_bus_servo_cmd__rosidl_typesupport_fastrtps_cpp.hpp
-- Symlinking: /home/ubuntu/ros2_ws/src/install/ros_robot_controller_msgs/include/ros_robot_controller_msgs/ros_robot_controller_msgs/msg/detail/get_pwm_servo_cmd__rosidl_typesupport_fastrtps_cpp.hpp
-- Symlinking: /home/ubuntu/ros2_ws/src/install/ros_robot_controller_msgs/include/ros_robot_controller_msgs/ros_robot_controller_msgs/msg/detail/led_state__rosidl_typesupport_fastrtps_cpp.hpp
-- Symlinking: /home/ubuntu/ros2_ws/src/install/ros_robot_controller_msgs/include/ros_robot_controller_msgs/ros_robot_controller_msgs/msg/detail/motor_state__rosidl_typesupport_fastrtps_cpp.hpp
-- Symlinking: /home/ubuntu/ros2_ws/src/install/ros_robot_controller_msgs/include/ros_robot_controller_msgs/ros_robot_controller_msgs/msg/detail/motors_state__rosidl_typesupport_fastrtps_cpp.hpp
-- Symlinking: /home/ubuntu/ros2_ws/src/install/ros_robot_controller_msgs/include/ros_robot_controller_msgs/ros_robot_controller_msgs/msg/detail/oled_state__rosidl_typesupport_fastrtps_cpp.hpp
-- Symlinking: /home/ubuntu/ros2_ws/src/install/ros_robot_controller_msgs/include/ros_robot_controller_msgs/ros_robot_controller_msgs/msg/detail/pwm_servo_state__rosidl_typesupport_fastrtps_cpp.hpp
-- Symlinking: /home/ubuntu/ros2_ws/src/install/ros_robot_controller_msgs/include/ros_robot_controller_msgs/ros_robot_controller_msgs/msg/detail/rgb_state__rosidl_typesupport_fastrtps_cpp.hpp
-- Symlinking: /home/ubuntu/ros2_ws/src/install/ros_robot_controller_msgs/include/ros_robot_controller_msgs/ros_robot_controller_msgs/msg/detail/rgb_states__rosidl_typesupport_fastrtps_cpp.hpp
-- Symlinking: /home/ubuntu/ros2_ws/src/install/ros_robot_controller_msgs/include/ros_robot_controller_msgs/ros_robot_controller_msgs/msg/detail/sbus__rosidl_typesupport_fastrtps_cpp.hpp
-- Symlinking: /home/ubuntu/ros2_ws/src/install/ros_robot_controller_msgs/include/ros_robot_controller_msgs/ros_robot_controller_msgs/msg/detail/servo_position__rosidl_typesupport_fastrtps_cpp.hpp
-- Symlinking: /home/ubuntu/ros2_ws/src/install/ros_robot_controller_msgs/include/ros_robot_controller_msgs/ros_robot_controller_msgs/msg/detail/servos_position__rosidl_typesupport_fastrtps_cpp.hpp
-- Symlinking: /home/ubuntu/ros2_ws/src/install/ros_robot_controller_msgs/include/ros_robot_controller_msgs/ros_robot_controller_msgs/msg/detail/set_bus_servo_state__rosidl_typesupport_fastrtps_cpp.hpp
-- Symlinking: /home/ubuntu/ros2_ws/src/install/ros_robot_controller_msgs/include/ros_robot_controller_msgs/ros_robot_controller_msgs/msg/detail/set_pwm_servo_state__rosidl_typesupport_fastrtps_cpp.hpp
-- Symlinking: /home/ubuntu/ros2_ws/src/install/ros_robot_controller_msgs/include/ros_robot_controller_msgs/ros_robot_controller_msgs/msg/rosidl_typesupport_fastrtps_cpp__visibility_control.h
-- Symlinking: /home/ubuntu/ros2_ws/src/install/ros_robot_controller_msgs/include/ros_robot_controller_msgs/ros_robot_controller_msgs/srv/detail/get_bus_servo_state__rosidl_typesupport_fastrtps_cpp.hpp
-- Symlinking: /home/ubuntu/ros2_ws/src/install/ros_robot_controller_msgs/include/ros_robot_controller_msgs/ros_robot_controller_msgs/srv/detail/get_pwm_servo_state__rosidl_typesupport_fastrtps_cpp.hpp
-- Symlinking: /home/ubuntu/ros2_ws/src/install/ros_robot_controller_msgs/include/ros_robot_controller_msgs/ros_robot_controller_msgs/msg/detail/bus_servo_state__rosidl_typesupport_introspection_c.h
-- Symlinking: /home/ubuntu/ros2_ws/src/install/ros_robot_controller_msgs/include/ros_robot_controller_msgs/ros_robot_controller_msgs/msg/detail/button_state__rosidl_typesupport_introspection_c.h
-- Symlinking: /home/ubuntu/ros2_ws/src/install/ros_robot_controller_msgs/include/ros_robot_controller_msgs/ros_robot_controller_msgs/msg/detail/buzzer_state__rosidl_typesupport_introspection_c.h
-- Symlinking: /home/ubuntu/ros2_ws/src/install/ros_robot_controller_msgs/include/ros_robot_controller_msgs/ros_robot_controller_msgs/msg/detail/get_bus_servo_cmd__rosidl_typesupport_introspection_c.h
-- Symlinking: /home/ubuntu/ros2_ws/src/install/ros_robot_controller_msgs/include/ros_robot_controller_msgs/ros_robot_controller_msgs/msg/detail/get_pwm_servo_cmd__rosidl_typesupport_introspection_c.h
-- Symlinking: /home/ubuntu/ros2_ws/src/install/ros_robot_controller_msgs/include/ros_robot_controller_msgs/ros_robot_controller_msgs/msg/detail/led_state__rosidl_typesupport_introspection_c.h
-- Symlinking: /home/ubuntu/ros2_ws/src/install/ros_robot_controller_msgs/include/ros_robot_controller_msgs/ros_robot_controller_msgs/msg/detail/motor_state__rosidl_typesupport_introspection_c.h
-- Symlinking: /home/ubuntu/ros2_ws/src/install/ros_robot_controller_msgs/include/ros_robot_controller_msgs/ros_robot_controller_msgs/msg/detail/motors_state__rosidl_typesupport_introspection_c.h
-- Symlinking: /home/ubuntu/ros2_ws/src/install/ros_robot_controller_msgs/include/ros_robot_controller_msgs/ros_robot_controller_msgs/msg/detail/oled_state__rosidl_typesupport_introspection_c.h
-- Symlinking: /home/ubuntu/ros2_ws/src/install/ros_robot_controller_msgs/include/ros_robot_controller_msgs/ros_robot_controller_msgs/msg/detail/pwm_servo_state__rosidl_typesupport_introspection_c.h
-- Symlinking: /home/ubuntu/ros2_ws/src/install/ros_robot_controller_msgs/include/ros_robot_controller_msgs/ros_robot_controller_msgs/msg/detail/rgb_state__rosidl_typesupport_introspection_c.h
-- Symlinking: /home/ubuntu/ros2_ws/src/install/ros_robot_controller_msgs/include/ros_robot_controller_msgs/ros_robot_controller_msgs/msg/detail/rgb_states__rosidl_typesupport_introspection_c.h
-- Symlinking: /home/ubuntu/ros2_ws/src/install/ros_robot_controller_msgs/include/ros_robot_controller_msgs/ros_robot_controller_msgs/msg/detail/sbus__rosidl_typesupport_introspection_c.h
-- Symlinking: /home/ubuntu/ros2_ws/src/install/ros_robot_controller_msgs/include/ros_robot_controller_msgs/ros_robot_controller_msgs/msg/detail/servo_position__rosidl_typesupport_introspection_c.h
-- Symlinking: /home/ubuntu/ros2_ws/src/install/ros_robot_controller_msgs/include/ros_robot_controller_msgs/ros_robot_controller_msgs/msg/detail/servos_position__rosidl_typesupport_introspection_c.h
-- Symlinking: /home/ubuntu/ros2_ws/src/install/ros_robot_controller_msgs/include/ros_robot_controller_msgs/ros_robot_controller_msgs/msg/detail/set_bus_servo_state__rosidl_typesupport_introspection_c.h
-- Symlinking: /home/ubuntu/ros2_ws/src/install/ros_robot_controller_msgs/include/ros_robot_controller_msgs/ros_robot_controller_msgs/msg/detail/set_pwm_servo_state__rosidl_typesupport_introspection_c.h
-- Symlinking: /home/ubuntu/ros2_ws/src/install/ros_robot_controller_msgs/include/ros_robot_controller_msgs/ros_robot_controller_msgs/msg/rosidl_typesupport_introspection_c__visibility_control.h
-- Symlinking: /home/ubuntu/ros2_ws/src/install/ros_robot_controller_msgs/include/ros_robot_controller_msgs/ros_robot_controller_msgs/srv/detail/get_bus_servo_state__rosidl_typesupport_introspection_c.h
-- Symlinking: /home/ubuntu/ros2_ws/src/install/ros_robot_controller_msgs/include/ros_robot_controller_msgs/ros_robot_controller_msgs/srv/detail/get_pwm_servo_state__rosidl_typesupport_introspection_c.h
-- Symlinking: /home/ubuntu/ros2_ws/src/install/ros_robot_controller_msgs/include/ros_robot_controller_msgs/ros_robot_controller_msgs/msg/detail/bus_servo_state__rosidl_typesupport_introspection_cpp.hpp
-- Symlinking: /home/ubuntu/ros2_ws/src/install/ros_robot_controller_msgs/include/ros_robot_controller_msgs/ros_robot_controller_msgs/msg/detail/button_state__rosidl_typesupport_introspection_cpp.hpp
-- Symlinking: /home/ubuntu/ros2_ws/src/install/ros_robot_controller_msgs/include/ros_robot_controller_msgs/ros_robot_controller_msgs/msg/detail/buzzer_state__rosidl_typesupport_introspection_cpp.hpp
-- Symlinking: /home/ubuntu/ros2_ws/src/install/ros_robot_controller_msgs/include/ros_robot_controller_msgs/ros_robot_controller_msgs/msg/detail/get_bus_servo_cmd__rosidl_typesupport_introspection_cpp.hpp
-- Symlinking: /home/ubuntu/ros2_ws/src/install/ros_robot_controller_msgs/include/ros_robot_controller_msgs/ros_robot_controller_msgs/msg/detail/get_pwm_servo_cmd__rosidl_typesupport_introspection_cpp.hpp
-- Symlinking: /home/ubuntu/ros2_ws/src/install/ros_robot_controller_msgs/include/ros_robot_controller_msgs/ros_robot_controller_msgs/msg/detail/led_state__rosidl_typesupport_introspection_cpp.hpp
-- Symlinking: /home/ubuntu/ros2_ws/src/install/ros_robot_controller_msgs/include/ros_robot_controller_msgs/ros_robot_controller_msgs/msg/detail/motor_state__rosidl_typesupport_introspection_cpp.hpp
-- Symlinking: /home/ubuntu/ros2_ws/src/install/ros_robot_controller_msgs/include/ros_robot_controller_msgs/ros_robot_controller_msgs/msg/detail/motors_state__rosidl_typesupport_introspection_cpp.hpp
-- Symlinking: /home/ubuntu/ros2_ws/src/install/ros_robot_controller_msgs/include/ros_robot_controller_msgs/ros_robot_controller_msgs/msg/detail/oled_state__rosidl_typesupport_introspection_cpp.hpp
-- Symlinking: /home/ubuntu/ros2_ws/src/install/ros_robot_controller_msgs/include/ros_robot_controller_msgs/ros_robot_controller_msgs/msg/detail/pwm_servo_state__rosidl_typesupport_introspection_cpp.hpp
-- Symlinking: /home/ubuntu/ros2_ws/src/install/ros_robot_controller_msgs/include/ros_robot_controller_msgs/ros_robot_controller_msgs/msg/detail/rgb_state__rosidl_typesupport_introspection_cpp.hpp
-- Symlinking: /home/ubuntu/ros2_ws/src/install/ros_robot_controller_msgs/include/ros_robot_controller_msgs/ros_robot_controller_msgs/msg/detail/rgb_states__rosidl_typesupport_introspection_cpp.hpp
-- Symlinking: /home/ubuntu/ros2_ws/src/install/ros_robot_controller_msgs/include/ros_robot_controller_msgs/ros_robot_controller_msgs/msg/detail/sbus__rosidl_typesupport_introspection_cpp.hpp
-- Symlinking: /home/ubuntu/ros2_ws/src/install/ros_robot_controller_msgs/include/ros_robot_controller_msgs/ros_robot_controller_msgs/msg/detail/servo_position__rosidl_typesupport_introspection_cpp.hpp
-- Symlinking: /home/ubuntu/ros2_ws/src/install/ros_robot_controller_msgs/include/ros_robot_controller_msgs/ros_robot_controller_msgs/msg/detail/servos_position__rosidl_typesupport_introspection_cpp.hpp
-- Symlinking: /home/ubuntu/ros2_ws/src/install/ros_robot_controller_msgs/include/ros_robot_controller_msgs/ros_robot_controller_msgs/msg/detail/set_bus_servo_state__rosidl_typesupport_introspection_cpp.hpp
-- Symlinking: /home/ubuntu/ros2_ws/src/install/ros_robot_controller_msgs/include/ros_robot_controller_msgs/ros_robot_controller_msgs/msg/detail/set_pwm_servo_state__rosidl_typesupport_introspection_cpp.hpp
-- Symlinking: /home/ubuntu/ros2_ws/src/install/ros_robot_controller_msgs/include/ros_robot_controller_msgs/ros_robot_controller_msgs/srv/detail/get_bus_servo_state__rosidl_typesupport_introspection_cpp.hpp
-- Symlinking: /home/ubuntu/ros2_ws/src/install/ros_robot_controller_msgs/include/ros_robot_controller_msgs/ros_robot_controller_msgs/srv/detail/get_pwm_servo_state__rosidl_typesupport_introspection_cpp.hpp
-- Symlinking: /home/ubuntu/ros2_ws/src/install/ros_robot_controller_msgs/share/ros_robot_controller_msgs/environment/pythonpath.sh
-- Symlinking: /home/ubuntu/ros2_ws/src/install/ros_robot_controller_msgs/share/ros_robot_controller_msgs/environment/pythonpath.dsv
-- Symlinking: /home/ubuntu/ros2_ws/src/install/ros_robot_controller_msgs/local/lib/python3.10/dist-packages/ros_robot_controller_msgs-0.0.0-py3.10.egg-info/PKG-INFO
-- Symlinking: /home/ubuntu/ros2_ws/src/install/ros_robot_controller_msgs/local/lib/python3.10/dist-packages/ros_robot_controller_msgs-0.0.0-py3.10.egg-info/SOURCES.txt
-- Symlinking: /home/ubuntu/ros2_ws/src/install/ros_robot_controller_msgs/local/lib/python3.10/dist-packages/ros_robot_controller_msgs-0.0.0-py3.10.egg-info/dependency_links.txt
-- Symlinking: /home/ubuntu/ros2_ws/src/install/ros_robot_controller_msgs/local/lib/python3.10/dist-packages/ros_robot_controller_msgs-0.0.0-py3.10.egg-info/top_level.txt
-- Symlinking: /home/ubuntu/ros2_ws/src/install/ros_robot_controller_msgs/local/lib/python3.10/dist-packages/ros_robot_controller_msgs/__init__.py
-- Symlinking: /home/ubuntu/ros2_ws/src/install/ros_robot_controller_msgs/local/lib/python3.10/dist-packages/ros_robot_controller_msgs/_ros_robot_controller_msgs_s.ep.rosidl_typesupport_c.c
-- Symlinking: /home/ubuntu/ros2_ws/src/install/ros_robot_controller_msgs/local/lib/python3.10/dist-packages/ros_robot_controller_msgs/_ros_robot_controller_msgs_s.ep.rosidl_typesupport_fastrtps_c.c
-- Symlinking: /home/ubuntu/ros2_ws/src/install/ros_robot_controller_msgs/local/lib/python3.10/dist-packages/ros_robot_controller_msgs/_ros_robot_controller_msgs_s.ep.rosidl_typesupport_introspection_c.c
-- Symlinking: /home/ubuntu/ros2_ws/src/install/ros_robot_controller_msgs/local/lib/python3.10/dist-packages/ros_robot_controller_msgs/libros_robot_controller_msgs__rosidl_generator_py.so
-- Symlinking: /home/ubuntu/ros2_ws/src/install/ros_robot_controller_msgs/local/lib/python3.10/dist-packages/ros_robot_controller_msgs/msg/__init__.py
-- Symlinking: /home/ubuntu/ros2_ws/src/install/ros_robot_controller_msgs/local/lib/python3.10/dist-packages/ros_robot_controller_msgs/msg/_bus_servo_state.py
-- Symlinking: /home/ubuntu/ros2_ws/src/install/ros_robot_controller_msgs/local/lib/python3.10/dist-packages/ros_robot_controller_msgs/msg/_bus_servo_state_s.c
-- Symlinking: /home/ubuntu/ros2_ws/src/install/ros_robot_controller_msgs/local/lib/python3.10/dist-packages/ros_robot_controller_msgs/msg/_button_state.py
-- Symlinking: /home/ubuntu/ros2_ws/src/install/ros_robot_controller_msgs/local/lib/python3.10/dist-packages/ros_robot_controller_msgs/msg/_button_state_s.c
-- Symlinking: /home/ubuntu/ros2_ws/src/install/ros_robot_controller_msgs/local/lib/python3.10/dist-packages/ros_robot_controller_msgs/msg/_buzzer_state.py
-- Symlinking: /home/ubuntu/ros2_ws/src/install/ros_robot_controller_msgs/local/lib/python3.10/dist-packages/ros_robot_controller_msgs/msg/_buzzer_state_s.c
-- Symlinking: /home/ubuntu/ros2_ws/src/install/ros_robot_controller_msgs/local/lib/python3.10/dist-packages/ros_robot_controller_msgs/msg/_get_bus_servo_cmd.py
-- Symlinking: /home/ubuntu/ros2_ws/src/install/ros_robot_controller_msgs/local/lib/python3.10/dist-packages/ros_robot_controller_msgs/msg/_get_bus_servo_cmd_s.c
-- Symlinking: /home/ubuntu/ros2_ws/src/install/ros_robot_controller_msgs/local/lib/python3.10/dist-packages/ros_robot_controller_msgs/msg/_get_pwm_servo_cmd.py
-- Symlinking: /home/ubuntu/ros2_ws/src/install/ros_robot_controller_msgs/local/lib/python3.10/dist-packages/ros_robot_controller_msgs/msg/_get_pwm_servo_cmd_s.c
-- Symlinking: /home/ubuntu/ros2_ws/src/install/ros_robot_controller_msgs/local/lib/python3.10/dist-packages/ros_robot_controller_msgs/msg/_led_state.py
-- Symlinking: /home/ubuntu/ros2_ws/src/install/ros_robot_controller_msgs/local/lib/python3.10/dist-packages/ros_robot_controller_msgs/msg/_led_state_s.c
-- Symlinking: /home/ubuntu/ros2_ws/src/install/ros_robot_controller_msgs/local/lib/python3.10/dist-packages/ros_robot_controller_msgs/msg/_motor_state.py
-- Symlinking: /home/ubuntu/ros2_ws/src/install/ros_robot_controller_msgs/local/lib/python3.10/dist-packages/ros_robot_controller_msgs/msg/_motor_state_s.c
-- Symlinking: /home/ubuntu/ros2_ws/src/install/ros_robot_controller_msgs/local/lib/python3.10/dist-packages/ros_robot_controller_msgs/msg/_motors_state.py
-- Symlinking: /home/ubuntu/ros2_ws/src/install/ros_robot_controller_msgs/local/lib/python3.10/dist-packages/ros_robot_controller_msgs/msg/_motors_state_s.c
-- Symlinking: /home/ubuntu/ros2_ws/src/install/ros_robot_controller_msgs/local/lib/python3.10/dist-packages/ros_robot_controller_msgs/msg/_oled_state.py
-- Symlinking: /home/ubuntu/ros2_ws/src/install/ros_robot_controller_msgs/local/lib/python3.10/dist-packages/ros_robot_controller_msgs/msg/_oled_state_s.c
-- Symlinking: /home/ubuntu/ros2_ws/src/install/ros_robot_controller_msgs/local/lib/python3.10/dist-packages/ros_robot_controller_msgs/msg/_pwm_servo_state.py
-- Symlinking: /home/ubuntu/ros2_ws/src/install/ros_robot_controller_msgs/local/lib/python3.10/dist-packages/ros_robot_controller_msgs/msg/_pwm_servo_state_s.c
-- Symlinking: /home/ubuntu/ros2_ws/src/install/ros_robot_controller_msgs/local/lib/python3.10/dist-packages/ros_robot_controller_msgs/msg/_rgb_state.py
-- Symlinking: /home/ubuntu/ros2_ws/src/install/ros_robot_controller_msgs/local/lib/python3.10/dist-packages/ros_robot_controller_msgs/msg/_rgb_state_s.c
-- Symlinking: /home/ubuntu/ros2_ws/src/install/ros_robot_controller_msgs/local/lib/python3.10/dist-packages/ros_robot_controller_msgs/msg/_rgb_states.py
-- Symlinking: /home/ubuntu/ros2_ws/src/install/ros_robot_controller_msgs/local/lib/python3.10/dist-packages/ros_robot_controller_msgs/msg/_rgb_states_s.c
-- Symlinking: /home/ubuntu/ros2_ws/src/install/ros_robot_controller_msgs/local/lib/python3.10/dist-packages/ros_robot_controller_msgs/msg/_sbus.py
-- Symlinking: /home/ubuntu/ros2_ws/src/install/ros_robot_controller_msgs/local/lib/python3.10/dist-packages/ros_robot_controller_msgs/msg/_sbus_s.c
-- Symlinking: /home/ubuntu/ros2_ws/src/install/ros_robot_controller_msgs/local/lib/python3.10/dist-packages/ros_robot_controller_msgs/msg/_servo_position.py
-- Symlinking: /home/ubuntu/ros2_ws/src/install/ros_robot_controller_msgs/local/lib/python3.10/dist-packages/ros_robot_controller_msgs/msg/_servo_position_s.c
-- Symlinking: /home/ubuntu/ros2_ws/src/install/ros_robot_controller_msgs/local/lib/python3.10/dist-packages/ros_robot_controller_msgs/msg/_servos_position.py
-- Symlinking: /home/ubuntu/ros2_ws/src/install/ros_robot_controller_msgs/local/lib/python3.10/dist-packages/ros_robot_controller_msgs/msg/_servos_position_s.c
-- Symlinking: /home/ubuntu/ros2_ws/src/install/ros_robot_controller_msgs/local/lib/python3.10/dist-packages/ros_robot_controller_msgs/msg/_set_bus_servo_state.py
-- Symlinking: /home/ubuntu/ros2_ws/src/install/ros_robot_controller_msgs/local/lib/python3.10/dist-packages/ros_robot_controller_msgs/msg/_set_bus_servo_state_s.c
-- Symlinking: /home/ubuntu/ros2_ws/src/install/ros_robot_controller_msgs/local/lib/python3.10/dist-packages/ros_robot_controller_msgs/msg/_set_pwm_servo_state.py
-- Symlinking: /home/ubuntu/ros2_ws/src/install/ros_robot_controller_msgs/local/lib/python3.10/dist-packages/ros_robot_controller_msgs/msg/_set_pwm_servo_state_s.c
-- Symlinking: /home/ubuntu/ros2_ws/src/install/ros_robot_controller_msgs/local/lib/python3.10/dist-packages/ros_robot_controller_msgs/ros_robot_controller_msgs_s__rosidl_typesupport_c.cpython-310-aarch64-linux-gnu.so
-- Symlinking: /home/ubuntu/ros2_ws/src/install/ros_robot_controller_msgs/local/lib/python3.10/dist-packages/ros_robot_controller_msgs/ros_robot_controller_msgs_s__rosidl_typesupport_fastrtps_c.cpython-310-aarch64-linux-gnu.so
-- Symlinking: /home/ubuntu/ros2_ws/src/install/ros_robot_controller_msgs/local/lib/python3.10/dist-packages/ros_robot_controller_msgs/ros_robot_controller_msgs_s__rosidl_typesupport_introspection_c.cpython-310-aarch64-linux-gnu.so
-- Symlinking: /home/ubuntu/ros2_ws/src/install/ros_robot_controller_msgs/local/lib/python3.10/dist-packages/ros_robot_controller_msgs/srv/__init__.py
-- Symlinking: /home/ubuntu/ros2_ws/src/install/ros_robot_controller_msgs/local/lib/python3.10/dist-packages/ros_robot_controller_msgs/srv/_get_bus_servo_state.py
-- Symlinking: /home/ubuntu/ros2_ws/src/install/ros_robot_controller_msgs/local/lib/python3.10/dist-packages/ros_robot_controller_msgs/srv/_get_bus_servo_state_s.c
-- Symlinking: /home/ubuntu/ros2_ws/src/install/ros_robot_controller_msgs/local/lib/python3.10/dist-packages/ros_robot_controller_msgs/srv/_get_pwm_servo_state.py
-- Symlinking: /home/ubuntu/ros2_ws/src/install/ros_robot_controller_msgs/local/lib/python3.10/dist-packages/ros_robot_controller_msgs/srv/_get_pwm_servo_state_s.c
-- Up-to-date symlink: /home/ubuntu/ros2_ws/src/install/ros_robot_controller_msgs/local/lib/python3.10/dist-packages/ros_robot_controller_msgs/ros_robot_controller_msgs_s__rosidl_typesupport_fastrtps_c.cpython-310-aarch64-linux-gnu.so
-- Up-to-date symlink: /home/ubuntu/ros2_ws/src/install/ros_robot_controller_msgs/local/lib/python3.10/dist-packages/ros_robot_controller_msgs/ros_robot_controller_msgs_s__rosidl_typesupport_introspection_c.cpython-310-aarch64-linux-gnu.so
-- Up-to-date symlink: /home/ubuntu/ros2_ws/src/install/ros_robot_controller_msgs/local/lib/python3.10/dist-packages/ros_robot_controller_msgs/ros_robot_controller_msgs_s__rosidl_typesupport_c.cpython-310-aarch64-linux-gnu.so
-- Symlinking: /home/ubuntu/ros2_ws/src/install/ros_robot_controller_msgs/share/ros_robot_controller_msgs/msg/BusServoState.idl
-- Symlinking: /home/ubuntu/ros2_ws/src/install/ros_robot_controller_msgs/share/ros_robot_controller_msgs/msg/ButtonState.idl
-- Symlinking: /home/ubuntu/ros2_ws/src/install/ros_robot_controller_msgs/share/ros_robot_controller_msgs/msg/BuzzerState.idl
-- Symlinking: /home/ubuntu/ros2_ws/src/install/ros_robot_controller_msgs/share/ros_robot_controller_msgs/msg/LedState.idl
-- Symlinking: /home/ubuntu/ros2_ws/src/install/ros_robot_controller_msgs/share/ros_robot_controller_msgs/msg/MotorState.idl
-- Symlinking: /home/ubuntu/ros2_ws/src/install/ros_robot_controller_msgs/share/ros_robot_controller_msgs/msg/MotorsState.idl
-- Symlinking: /home/ubuntu/ros2_ws/src/install/ros_robot_controller_msgs/share/ros_robot_controller_msgs/msg/PWMServoState.idl
-- Symlinking: /home/ubuntu/ros2_ws/src/install/ros_robot_controller_msgs/share/ros_robot_controller_msgs/msg/Sbus.idl
-- Symlinking: /home/ubuntu/ros2_ws/src/install/ros_robot_controller_msgs/share/ros_robot_controller_msgs/msg/OLEDState.idl
-- Symlinking: /home/ubuntu/ros2_ws/src/install/ros_robot_controller_msgs/share/ros_robot_controller_msgs/msg/SetBusServoState.idl
-- Symlinking: /home/ubuntu/ros2_ws/src/install/ros_robot_controller_msgs/share/ros_robot_controller_msgs/msg/RGBStates.idl
-- Symlinking: /home/ubuntu/ros2_ws/src/install/ros_robot_controller_msgs/share/ros_robot_controller_msgs/msg/RGBState.idl
-- Symlinking: /home/ubuntu/ros2_ws/src/install/ros_robot_controller_msgs/share/ros_robot_controller_msgs/msg/ServoPosition.idl
-- Symlinking: /home/ubuntu/ros2_ws/src/install/ros_robot_controller_msgs/share/ros_robot_controller_msgs/msg/ServosPosition.idl
-- Symlinking: /home/ubuntu/ros2_ws/src/install/ros_robot_controller_msgs/share/ros_robot_controller_msgs/msg/SetPWMServoState.idl
-- Symlinking: /home/ubuntu/ros2_ws/src/install/ros_robot_controller_msgs/share/ros_robot_controller_msgs/msg/GetBusServoCmd.idl
-- Symlinking: /home/ubuntu/ros2_ws/src/install/ros_robot_controller_msgs/share/ros_robot_controller_msgs/msg/GetPWMServoCmd.idl
-- Symlinking: /home/ubuntu/ros2_ws/src/install/ros_robot_controller_msgs/share/ros_robot_controller_msgs/srv/GetBusServoState.idl
-- Symlinking: /home/ubuntu/ros2_ws/src/install/ros_robot_controller_msgs/share/ros_robot_controller_msgs/srv/GetPWMServoState.idl
-- Symlinking: /home/ubuntu/ros2_ws/src/install/ros_robot_controller_msgs/share/ros_robot_controller_msgs/msg/BusServoState.msg
-- Symlinking: /home/ubuntu/ros2_ws/src/install/ros_robot_controller_msgs/share/ros_robot_controller_msgs/msg/ButtonState.msg
-- Symlinking: /home/ubuntu/ros2_ws/src/install/ros_robot_controller_msgs/share/ros_robot_controller_msgs/msg/BuzzerState.msg
-- Symlinking: /home/ubuntu/ros2_ws/src/install/ros_robot_controller_msgs/share/ros_robot_controller_msgs/msg/LedState.msg
-- Symlinking: /home/ubuntu/ros2_ws/src/install/ros_robot_controller_msgs/share/ros_robot_controller_msgs/msg/MotorState.msg
-- Symlinking: /home/ubuntu/ros2_ws/src/install/ros_robot_controller_msgs/share/ros_robot_controller_msgs/msg/MotorsState.msg
-- Symlinking: /home/ubuntu/ros2_ws/src/install/ros_robot_controller_msgs/share/ros_robot_controller_msgs/msg/PWMServoState.msg
-- Symlinking: /home/ubuntu/ros2_ws/src/install/ros_robot_controller_msgs/share/ros_robot_controller_msgs/msg/Sbus.msg
-- Symlinking: /home/ubuntu/ros2_ws/src/install/ros_robot_controller_msgs/share/ros_robot_controller_msgs/msg/OLEDState.msg
-- Symlinking: /home/ubuntu/ros2_ws/src/install/ros_robot_controller_msgs/share/ros_robot_controller_msgs/msg/SetBusServoState.msg
-- Symlinking: /home/ubuntu/ros2_ws/src/install/ros_robot_controller_msgs/share/ros_robot_controller_msgs/msg/RGBStates.msg
-- Symlinking: /home/ubuntu/ros2_ws/src/install/ros_robot_controller_msgs/share/ros_robot_controller_msgs/msg/RGBState.msg
-- Symlinking: /home/ubuntu/ros2_ws/src/install/ros_robot_controller_msgs/share/ros_robot_controller_msgs/msg/ServoPosition.msg
-- Symlinking: /home/ubuntu/ros2_ws/src/install/ros_robot_controller_msgs/share/ros_robot_controller_msgs/msg/ServosPosition.msg
-- Symlinking: /home/ubuntu/ros2_ws/src/install/ros_robot_controller_msgs/share/ros_robot_controller_msgs/msg/SetPWMServoState.msg
-- Symlinking: /home/ubuntu/ros2_ws/src/install/ros_robot_controller_msgs/share/ros_robot_controller_msgs/msg/GetBusServoCmd.msg
-- Symlinking: /home/ubuntu/ros2_ws/src/install/ros_robot_controller_msgs/share/ros_robot_controller_msgs/msg/GetPWMServoCmd.msg
-- Symlinking: /home/ubuntu/ros2_ws/src/install/ros_robot_controller_msgs/share/ros_robot_controller_msgs/srv/GetBusServoState.srv
-- Symlinking: /home/ubuntu/ros2_ws/src/install/ros_robot_controller_msgs/share/ros_robot_controller_msgs/srv/GetBusServoState_Request.msg
-- Symlinking: /home/ubuntu/ros2_ws/src/install/ros_robot_controller_msgs/share/ros_robot_controller_msgs/srv/GetBusServoState_Response.msg
-- Symlinking: /home/ubuntu/ros2_ws/src/install/ros_robot_controller_msgs/share/ros_robot_controller_msgs/srv/GetPWMServoState.srv
-- Symlinking: /home/ubuntu/ros2_ws/src/install/ros_robot_controller_msgs/share/ros_robot_controller_msgs/srv/GetPWMServoState_Request.msg
-- Symlinking: /home/ubuntu/ros2_ws/src/install/ros_robot_controller_msgs/share/ros_robot_controller_msgs/srv/GetPWMServoState_Response.msg
-- Symlinking: /home/ubuntu/ros2_ws/src/install/ros_robot_controller_msgs/share/ament_index/resource_index/package_run_dependencies/ros_robot_controller_msgs
-- Symlinking: /home/ubuntu/ros2_ws/src/install/ros_robot_controller_msgs/share/ament_index/resource_index/parent_prefix_path/ros_robot_controller_msgs
-- Symlinking: /home/ubuntu/ros2_ws/src/install/ros_robot_controller_msgs/share/ros_robot_controller_msgs/environment/ament_prefix_path.sh
-- Symlinking: /home/ubuntu/ros2_ws/src/install/ros_robot_controller_msgs/share/ros_robot_controller_msgs/environment/ament_prefix_path.dsv
-- Symlinking: /home/ubuntu/ros2_ws/src/install/ros_robot_controller_msgs/share/ros_robot_controller_msgs/environment/path.sh
-- Symlinking: /home/ubuntu/ros2_ws/src/install/ros_robot_controller_msgs/share/ros_robot_controller_msgs/environment/path.dsv
-- Symlinking: /home/ubuntu/ros2_ws/src/install/ros_robot_controller_msgs/share/ros_robot_controller_msgs/local_setup.bash
-- Symlinking: /home/ubuntu/ros2_ws/src/install/ros_robot_controller_msgs/share/ros_robot_controller_msgs/local_setup.sh
-- Symlinking: /home/ubuntu/ros2_ws/src/install/ros_robot_controller_msgs/share/ros_robot_controller_msgs/local_setup.zsh
-- Symlinking: /home/ubuntu/ros2_ws/src/install/ros_robot_controller_msgs/share/ros_robot_controller_msgs/local_setup.dsv
-- Symlinking: /home/ubuntu/ros2_ws/src/install/ros_robot_controller_msgs/share/ros_robot_controller_msgs/package.dsv
-- Symlinking: /home/ubuntu/ros2_ws/src/install/ros_robot_controller_msgs/share/ament_index/resource_index/packages/ros_robot_controller_msgs
-- Symlinking: /home/ubuntu/ros2_ws/src/install/ros_robot_controller_msgs/share/ros_robot_controller_msgs/cmake/rosidl_cmake-extras.cmake
-- Symlinking: /home/ubuntu/ros2_ws/src/install/ros_robot_controller_msgs/share/ros_robot_controller_msgs/cmake/ament_cmake_export_dependencies-extras.cmake
-- Symlinking: /home/ubuntu/ros2_ws/src/install/ros_robot_controller_msgs/share/ros_robot_controller_msgs/cmake/ament_cmake_export_include_directories-extras.cmake
-- Symlinking: /home/ubuntu/ros2_ws/src/install/ros_robot_controller_msgs/share/ros_robot_controller_msgs/cmake/ament_cmake_export_libraries-extras.cmake
-- Symlinking: /home/ubuntu/ros2_ws/src/install/ros_robot_controller_msgs/share/ros_robot_controller_msgs/cmake/ament_cmake_export_targets-extras.cmake
-- Symlinking: /home/ubuntu/ros2_ws/src/install/ros_robot_controller_msgs/share/ros_robot_controller_msgs/cmake/rosidl_cmake_export_typesupport_targets-extras.cmake
-- Symlinking: /home/ubuntu/ros2_ws/src/install/ros_robot_controller_msgs/share/ros_robot_controller_msgs/cmake/rosidl_cmake_export_typesupport_libraries-extras.cmake
-- Symlinking: /home/ubuntu/ros2_ws/src/install/ros_robot_controller_msgs/share/ros_robot_controller_msgs/cmake/ros_robot_controller_msgsConfig.cmake
-- Symlinking: /home/ubuntu/ros2_ws/src/install/ros_robot_controller_msgs/share/ros_robot_controller_msgs/cmake/ros_robot_controller_msgsConfig-version.cmake
-- Symlinking: /home/ubuntu/ros2_ws/src/install/ros_robot_controller_msgs/share/ros_robot_controller_msgs/package.xml
-- Installing: /home/ubuntu/ros2_ws/src/install/ros_robot_controller_msgs/lib/libros_robot_controller_msgs__rosidl_generator_c.so
-- Set runtime path of "/home/ubuntu/ros2_ws/src/install/ros_robot_controller_msgs/lib/libros_robot_controller_msgs__rosidl_generator_c.so" to ""
-- Installing: /home/ubuntu/ros2_ws/src/install/ros_robot_controller_msgs/lib/libros_robot_controller_msgs__rosidl_typesupport_fastrtps_c.so
-- Set runtime path of "/home/ubuntu/ros2_ws/src/install/ros_robot_controller_msgs/lib/libros_robot_controller_msgs__rosidl_typesupport_fastrtps_c.so" to ""
-- Installing: /home/ubuntu/ros2_ws/src/install/ros_robot_controller_msgs/lib/libros_robot_controller_msgs__rosidl_typesupport_fastrtps_cpp.so
-- Set runtime path of "/home/ubuntu/ros2_ws/src/install/ros_robot_controller_msgs/lib/libros_robot_controller_msgs__rosidl_typesupport_fastrtps_cpp.so" to ""
-- Installing: /home/ubuntu/ros2_ws/src/install/ros_robot_controller_msgs/lib/libros_robot_controller_msgs__rosidl_typesupport_introspection_c.so
-- Set runtime path of "/home/ubuntu/ros2_ws/src/install/ros_robot_controller_msgs/lib/libros_robot_controller_msgs__rosidl_typesupport_introspection_c.so" to ""
-- Installing: /home/ubuntu/ros2_ws/src/install/ros_robot_controller_msgs/lib/libros_robot_controller_msgs__rosidl_typesupport_c.so
-- Set runtime path of "/home/ubuntu/ros2_ws/src/install/ros_robot_controller_msgs/lib/libros_robot_controller_msgs__rosidl_typesupport_c.so" to ""
-- Installing: /home/ubuntu/ros2_ws/src/install/ros_robot_controller_msgs/lib/libros_robot_controller_msgs__rosidl_typesupport_introspection_cpp.so
-- Set runtime path of "/home/ubuntu/ros2_ws/src/install/ros_robot_controller_msgs/lib/libros_robot_controller_msgs__rosidl_typesupport_introspection_cpp.so" to ""
-- Installing: /home/ubuntu/ros2_ws/src/install/ros_robot_controller_msgs/lib/libros_robot_controller_msgs__rosidl_typesupport_cpp.so
-- Set runtime path of "/home/ubuntu/ros2_ws/src/install/ros_robot_controller_msgs/lib/libros_robot_controller_msgs__rosidl_typesupport_cpp.so" to ""
Listing '/home/ubuntu/ros2_ws/src/install/ros_robot_controller_msgs/local/lib/python3.10/dist-packages/ros_robot_controller_msgs'...
Compiling '/home/ubuntu/ros2_ws/src/install/ros_robot_controller_msgs/local/lib/python3.10/dist-packages/ros_robot_controller_msgs/__init__.py'...
Listing '/home/ubuntu/ros2_ws/src/install/ros_robot_controller_msgs/local/lib/python3.10/dist-packages/ros_robot_controller_msgs/msg'...
Compiling '/home/ubuntu/ros2_ws/src/install/ros_robot_controller_msgs/local/lib/python3.10/dist-packages/ros_robot_controller_msgs/msg/__init__.py'...
Compiling '/home/ubuntu/ros2_ws/src/install/ros_robot_controller_msgs/local/lib/python3.10/dist-packages/ros_robot_controller_msgs/msg/_bus_servo_state.py'...
Compiling '/home/ubuntu/ros2_ws/src/install/ros_robot_controller_msgs/local/lib/python3.10/dist-packages/ros_robot_controller_msgs/msg/_button_state.py'...
Compiling '/home/ubuntu/ros2_ws/src/install/ros_robot_controller_msgs/local/lib/python3.10/dist-packages/ros_robot_controller_msgs/msg/_buzzer_state.py'...
Compiling '/home/ubuntu/ros2_ws/src/install/ros_robot_controller_msgs/local/lib/python3.10/dist-packages/ros_robot_controller_msgs/msg/_get_bus_servo_cmd.py'...
Compiling '/home/ubuntu/ros2_ws/src/install/ros_robot_controller_msgs/local/lib/python3.10/dist-packages/ros_robot_controller_msgs/msg/_get_pwm_servo_cmd.py'...
Compiling '/home/ubuntu/ros2_ws/src/install/ros_robot_controller_msgs/local/lib/python3.10/dist-packages/ros_robot_controller_msgs/msg/_led_state.py'...
Compiling '/home/ubuntu/ros2_ws/src/install/ros_robot_controller_msgs/local/lib/python3.10/dist-packages/ros_robot_controller_msgs/msg/_motor_state.py'...
Compiling '/home/ubuntu/ros2_ws/src/install/ros_robot_controller_msgs/local/lib/python3.10/dist-packages/ros_robot_controller_msgs/msg/_motors_state.py'...
Compiling '/home/ubuntu/ros2_ws/src/install/ros_robot_controller_msgs/local/lib/python3.10/dist-packages/ros_robot_controller_msgs/msg/_oled_state.py'...
Compiling '/home/ubuntu/ros2_ws/src/install/ros_robot_controller_msgs/local/lib/python3.10/dist-packages/ros_robot_controller_msgs/msg/_pwm_servo_state.py'...
Compiling '/home/ubuntu/ros2_ws/src/install/ros_robot_controller_msgs/local/lib/python3.10/dist-packages/ros_robot_controller_msgs/msg/_rgb_state.py'...
Compiling '/home/ubuntu/ros2_ws/src/install/ros_robot_controller_msgs/local/lib/python3.10/dist-packages/ros_robot_controller_msgs/msg/_rgb_states.py'...
Compiling '/home/ubuntu/ros2_ws/src/install/ros_robot_controller_msgs/local/lib/python3.10/dist-packages/ros_robot_controller_msgs/msg/_sbus.py'...
Compiling '/home/ubuntu/ros2_ws/src/install/ros_robot_controller_msgs/local/lib/python3.10/dist-packages/ros_robot_controller_msgs/msg/_servo_position.py'...
Compiling '/home/ubuntu/ros2_ws/src/install/ros_robot_controller_msgs/local/lib/python3.10/dist-packages/ros_robot_controller_msgs/msg/_servos_position.py'...
Compiling '/home/ubuntu/ros2_ws/src/install/ros_robot_controller_msgs/local/lib/python3.10/dist-packages/ros_robot_controller_msgs/msg/_set_bus_servo_state.py'...
Compiling '/home/ubuntu/ros2_ws/src/install/ros_robot_controller_msgs/local/lib/python3.10/dist-packages/ros_robot_controller_msgs/msg/_set_pwm_servo_state.py'...
Listing '/home/ubuntu/ros2_ws/src/install/ros_robot_controller_msgs/local/lib/python3.10/dist-packages/ros_robot_controller_msgs/srv'...
Compiling '/home/ubuntu/ros2_ws/src/install/ros_robot_controller_msgs/local/lib/python3.10/dist-packages/ros_robot_controller_msgs/srv/__init__.py'...
Compiling '/home/ubuntu/ros2_ws/src/install/ros_robot_controller_msgs/local/lib/python3.10/dist-packages/ros_robot_controller_msgs/srv/_get_bus_servo_state.py'...
Compiling '/home/ubuntu/ros2_ws/src/install/ros_robot_controller_msgs/local/lib/python3.10/dist-packages/ros_robot_controller_msgs/srv/_get_pwm_servo_state.py'...
-- Installing: /home/ubuntu/ros2_ws/src/install/ros_robot_controller_msgs/lib/libros_robot_controller_msgs__rosidl_generator_py.so
-- Set runtime path of "/home/ubuntu/ros2_ws/src/install/ros_robot_controller_msgs/lib/libros_robot_controller_msgs__rosidl_generator_py.so" to ""
-- Installing: /home/ubuntu/ros2_ws/src/install/ros_robot_controller_msgs/share/ros_robot_controller_msgs/cmake/export_ros_robot_controller_msgs__rosidl_generator_cExport.cmake
-- Installing: /home/ubuntu/ros2_ws/src/install/ros_robot_controller_msgs/share/ros_robot_controller_msgs/cmake/export_ros_robot_controller_msgs__rosidl_generator_cExport-release.cmake
-- Installing: /home/ubuntu/ros2_ws/src/install/ros_robot_controller_msgs/share/ros_robot_controller_msgs/cmake/export_ros_robot_controller_msgs__rosidl_typesupport_fastrtps_cExport.cmake
-- Installing: /home/ubuntu/ros2_ws/src/install/ros_robot_controller_msgs/share/ros_robot_controller_msgs/cmake/export_ros_robot_controller_msgs__rosidl_typesupport_fastrtps_cExport-release.cmake
-- Installing: /home/ubuntu/ros2_ws/src/install/ros_robot_controller_msgs/share/ros_robot_controller_msgs/cmake/export_ros_robot_controller_msgs__rosidl_generator_cppExport.cmake
-- Installing: /home/ubuntu/ros2_ws/src/install/ros_robot_controller_msgs/share/ros_robot_controller_msgs/cmake/export_ros_robot_controller_msgs__rosidl_typesupport_fastrtps_cppExport.cmake
-- Installing: /home/ubuntu/ros2_ws/src/install/ros_robot_controller_msgs/share/ros_robot_controller_msgs/cmake/export_ros_robot_controller_msgs__rosidl_typesupport_fastrtps_cppExport-release.cmake
-- Installing: /home/ubuntu/ros2_ws/src/install/ros_robot_controller_msgs/share/ros_robot_controller_msgs/cmake/ros_robot_controller_msgs__rosidl_typesupport_introspection_cExport.cmake
-- Installing: /home/ubuntu/ros2_ws/src/install/ros_robot_controller_msgs/share/ros_robot_controller_msgs/cmake/ros_robot_controller_msgs__rosidl_typesupport_introspection_cExport-release.cmake
-- Installing: /home/ubuntu/ros2_ws/src/install/ros_robot_controller_msgs/share/ros_robot_controller_msgs/cmake/ros_robot_controller_msgs__rosidl_typesupport_cExport.cmake
-- Installing: /home/ubuntu/ros2_ws/src/install/ros_robot_controller_msgs/share/ros_robot_controller_msgs/cmake/ros_robot_controller_msgs__rosidl_typesupport_cExport-release.cmake
-- Installing: /home/ubuntu/ros2_ws/src/install/ros_robot_controller_msgs/share/ros_robot_controller_msgs/cmake/ros_robot_controller_msgs__rosidl_typesupport_introspection_cppExport.cmake
-- Installing: /home/ubuntu/ros2_ws/src/install/ros_robot_controller_msgs/share/ros_robot_controller_msgs/cmake/ros_robot_controller_msgs__rosidl_typesupport_introspection_cppExport-release.cmake
-- Installing: /home/ubuntu/ros2_ws/src/install/ros_robot_controller_msgs/share/ros_robot_controller_msgs/cmake/ros_robot_controller_msgs__rosidl_typesupport_cppExport.cmake
-- Installing: /home/ubuntu/ros2_ws/src/install/ros_robot_controller_msgs/share/ros_robot_controller_msgs/cmake/ros_robot_controller_msgs__rosidl_typesupport_cppExport-release.cmake
-- Installing: /home/ubuntu/ros2_ws/src/install/ros_robot_controller_msgs/share/ros_robot_controller_msgs/cmake/export_ros_robot_controller_msgs__rosidl_generator_pyExport.cmake
-- Installing: /home/ubuntu/ros2_ws/src/install/ros_robot_controller_msgs/share/ros_robot_controller_msgs/cmake/export_ros_robot_controller_msgs__rosidl_generator_pyExport-release.cmake
