[0.515s] Invoking command in '/home/ubuntu/ros2_ws/src/build/ros_robot_controller_msgs': CMAKE_PREFIX_PATH=/home/ubuntu/third_party_ros2/third_party_ws/install/ydlidar_ros2_driver:/home/ubuntu/third_party_ros2/third_party_ws/install/web_video_server:/home/ubuntu/third_party_ros2/third_party_ws/install/teb_local_planner:/home/ubuntu/third_party_ros2/third_party_ws/install/teb_msgs:/home/ubuntu/third_party_ros2/third_party_ws/install/sllidar_ros2:/home/ubuntu/third_party_ros2/third_party_ws/install/rf2o_laser_odometry:/home/ubuntu/third_party_ros2/third_party_ws/install/ldlidar_stl_ros2:/home/ubuntu/third_party_ros2/third_party_ws/install/laser_filters:/home/ubuntu/third_party_ros2/third_party_ws/install/imu_calib:/home/ubuntu/third_party_ros2/third_party_ws/install/costmap_converter:/home/ubuntu/third_party_ros2/third_party_ws/install/costmap_converter_msgs:/home/ubuntu/ros2_ws/install/yolov5_ros2:/home/ubuntu/ros2_ws/install/slam:/home/ubuntu/ros2_ws/install/sdk:/home/ubuntu/ros2_ws/install/ros_robot_controller:/home/ubuntu/ros2_ws/install/peripherals:/home/ubuntu/ros2_ws/install/navigation:/home/ubuntu/ros2_ws/install/multi:/home/ubuntu/ros2_ws/install/mentorpi_description:/home/ubuntu/ros2_ws/install/example:/home/ubuntu/ros2_ws/install/controller:/home/ubuntu/ros2_ws/install/calibration:/home/ubuntu/ros2_ws/install/bringup:/home/ubuntu/ros2_ws/install/app:/opt/ros/humble:/home/ubuntu/third_party_ros2/third_party_ws/install/async_web_server_cpp:/home/ubuntu/third_party_ros2/third_party_ws/install/ascamera:/home/ubuntu/third_party_ros2/third_party_ws/install/apriltag_ros:/home/ubuntu/third_party_ros2/third_party_ws/install/apriltag_msgs:/home/ubuntu/ros2_ws/install/ros_robot_controller_msgs:/home/ubuntu/ros2_ws/install/interfaces /usr/bin/cmake /home/ubuntu/ros2_ws/src/driver/ros_robot_controller_msgs -DAMENT_CMAKE_SYMLINK_INSTALL=1 -DCMAKE_INSTALL_PREFIX=/home/ubuntu/ros2_ws/src/install/ros_robot_controller_msgs
[0.541s] -- Found ament_cmake: 1.3.8 (/opt/ros/humble/share/ament_cmake/cmake)
[0.908s] -- Override CMake install command with custom implementation using symlinks instead of copying resources
[0.947s] -- Found std_msgs: 4.2.3 (/opt/ros/humble/share/std_msgs/cmake)
[0.989s] -- Found rosidl_generator_c: 3.1.5 (/opt/ros/humble/share/rosidl_generator_c/cmake)
[1.001s] -- Found rosidl_adapter: 3.1.5 (/opt/ros/humble/share/rosidl_adapter/cmake)
[1.003s] -- Found rosidl_generator_cpp: 3.1.5 (/opt/ros/humble/share/rosidl_generator_cpp/cmake)
[1.025s] -- Using all available rosidl_typesupport_c: rosidl_typesupport_fastrtps_c;rosidl_typesupport_introspection_c
[1.056s] -- Using all available rosidl_typesupport_cpp: rosidl_typesupport_fastrtps_cpp;rosidl_typesupport_introspection_cpp
[1.153s] -- Found rosidl_default_generators: 1.2.0 (/opt/ros/humble/share/rosidl_default_generators/cmake)
[2.193s] -- Found ament_cmake_ros: 0.10.0 (/opt/ros/humble/share/ament_cmake_ros/cmake)
[3.161s] -- Using all available rosidl_typesupport_c: rosidl_typesupport_fastrtps_c;rosidl_typesupport_introspection_c
[3.521s] -- Using all available rosidl_typesupport_cpp: rosidl_typesupport_fastrtps_cpp;rosidl_typesupport_introspection_cpp
[3.586s] -- Found python_cmake_module: 0.10.0 (/opt/ros/humble/share/python_cmake_module/cmake)
[3.639s] -- Using PYTHON_EXECUTABLE: /usr/bin/python3
[3.640s] -- Using PYTHON_INCLUDE_DIRS: /usr/include/python3.10
[3.640s] -- Using PYTHON_LIBRARIES: /usr/lib/aarch64-linux-gnu/libpython3.10.so
[3.794s] -- Found ament_lint_auto: 0.12.10 (/opt/ros/humble/share/ament_lint_auto/cmake)
[4.001s] -- Added test 'copyright' to check source files copyright and LICENSE
[4.005s] -- Added test 'lint_cmake' to check CMake code style
[4.006s] -- Added test 'xmllint' to check XML markup files
[4.089s] -- Configuring done
[4.625s] -- Generating done
[4.629s] -- Build files have been written to: /home/ubuntu/ros2_ws/src/build/ros_robot_controller_msgs
[4.889s] Invoked command in '/home/ubuntu/ros2_ws/src/build/ros_robot_controller_msgs' returned '0': CMAKE_PREFIX_PATH=/home/ubuntu/third_party_ros2/third_party_ws/install/ydlidar_ros2_driver:/home/ubuntu/third_party_ros2/third_party_ws/install/web_video_server:/home/ubuntu/third_party_ros2/third_party_ws/install/teb_local_planner:/home/ubuntu/third_party_ros2/third_party_ws/install/teb_msgs:/home/ubuntu/third_party_ros2/third_party_ws/install/sllidar_ros2:/home/ubuntu/third_party_ros2/third_party_ws/install/rf2o_laser_odometry:/home/ubuntu/third_party_ros2/third_party_ws/install/ldlidar_stl_ros2:/home/ubuntu/third_party_ros2/third_party_ws/install/laser_filters:/home/ubuntu/third_party_ros2/third_party_ws/install/imu_calib:/home/ubuntu/third_party_ros2/third_party_ws/install/costmap_converter:/home/ubuntu/third_party_ros2/third_party_ws/install/costmap_converter_msgs:/home/ubuntu/ros2_ws/install/yolov5_ros2:/home/ubuntu/ros2_ws/install/slam:/home/ubuntu/ros2_ws/install/sdk:/home/ubuntu/ros2_ws/install/ros_robot_controller:/home/ubuntu/ros2_ws/install/peripherals:/home/ubuntu/ros2_ws/install/navigation:/home/ubuntu/ros2_ws/install/multi:/home/ubuntu/ros2_ws/install/mentorpi_description:/home/ubuntu/ros2_ws/install/example:/home/ubuntu/ros2_ws/install/controller:/home/ubuntu/ros2_ws/install/calibration:/home/ubuntu/ros2_ws/install/bringup:/home/ubuntu/ros2_ws/install/app:/opt/ros/humble:/home/ubuntu/third_party_ros2/third_party_ws/install/async_web_server_cpp:/home/ubuntu/third_party_ros2/third_party_ws/install/ascamera:/home/ubuntu/third_party_ros2/third_party_ws/install/apriltag_ros:/home/ubuntu/third_party_ros2/third_party_ws/install/apriltag_msgs:/home/ubuntu/ros2_ws/install/ros_robot_controller_msgs:/home/ubuntu/ros2_ws/install/interfaces /usr/bin/cmake /home/ubuntu/ros2_ws/src/driver/ros_robot_controller_msgs -DAMENT_CMAKE_SYMLINK_INSTALL=1 -DCMAKE_INSTALL_PREFIX=/home/ubuntu/ros2_ws/src/install/ros_robot_controller_msgs
[4.892s] Invoking command in '/home/ubuntu/ros2_ws/src/build/ros_robot_controller_msgs': CMAKE_PREFIX_PATH=/home/ubuntu/third_party_ros2/third_party_ws/install/ydlidar_ros2_driver:/home/ubuntu/third_party_ros2/third_party_ws/install/web_video_server:/home/ubuntu/third_party_ros2/third_party_ws/install/teb_local_planner:/home/ubuntu/third_party_ros2/third_party_ws/install/teb_msgs:/home/ubuntu/third_party_ros2/third_party_ws/install/sllidar_ros2:/home/ubuntu/third_party_ros2/third_party_ws/install/rf2o_laser_odometry:/home/ubuntu/third_party_ros2/third_party_ws/install/ldlidar_stl_ros2:/home/ubuntu/third_party_ros2/third_party_ws/install/laser_filters:/home/ubuntu/third_party_ros2/third_party_ws/install/imu_calib:/home/ubuntu/third_party_ros2/third_party_ws/install/costmap_converter:/home/ubuntu/third_party_ros2/third_party_ws/install/costmap_converter_msgs:/home/ubuntu/ros2_ws/install/yolov5_ros2:/home/ubuntu/ros2_ws/install/slam:/home/ubuntu/ros2_ws/install/sdk:/home/ubuntu/ros2_ws/install/ros_robot_controller:/home/ubuntu/ros2_ws/install/peripherals:/home/ubuntu/ros2_ws/install/navigation:/home/ubuntu/ros2_ws/install/multi:/home/ubuntu/ros2_ws/install/mentorpi_description:/home/ubuntu/ros2_ws/install/example:/home/ubuntu/ros2_ws/install/controller:/home/ubuntu/ros2_ws/install/calibration:/home/ubuntu/ros2_ws/install/bringup:/home/ubuntu/ros2_ws/install/app:/opt/ros/humble:/home/ubuntu/third_party_ros2/third_party_ws/install/async_web_server_cpp:/home/ubuntu/third_party_ros2/third_party_ws/install/ascamera:/home/ubuntu/third_party_ros2/third_party_ws/install/apriltag_ros:/home/ubuntu/third_party_ros2/third_party_ws/install/apriltag_msgs:/home/ubuntu/ros2_ws/install/ros_robot_controller_msgs:/home/ubuntu/ros2_ws/install/interfaces /usr/bin/cmake --build /home/ubuntu/ros2_ws/src/build/ros_robot_controller_msgs -- -j4 -l4
[4.997s] [  0%] Built target ros_robot_controller_msgs__cpp
[5.009s] [35m[1mConsolidate compiler generated dependencies of target ros_robot_controller_msgs__rosidl_generator_c[0m
[5.011s] [  0%] Built target ament_cmake_python_symlink_ros_robot_controller_msgs
[5.061s] [35m[1mConsolidate compiler generated dependencies of target ros_robot_controller_msgs__rosidl_typesupport_cpp[0m
[5.073s] [ 12%] Built target ros_robot_controller_msgs__rosidl_generator_c
[5.089s] [35m[1mConsolidate compiler generated dependencies of target ros_robot_controller_msgs__rosidl_typesupport_fastrtps_cpp[0m
[5.109s] [35m[1mConsolidate compiler generated dependencies of target ros_robot_controller_msgs__rosidl_typesupport_introspection_cpp[0m
[5.116s] [ 24%] Built target ros_robot_controller_msgs__rosidl_typesupport_cpp
[5.160s] [ 36%] Built target ros_robot_controller_msgs__rosidl_typesupport_fastrtps_cpp
[5.194s] [ 48%] Built target ros_robot_controller_msgs__rosidl_typesupport_introspection_cpp
[5.214s] [35m[1mConsolidate compiler generated dependencies of target ros_robot_controller_msgs__rosidl_typesupport_fastrtps_c[0m
[5.215s] [35m[1mConsolidate compiler generated dependencies of target ros_robot_controller_msgs__rosidl_typesupport_introspection_c[0m
[5.263s] [35m[1mConsolidate compiler generated dependencies of target ros_robot_controller_msgs__rosidl_typesupport_c[0m
[5.271s] [ 60%] Built target ros_robot_controller_msgs__rosidl_typesupport_introspection_c
[5.276s] [ 72%] Built target ros_robot_controller_msgs__rosidl_typesupport_fastrtps_c
[5.297s] [ 84%] Built target ros_robot_controller_msgs__rosidl_typesupport_c
[5.349s] [ 84%] Built target ros_robot_controller_msgs
[5.424s] [ 85%] Built target ros_robot_controller_msgs__py
[5.465s] [35m[1mConsolidate compiler generated dependencies of target ros_robot_controller_msgs__rosidl_generator_py[0m
[5.545s] [ 96%] Built target ros_robot_controller_msgs__rosidl_generator_py
[5.569s] [35m[1mConsolidate compiler generated dependencies of target ros_robot_controller_msgs__rosidl_typesupport_fastrtps_c__pyext[0m
[5.572s] [35m[1mConsolidate compiler generated dependencies of target ros_robot_controller_msgs__rosidl_typesupport_introspection_c__pyext[0m
[5.589s] running egg_info
[5.826s] [35m[1mConsolidate compiler generated dependencies of target ros_robot_controller_msgs__rosidl_typesupport_c__pyext[0m
[5.826s] [ 97%] Built target ros_robot_controller_msgs__rosidl_typesupport_fastrtps_c__pyext
[5.854s] [ 99%] Built target ros_robot_controller_msgs__rosidl_typesupport_introspection_c__pyext
[5.864s] writing ros_robot_controller_msgs.egg-info/PKG-INFO
[5.864s] writing dependency_links to ros_robot_controller_msgs.egg-info/dependency_links.txt
[5.867s] [100%] Built target ros_robot_controller_msgs__rosidl_typesupport_c__pyext
[5.868s] writing top-level names to ros_robot_controller_msgs.egg-info/top_level.txt
[6.163s] reading manifest file 'ros_robot_controller_msgs.egg-info/SOURCES.txt'
[6.172s] writing manifest file 'ros_robot_controller_msgs.egg-info/SOURCES.txt'
[6.294s] [100%] Built target ament_cmake_python_build_ros_robot_controller_msgs_egg
[6.437s] Invoked command in '/home/ubuntu/ros2_ws/src/build/ros_robot_controller_msgs' returned '0': CMAKE_PREFIX_PATH=/home/ubuntu/third_party_ros2/third_party_ws/install/ydlidar_ros2_driver:/home/ubuntu/third_party_ros2/third_party_ws/install/web_video_server:/home/ubuntu/third_party_ros2/third_party_ws/install/teb_local_planner:/home/ubuntu/third_party_ros2/third_party_ws/install/teb_msgs:/home/ubuntu/third_party_ros2/third_party_ws/install/sllidar_ros2:/home/ubuntu/third_party_ros2/third_party_ws/install/rf2o_laser_odometry:/home/ubuntu/third_party_ros2/third_party_ws/install/ldlidar_stl_ros2:/home/ubuntu/third_party_ros2/third_party_ws/install/laser_filters:/home/ubuntu/third_party_ros2/third_party_ws/install/imu_calib:/home/ubuntu/third_party_ros2/third_party_ws/install/costmap_converter:/home/ubuntu/third_party_ros2/third_party_ws/install/costmap_converter_msgs:/home/ubuntu/ros2_ws/install/yolov5_ros2:/home/ubuntu/ros2_ws/install/slam:/home/ubuntu/ros2_ws/install/sdk:/home/ubuntu/ros2_ws/install/ros_robot_controller:/home/ubuntu/ros2_ws/install/peripherals:/home/ubuntu/ros2_ws/install/navigation:/home/ubuntu/ros2_ws/install/multi:/home/ubuntu/ros2_ws/install/mentorpi_description:/home/ubuntu/ros2_ws/install/example:/home/ubuntu/ros2_ws/install/controller:/home/ubuntu/ros2_ws/install/calibration:/home/ubuntu/ros2_ws/install/bringup:/home/ubuntu/ros2_ws/install/app:/opt/ros/humble:/home/ubuntu/third_party_ros2/third_party_ws/install/async_web_server_cpp:/home/ubuntu/third_party_ros2/third_party_ws/install/ascamera:/home/ubuntu/third_party_ros2/third_party_ws/install/apriltag_ros:/home/ubuntu/third_party_ros2/third_party_ws/install/apriltag_msgs:/home/ubuntu/ros2_ws/install/ros_robot_controller_msgs:/home/ubuntu/ros2_ws/install/interfaces /usr/bin/cmake --build /home/ubuntu/ros2_ws/src/build/ros_robot_controller_msgs -- -j4 -l4
[6.865s] Invoking command in '/home/ubuntu/ros2_ws/src/build/ros_robot_controller_msgs': CMAKE_PREFIX_PATH=/home/ubuntu/third_party_ros2/third_party_ws/install/ydlidar_ros2_driver:/home/ubuntu/third_party_ros2/third_party_ws/install/web_video_server:/home/ubuntu/third_party_ros2/third_party_ws/install/teb_local_planner:/home/ubuntu/third_party_ros2/third_party_ws/install/teb_msgs:/home/ubuntu/third_party_ros2/third_party_ws/install/sllidar_ros2:/home/ubuntu/third_party_ros2/third_party_ws/install/rf2o_laser_odometry:/home/ubuntu/third_party_ros2/third_party_ws/install/ldlidar_stl_ros2:/home/ubuntu/third_party_ros2/third_party_ws/install/laser_filters:/home/ubuntu/third_party_ros2/third_party_ws/install/imu_calib:/home/ubuntu/third_party_ros2/third_party_ws/install/costmap_converter:/home/ubuntu/third_party_ros2/third_party_ws/install/costmap_converter_msgs:/home/ubuntu/ros2_ws/install/yolov5_ros2:/home/ubuntu/ros2_ws/install/slam:/home/ubuntu/ros2_ws/install/sdk:/home/ubuntu/ros2_ws/install/ros_robot_controller:/home/ubuntu/ros2_ws/install/peripherals:/home/ubuntu/ros2_ws/install/navigation:/home/ubuntu/ros2_ws/install/multi:/home/ubuntu/ros2_ws/install/mentorpi_description:/home/ubuntu/ros2_ws/install/example:/home/ubuntu/ros2_ws/install/controller:/home/ubuntu/ros2_ws/install/calibration:/home/ubuntu/ros2_ws/install/bringup:/home/ubuntu/ros2_ws/install/app:/opt/ros/humble:/home/ubuntu/third_party_ros2/third_party_ws/install/async_web_server_cpp:/home/ubuntu/third_party_ros2/third_party_ws/install/ascamera:/home/ubuntu/third_party_ros2/third_party_ws/install/apriltag_ros:/home/ubuntu/third_party_ros2/third_party_ws/install/apriltag_msgs:/home/ubuntu/ros2_ws/install/ros_robot_controller_msgs:/home/ubuntu/ros2_ws/install/interfaces /usr/bin/cmake --install /home/ubuntu/ros2_ws/src/build/ros_robot_controller_msgs
[6.875s] -- Install configuration: "Release"
[6.880s] -- Execute custom install script
[6.880s] -- Symlinking: /home/ubuntu/ros2_ws/src/install/ros_robot_controller_msgs/share/ament_index/resource_index/rosidl_interfaces/ros_robot_controller_msgs
[6.891s] -- Symlinking: /home/ubuntu/ros2_ws/src/install/ros_robot_controller_msgs/include/ros_robot_controller_msgs/ros_robot_controller_msgs/msg/bus_servo_state.h
[6.901s] -- Symlinking: /home/ubuntu/ros2_ws/src/install/ros_robot_controller_msgs/include/ros_robot_controller_msgs/ros_robot_controller_msgs/msg/button_state.h
[6.910s] -- Symlinking: /home/ubuntu/ros2_ws/src/install/ros_robot_controller_msgs/include/ros_robot_controller_msgs/ros_robot_controller_msgs/msg/buzzer_state.h
[6.920s] -- Symlinking: /home/ubuntu/ros2_ws/src/install/ros_robot_controller_msgs/include/ros_robot_controller_msgs/ros_robot_controller_msgs/msg/detail/bus_servo_state__functions.h
[6.930s] -- Symlinking: /home/ubuntu/ros2_ws/src/install/ros_robot_controller_msgs/include/ros_robot_controller_msgs/ros_robot_controller_msgs/msg/detail/bus_servo_state__struct.h
[6.940s] -- Symlinking: /home/ubuntu/ros2_ws/src/install/ros_robot_controller_msgs/include/ros_robot_controller_msgs/ros_robot_controller_msgs/msg/detail/bus_servo_state__type_support.h
[6.951s] -- Symlinking: /home/ubuntu/ros2_ws/src/install/ros_robot_controller_msgs/include/ros_robot_controller_msgs/ros_robot_controller_msgs/msg/detail/button_state__functions.h
[6.960s] -- Symlinking: /home/ubuntu/ros2_ws/src/install/ros_robot_controller_msgs/include/ros_robot_controller_msgs/ros_robot_controller_msgs/msg/detail/button_state__struct.h
[6.970s] -- Symlinking: /home/ubuntu/ros2_ws/src/install/ros_robot_controller_msgs/include/ros_robot_controller_msgs/ros_robot_controller_msgs/msg/detail/button_state__type_support.h
[6.979s] -- Symlinking: /home/ubuntu/ros2_ws/src/install/ros_robot_controller_msgs/include/ros_robot_controller_msgs/ros_robot_controller_msgs/msg/detail/buzzer_state__functions.h
[6.989s] -- Symlinking: /home/ubuntu/ros2_ws/src/install/ros_robot_controller_msgs/include/ros_robot_controller_msgs/ros_robot_controller_msgs/msg/detail/buzzer_state__struct.h
[6.999s] -- Symlinking: /home/ubuntu/ros2_ws/src/install/ros_robot_controller_msgs/include/ros_robot_controller_msgs/ros_robot_controller_msgs/msg/detail/buzzer_state__type_support.h
[7.008s] -- Symlinking: /home/ubuntu/ros2_ws/src/install/ros_robot_controller_msgs/include/ros_robot_controller_msgs/ros_robot_controller_msgs/msg/detail/get_bus_servo_cmd__functions.h
[7.018s] -- Symlinking: /home/ubuntu/ros2_ws/src/install/ros_robot_controller_msgs/include/ros_robot_controller_msgs/ros_robot_controller_msgs/msg/detail/get_bus_servo_cmd__struct.h
[7.028s] -- Symlinking: /home/ubuntu/ros2_ws/src/install/ros_robot_controller_msgs/include/ros_robot_controller_msgs/ros_robot_controller_msgs/msg/detail/get_bus_servo_cmd__type_support.h
[7.037s] -- Symlinking: /home/ubuntu/ros2_ws/src/install/ros_robot_controller_msgs/include/ros_robot_controller_msgs/ros_robot_controller_msgs/msg/detail/get_pwm_servo_cmd__functions.h
[7.048s] -- Symlinking: /home/ubuntu/ros2_ws/src/install/ros_robot_controller_msgs/include/ros_robot_controller_msgs/ros_robot_controller_msgs/msg/detail/get_pwm_servo_cmd__struct.h
[7.058s] -- Symlinking: /home/ubuntu/ros2_ws/src/install/ros_robot_controller_msgs/include/ros_robot_controller_msgs/ros_robot_controller_msgs/msg/detail/get_pwm_servo_cmd__type_support.h
[7.067s] -- Symlinking: /home/ubuntu/ros2_ws/src/install/ros_robot_controller_msgs/include/ros_robot_controller_msgs/ros_robot_controller_msgs/msg/detail/led_state__functions.h
[7.077s] -- Symlinking: /home/ubuntu/ros2_ws/src/install/ros_robot_controller_msgs/include/ros_robot_controller_msgs/ros_robot_controller_msgs/msg/detail/led_state__struct.h
[7.086s] -- Symlinking: /home/ubuntu/ros2_ws/src/install/ros_robot_controller_msgs/include/ros_robot_controller_msgs/ros_robot_controller_msgs/msg/detail/led_state__type_support.h
[7.096s] -- Symlinking: /home/ubuntu/ros2_ws/src/install/ros_robot_controller_msgs/include/ros_robot_controller_msgs/ros_robot_controller_msgs/msg/detail/motor_state__functions.h
[7.112s] -- Symlinking: /home/ubuntu/ros2_ws/src/install/ros_robot_controller_msgs/include/ros_robot_controller_msgs/ros_robot_controller_msgs/msg/detail/motor_state__struct.h
[7.122s] -- Symlinking: /home/ubuntu/ros2_ws/src/install/ros_robot_controller_msgs/include/ros_robot_controller_msgs/ros_robot_controller_msgs/msg/detail/motor_state__type_support.h
[7.132s] -- Symlinking: /home/ubuntu/ros2_ws/src/install/ros_robot_controller_msgs/include/ros_robot_controller_msgs/ros_robot_controller_msgs/msg/detail/motors_state__functions.h
[7.142s] -- Symlinking: /home/ubuntu/ros2_ws/src/install/ros_robot_controller_msgs/include/ros_robot_controller_msgs/ros_robot_controller_msgs/msg/detail/motors_state__struct.h
[7.152s] -- Symlinking: /home/ubuntu/ros2_ws/src/install/ros_robot_controller_msgs/include/ros_robot_controller_msgs/ros_robot_controller_msgs/msg/detail/motors_state__type_support.h
[7.162s] -- Symlinking: /home/ubuntu/ros2_ws/src/install/ros_robot_controller_msgs/include/ros_robot_controller_msgs/ros_robot_controller_msgs/msg/detail/oled_state__functions.h
[7.171s] -- Symlinking: /home/ubuntu/ros2_ws/src/install/ros_robot_controller_msgs/include/ros_robot_controller_msgs/ros_robot_controller_msgs/msg/detail/oled_state__struct.h
[7.181s] -- Symlinking: /home/ubuntu/ros2_ws/src/install/ros_robot_controller_msgs/include/ros_robot_controller_msgs/ros_robot_controller_msgs/msg/detail/oled_state__type_support.h
[7.190s] -- Symlinking: /home/ubuntu/ros2_ws/src/install/ros_robot_controller_msgs/include/ros_robot_controller_msgs/ros_robot_controller_msgs/msg/detail/pwm_servo_state__functions.h
[7.200s] -- Symlinking: /home/ubuntu/ros2_ws/src/install/ros_robot_controller_msgs/include/ros_robot_controller_msgs/ros_robot_controller_msgs/msg/detail/pwm_servo_state__struct.h
[7.210s] -- Symlinking: /home/ubuntu/ros2_ws/src/install/ros_robot_controller_msgs/include/ros_robot_controller_msgs/ros_robot_controller_msgs/msg/detail/pwm_servo_state__type_support.h
[7.219s] -- Symlinking: /home/ubuntu/ros2_ws/src/install/ros_robot_controller_msgs/include/ros_robot_controller_msgs/ros_robot_controller_msgs/msg/detail/rgb_state__functions.h
[7.229s] -- Symlinking: /home/ubuntu/ros2_ws/src/install/ros_robot_controller_msgs/include/ros_robot_controller_msgs/ros_robot_controller_msgs/msg/detail/rgb_state__struct.h
[7.241s] -- Symlinking: /home/ubuntu/ros2_ws/src/install/ros_robot_controller_msgs/include/ros_robot_controller_msgs/ros_robot_controller_msgs/msg/detail/rgb_state__type_support.h
[7.252s] -- Symlinking: /home/ubuntu/ros2_ws/src/install/ros_robot_controller_msgs/include/ros_robot_controller_msgs/ros_robot_controller_msgs/msg/detail/rgb_states__functions.h
[7.264s] -- Symlinking: /home/ubuntu/ros2_ws/src/install/ros_robot_controller_msgs/include/ros_robot_controller_msgs/ros_robot_controller_msgs/msg/detail/rgb_states__struct.h
[7.275s] -- Symlinking: /home/ubuntu/ros2_ws/src/install/ros_robot_controller_msgs/include/ros_robot_controller_msgs/ros_robot_controller_msgs/msg/detail/rgb_states__type_support.h
[7.286s] -- Symlinking: /home/ubuntu/ros2_ws/src/install/ros_robot_controller_msgs/include/ros_robot_controller_msgs/ros_robot_controller_msgs/msg/detail/sbus__functions.h
[7.297s] -- Symlinking: /home/ubuntu/ros2_ws/src/install/ros_robot_controller_msgs/include/ros_robot_controller_msgs/ros_robot_controller_msgs/msg/detail/sbus__struct.h
[7.307s] -- Symlinking: /home/ubuntu/ros2_ws/src/install/ros_robot_controller_msgs/include/ros_robot_controller_msgs/ros_robot_controller_msgs/msg/detail/sbus__type_support.h
[7.318s] -- Symlinking: /home/ubuntu/ros2_ws/src/install/ros_robot_controller_msgs/include/ros_robot_controller_msgs/ros_robot_controller_msgs/msg/detail/servo_position__functions.h
[7.330s] -- Symlinking: /home/ubuntu/ros2_ws/src/install/ros_robot_controller_msgs/include/ros_robot_controller_msgs/ros_robot_controller_msgs/msg/detail/servo_position__struct.h
[7.341s] -- Symlinking: /home/ubuntu/ros2_ws/src/install/ros_robot_controller_msgs/include/ros_robot_controller_msgs/ros_robot_controller_msgs/msg/detail/servo_position__type_support.h
[7.349s] -- Symlinking: /home/ubuntu/ros2_ws/src/install/ros_robot_controller_msgs/include/ros_robot_controller_msgs/ros_robot_controller_msgs/msg/detail/servos_position__functions.h
[7.362s] -- Symlinking: /home/ubuntu/ros2_ws/src/install/ros_robot_controller_msgs/include/ros_robot_controller_msgs/ros_robot_controller_msgs/msg/detail/servos_position__struct.h
[7.373s] -- Symlinking: /home/ubuntu/ros2_ws/src/install/ros_robot_controller_msgs/include/ros_robot_controller_msgs/ros_robot_controller_msgs/msg/detail/servos_position__type_support.h
[7.382s] -- Symlinking: /home/ubuntu/ros2_ws/src/install/ros_robot_controller_msgs/include/ros_robot_controller_msgs/ros_robot_controller_msgs/msg/detail/set_bus_servo_state__functions.h
[7.391s] -- Symlinking: /home/ubuntu/ros2_ws/src/install/ros_robot_controller_msgs/include/ros_robot_controller_msgs/ros_robot_controller_msgs/msg/detail/set_bus_servo_state__struct.h
[7.402s] -- Symlinking: /home/ubuntu/ros2_ws/src/install/ros_robot_controller_msgs/include/ros_robot_controller_msgs/ros_robot_controller_msgs/msg/detail/set_bus_servo_state__type_support.h
[7.411s] -- Symlinking: /home/ubuntu/ros2_ws/src/install/ros_robot_controller_msgs/include/ros_robot_controller_msgs/ros_robot_controller_msgs/msg/detail/set_pwm_servo_state__functions.h
[7.421s] -- Symlinking: /home/ubuntu/ros2_ws/src/install/ros_robot_controller_msgs/include/ros_robot_controller_msgs/ros_robot_controller_msgs/msg/detail/set_pwm_servo_state__struct.h
[7.432s] -- Symlinking: /home/ubuntu/ros2_ws/src/install/ros_robot_controller_msgs/include/ros_robot_controller_msgs/ros_robot_controller_msgs/msg/detail/set_pwm_servo_state__type_support.h
[7.442s] -- Symlinking: /home/ubuntu/ros2_ws/src/install/ros_robot_controller_msgs/include/ros_robot_controller_msgs/ros_robot_controller_msgs/msg/get_bus_servo_cmd.h
[7.454s] -- Symlinking: /home/ubuntu/ros2_ws/src/install/ros_robot_controller_msgs/include/ros_robot_controller_msgs/ros_robot_controller_msgs/msg/get_pwm_servo_cmd.h
[7.466s] -- Symlinking: /home/ubuntu/ros2_ws/src/install/ros_robot_controller_msgs/include/ros_robot_controller_msgs/ros_robot_controller_msgs/msg/led_state.h
[7.475s] -- Symlinking: /home/ubuntu/ros2_ws/src/install/ros_robot_controller_msgs/include/ros_robot_controller_msgs/ros_robot_controller_msgs/msg/motor_state.h
[7.485s] -- Symlinking: /home/ubuntu/ros2_ws/src/install/ros_robot_controller_msgs/include/ros_robot_controller_msgs/ros_robot_controller_msgs/msg/motors_state.h
[7.494s] -- Symlinking: /home/ubuntu/ros2_ws/src/install/ros_robot_controller_msgs/include/ros_robot_controller_msgs/ros_robot_controller_msgs/msg/oled_state.h
[7.504s] -- Symlinking: /home/ubuntu/ros2_ws/src/install/ros_robot_controller_msgs/include/ros_robot_controller_msgs/ros_robot_controller_msgs/msg/pwm_servo_state.h
[7.515s] -- Symlinking: /home/ubuntu/ros2_ws/src/install/ros_robot_controller_msgs/include/ros_robot_controller_msgs/ros_robot_controller_msgs/msg/rgb_state.h
[7.527s] -- Symlinking: /home/ubuntu/ros2_ws/src/install/ros_robot_controller_msgs/include/ros_robot_controller_msgs/ros_robot_controller_msgs/msg/rgb_states.h
[7.538s] -- Symlinking: /home/ubuntu/ros2_ws/src/install/ros_robot_controller_msgs/include/ros_robot_controller_msgs/ros_robot_controller_msgs/msg/rosidl_generator_c__visibility_control.h
[7.550s] -- Symlinking: /home/ubuntu/ros2_ws/src/install/ros_robot_controller_msgs/include/ros_robot_controller_msgs/ros_robot_controller_msgs/msg/sbus.h
[7.559s] -- Symlinking: /home/ubuntu/ros2_ws/src/install/ros_robot_controller_msgs/include/ros_robot_controller_msgs/ros_robot_controller_msgs/msg/servo_position.h
[7.568s] -- Symlinking: /home/ubuntu/ros2_ws/src/install/ros_robot_controller_msgs/include/ros_robot_controller_msgs/ros_robot_controller_msgs/msg/servos_position.h
[7.578s] -- Symlinking: /home/ubuntu/ros2_ws/src/install/ros_robot_controller_msgs/include/ros_robot_controller_msgs/ros_robot_controller_msgs/msg/set_bus_servo_state.h
[7.587s] -- Symlinking: /home/ubuntu/ros2_ws/src/install/ros_robot_controller_msgs/include/ros_robot_controller_msgs/ros_robot_controller_msgs/msg/set_pwm_servo_state.h
[7.596s] -- Symlinking: /home/ubuntu/ros2_ws/src/install/ros_robot_controller_msgs/include/ros_robot_controller_msgs/ros_robot_controller_msgs/srv/detail/get_bus_servo_state__functions.h
[7.606s] -- Symlinking: /home/ubuntu/ros2_ws/src/install/ros_robot_controller_msgs/include/ros_robot_controller_msgs/ros_robot_controller_msgs/srv/detail/get_bus_servo_state__struct.h
[7.615s] -- Symlinking: /home/ubuntu/ros2_ws/src/install/ros_robot_controller_msgs/include/ros_robot_controller_msgs/ros_robot_controller_msgs/srv/detail/get_bus_servo_state__type_support.h
[7.624s] -- Symlinking: /home/ubuntu/ros2_ws/src/install/ros_robot_controller_msgs/include/ros_robot_controller_msgs/ros_robot_controller_msgs/srv/detail/get_pwm_servo_state__functions.h
[7.634s] -- Symlinking: /home/ubuntu/ros2_ws/src/install/ros_robot_controller_msgs/include/ros_robot_controller_msgs/ros_robot_controller_msgs/srv/detail/get_pwm_servo_state__struct.h
[7.643s] -- Symlinking: /home/ubuntu/ros2_ws/src/install/ros_robot_controller_msgs/include/ros_robot_controller_msgs/ros_robot_controller_msgs/srv/detail/get_pwm_servo_state__type_support.h
[7.654s] -- Symlinking: /home/ubuntu/ros2_ws/src/install/ros_robot_controller_msgs/include/ros_robot_controller_msgs/ros_robot_controller_msgs/srv/get_bus_servo_state.h
[7.663s] -- Symlinking: /home/ubuntu/ros2_ws/src/install/ros_robot_controller_msgs/include/ros_robot_controller_msgs/ros_robot_controller_msgs/srv/get_pwm_servo_state.h
[7.672s] -- Symlinking: /home/ubuntu/ros2_ws/src/install/ros_robot_controller_msgs/share/ros_robot_controller_msgs/environment/library_path.sh
[7.682s] -- Symlinking: /home/ubuntu/ros2_ws/src/install/ros_robot_controller_msgs/share/ros_robot_controller_msgs/environment/library_path.dsv
[7.692s] -- Symlinking: /home/ubuntu/ros2_ws/src/install/ros_robot_controller_msgs/include/ros_robot_controller_msgs/ros_robot_controller_msgs/msg/detail/bus_servo_state__rosidl_typesupport_fastrtps_c.h
[7.701s] -- Symlinking: /home/ubuntu/ros2_ws/src/install/ros_robot_controller_msgs/include/ros_robot_controller_msgs/ros_robot_controller_msgs/msg/detail/button_state__rosidl_typesupport_fastrtps_c.h
[7.711s] -- Symlinking: /home/ubuntu/ros2_ws/src/install/ros_robot_controller_msgs/include/ros_robot_controller_msgs/ros_robot_controller_msgs/msg/detail/buzzer_state__rosidl_typesupport_fastrtps_c.h
[7.720s] -- Symlinking: /home/ubuntu/ros2_ws/src/install/ros_robot_controller_msgs/include/ros_robot_controller_msgs/ros_robot_controller_msgs/msg/detail/get_bus_servo_cmd__rosidl_typesupport_fastrtps_c.h
[7.729s] -- Symlinking: /home/ubuntu/ros2_ws/src/install/ros_robot_controller_msgs/include/ros_robot_controller_msgs/ros_robot_controller_msgs/msg/detail/get_pwm_servo_cmd__rosidl_typesupport_fastrtps_c.h
[7.739s] -- Symlinking: /home/ubuntu/ros2_ws/src/install/ros_robot_controller_msgs/include/ros_robot_controller_msgs/ros_robot_controller_msgs/msg/detail/led_state__rosidl_typesupport_fastrtps_c.h
[7.748s] -- Symlinking: /home/ubuntu/ros2_ws/src/install/ros_robot_controller_msgs/include/ros_robot_controller_msgs/ros_robot_controller_msgs/msg/detail/motor_state__rosidl_typesupport_fastrtps_c.h
[7.758s] -- Symlinking: /home/ubuntu/ros2_ws/src/install/ros_robot_controller_msgs/include/ros_robot_controller_msgs/ros_robot_controller_msgs/msg/detail/motors_state__rosidl_typesupport_fastrtps_c.h
[7.767s] -- Symlinking: /home/ubuntu/ros2_ws/src/install/ros_robot_controller_msgs/include/ros_robot_controller_msgs/ros_robot_controller_msgs/msg/detail/oled_state__rosidl_typesupport_fastrtps_c.h
[7.777s] -- Symlinking: /home/ubuntu/ros2_ws/src/install/ros_robot_controller_msgs/include/ros_robot_controller_msgs/ros_robot_controller_msgs/msg/detail/pwm_servo_state__rosidl_typesupport_fastrtps_c.h
[7.786s] -- Symlinking: /home/ubuntu/ros2_ws/src/install/ros_robot_controller_msgs/include/ros_robot_controller_msgs/ros_robot_controller_msgs/msg/detail/rgb_state__rosidl_typesupport_fastrtps_c.h
[7.795s] -- Symlinking: /home/ubuntu/ros2_ws/src/install/ros_robot_controller_msgs/include/ros_robot_controller_msgs/ros_robot_controller_msgs/msg/detail/rgb_states__rosidl_typesupport_fastrtps_c.h
[7.805s] -- Symlinking: /home/ubuntu/ros2_ws/src/install/ros_robot_controller_msgs/include/ros_robot_controller_msgs/ros_robot_controller_msgs/msg/detail/sbus__rosidl_typesupport_fastrtps_c.h
[7.814s] -- Symlinking: /home/ubuntu/ros2_ws/src/install/ros_robot_controller_msgs/include/ros_robot_controller_msgs/ros_robot_controller_msgs/msg/detail/servo_position__rosidl_typesupport_fastrtps_c.h
[7.823s] -- Symlinking: /home/ubuntu/ros2_ws/src/install/ros_robot_controller_msgs/include/ros_robot_controller_msgs/ros_robot_controller_msgs/msg/detail/servos_position__rosidl_typesupport_fastrtps_c.h
[7.833s] -- Symlinking: /home/ubuntu/ros2_ws/src/install/ros_robot_controller_msgs/include/ros_robot_controller_msgs/ros_robot_controller_msgs/msg/detail/set_bus_servo_state__rosidl_typesupport_fastrtps_c.h
[7.842s] -- Symlinking: /home/ubuntu/ros2_ws/src/install/ros_robot_controller_msgs/include/ros_robot_controller_msgs/ros_robot_controller_msgs/msg/detail/set_pwm_servo_state__rosidl_typesupport_fastrtps_c.h
[7.852s] -- Symlinking: /home/ubuntu/ros2_ws/src/install/ros_robot_controller_msgs/include/ros_robot_controller_msgs/ros_robot_controller_msgs/msg/rosidl_typesupport_fastrtps_c__visibility_control.h
[7.862s] -- Symlinking: /home/ubuntu/ros2_ws/src/install/ros_robot_controller_msgs/include/ros_robot_controller_msgs/ros_robot_controller_msgs/srv/detail/get_bus_servo_state__rosidl_typesupport_fastrtps_c.h
[7.871s] -- Symlinking: /home/ubuntu/ros2_ws/src/install/ros_robot_controller_msgs/include/ros_robot_controller_msgs/ros_robot_controller_msgs/srv/detail/get_pwm_servo_state__rosidl_typesupport_fastrtps_c.h
[7.882s] -- Symlinking: /home/ubuntu/ros2_ws/src/install/ros_robot_controller_msgs/include/ros_robot_controller_msgs/ros_robot_controller_msgs/msg/bus_servo_state.hpp
[7.891s] -- Symlinking: /home/ubuntu/ros2_ws/src/install/ros_robot_controller_msgs/include/ros_robot_controller_msgs/ros_robot_controller_msgs/msg/button_state.hpp
[7.900s] -- Symlinking: /home/ubuntu/ros2_ws/src/install/ros_robot_controller_msgs/include/ros_robot_controller_msgs/ros_robot_controller_msgs/msg/buzzer_state.hpp
[7.910s] -- Symlinking: /home/ubuntu/ros2_ws/src/install/ros_robot_controller_msgs/include/ros_robot_controller_msgs/ros_robot_controller_msgs/msg/detail/bus_servo_state__builder.hpp
[7.919s] -- Symlinking: /home/ubuntu/ros2_ws/src/install/ros_robot_controller_msgs/include/ros_robot_controller_msgs/ros_robot_controller_msgs/msg/detail/bus_servo_state__struct.hpp
[7.929s] -- Symlinking: /home/ubuntu/ros2_ws/src/install/ros_robot_controller_msgs/include/ros_robot_controller_msgs/ros_robot_controller_msgs/msg/detail/bus_servo_state__traits.hpp
[7.938s] -- Symlinking: /home/ubuntu/ros2_ws/src/install/ros_robot_controller_msgs/include/ros_robot_controller_msgs/ros_robot_controller_msgs/msg/detail/button_state__builder.hpp
[7.947s] -- Symlinking: /home/ubuntu/ros2_ws/src/install/ros_robot_controller_msgs/include/ros_robot_controller_msgs/ros_robot_controller_msgs/msg/detail/button_state__struct.hpp
[7.958s] -- Symlinking: /home/ubuntu/ros2_ws/src/install/ros_robot_controller_msgs/include/ros_robot_controller_msgs/ros_robot_controller_msgs/msg/detail/button_state__traits.hpp
[7.967s] -- Symlinking: /home/ubuntu/ros2_ws/src/install/ros_robot_controller_msgs/include/ros_robot_controller_msgs/ros_robot_controller_msgs/msg/detail/buzzer_state__builder.hpp
[7.976s] -- Symlinking: /home/ubuntu/ros2_ws/src/install/ros_robot_controller_msgs/include/ros_robot_controller_msgs/ros_robot_controller_msgs/msg/detail/buzzer_state__struct.hpp
[7.986s] -- Symlinking: /home/ubuntu/ros2_ws/src/install/ros_robot_controller_msgs/include/ros_robot_controller_msgs/ros_robot_controller_msgs/msg/detail/buzzer_state__traits.hpp
[7.995s] -- Symlinking: /home/ubuntu/ros2_ws/src/install/ros_robot_controller_msgs/include/ros_robot_controller_msgs/ros_robot_controller_msgs/msg/detail/get_bus_servo_cmd__builder.hpp
[8.004s] -- Symlinking: /home/ubuntu/ros2_ws/src/install/ros_robot_controller_msgs/include/ros_robot_controller_msgs/ros_robot_controller_msgs/msg/detail/get_bus_servo_cmd__struct.hpp
[8.013s] -- Symlinking: /home/ubuntu/ros2_ws/src/install/ros_robot_controller_msgs/include/ros_robot_controller_msgs/ros_robot_controller_msgs/msg/detail/get_bus_servo_cmd__traits.hpp
[8.023s] -- Symlinking: /home/ubuntu/ros2_ws/src/install/ros_robot_controller_msgs/include/ros_robot_controller_msgs/ros_robot_controller_msgs/msg/detail/get_pwm_servo_cmd__builder.hpp
[8.032s] -- Symlinking: /home/ubuntu/ros2_ws/src/install/ros_robot_controller_msgs/include/ros_robot_controller_msgs/ros_robot_controller_msgs/msg/detail/get_pwm_servo_cmd__struct.hpp
[8.041s] -- Symlinking: /home/ubuntu/ros2_ws/src/install/ros_robot_controller_msgs/include/ros_robot_controller_msgs/ros_robot_controller_msgs/msg/detail/get_pwm_servo_cmd__traits.hpp
[8.052s] -- Symlinking: /home/ubuntu/ros2_ws/src/install/ros_robot_controller_msgs/include/ros_robot_controller_msgs/ros_robot_controller_msgs/msg/detail/led_state__builder.hpp
[8.061s] -- Symlinking: /home/ubuntu/ros2_ws/src/install/ros_robot_controller_msgs/include/ros_robot_controller_msgs/ros_robot_controller_msgs/msg/detail/led_state__struct.hpp
[8.070s] -- Symlinking: /home/ubuntu/ros2_ws/src/install/ros_robot_controller_msgs/include/ros_robot_controller_msgs/ros_robot_controller_msgs/msg/detail/led_state__traits.hpp
[8.080s] -- Symlinking: /home/ubuntu/ros2_ws/src/install/ros_robot_controller_msgs/include/ros_robot_controller_msgs/ros_robot_controller_msgs/msg/detail/motor_state__builder.hpp
[8.089s] -- Symlinking: /home/ubuntu/ros2_ws/src/install/ros_robot_controller_msgs/include/ros_robot_controller_msgs/ros_robot_controller_msgs/msg/detail/motor_state__struct.hpp
[8.098s] -- Symlinking: /home/ubuntu/ros2_ws/src/install/ros_robot_controller_msgs/include/ros_robot_controller_msgs/ros_robot_controller_msgs/msg/detail/motor_state__traits.hpp
[8.107s] -- Symlinking: /home/ubuntu/ros2_ws/src/install/ros_robot_controller_msgs/include/ros_robot_controller_msgs/ros_robot_controller_msgs/msg/detail/motors_state__builder.hpp
[8.117s] -- Symlinking: /home/ubuntu/ros2_ws/src/install/ros_robot_controller_msgs/include/ros_robot_controller_msgs/ros_robot_controller_msgs/msg/detail/motors_state__struct.hpp
[8.126s] -- Symlinking: /home/ubuntu/ros2_ws/src/install/ros_robot_controller_msgs/include/ros_robot_controller_msgs/ros_robot_controller_msgs/msg/detail/motors_state__traits.hpp
[8.136s] -- Symlinking: /home/ubuntu/ros2_ws/src/install/ros_robot_controller_msgs/include/ros_robot_controller_msgs/ros_robot_controller_msgs/msg/detail/oled_state__builder.hpp
[8.145s] -- Symlinking: /home/ubuntu/ros2_ws/src/install/ros_robot_controller_msgs/include/ros_robot_controller_msgs/ros_robot_controller_msgs/msg/detail/oled_state__struct.hpp
[8.155s] -- Symlinking: /home/ubuntu/ros2_ws/src/install/ros_robot_controller_msgs/include/ros_robot_controller_msgs/ros_robot_controller_msgs/msg/detail/oled_state__traits.hpp
[8.164s] -- Symlinking: /home/ubuntu/ros2_ws/src/install/ros_robot_controller_msgs/include/ros_robot_controller_msgs/ros_robot_controller_msgs/msg/detail/pwm_servo_state__builder.hpp
[8.173s] -- Symlinking: /home/ubuntu/ros2_ws/src/install/ros_robot_controller_msgs/include/ros_robot_controller_msgs/ros_robot_controller_msgs/msg/detail/pwm_servo_state__struct.hpp
[8.183s] -- Symlinking: /home/ubuntu/ros2_ws/src/install/ros_robot_controller_msgs/include/ros_robot_controller_msgs/ros_robot_controller_msgs/msg/detail/pwm_servo_state__traits.hpp
[8.192s] -- Symlinking: /home/ubuntu/ros2_ws/src/install/ros_robot_controller_msgs/include/ros_robot_controller_msgs/ros_robot_controller_msgs/msg/detail/rgb_state__builder.hpp
[8.201s] -- Symlinking: /home/ubuntu/ros2_ws/src/install/ros_robot_controller_msgs/include/ros_robot_controller_msgs/ros_robot_controller_msgs/msg/detail/rgb_state__struct.hpp
[8.211s] -- Symlinking: /home/ubuntu/ros2_ws/src/install/ros_robot_controller_msgs/include/ros_robot_controller_msgs/ros_robot_controller_msgs/msg/detail/rgb_state__traits.hpp
[8.220s] -- Symlinking: /home/ubuntu/ros2_ws/src/install/ros_robot_controller_msgs/include/ros_robot_controller_msgs/ros_robot_controller_msgs/msg/detail/rgb_states__builder.hpp
[8.229s] -- Symlinking: /home/ubuntu/ros2_ws/src/install/ros_robot_controller_msgs/include/ros_robot_controller_msgs/ros_robot_controller_msgs/msg/detail/rgb_states__struct.hpp
[8.239s] -- Symlinking: /home/ubuntu/ros2_ws/src/install/ros_robot_controller_msgs/include/ros_robot_controller_msgs/ros_robot_controller_msgs/msg/detail/rgb_states__traits.hpp
[8.249s] -- Symlinking: /home/ubuntu/ros2_ws/src/install/ros_robot_controller_msgs/include/ros_robot_controller_msgs/ros_robot_controller_msgs/msg/detail/sbus__builder.hpp
[8.259s] -- Symlinking: /home/ubuntu/ros2_ws/src/install/ros_robot_controller_msgs/include/ros_robot_controller_msgs/ros_robot_controller_msgs/msg/detail/sbus__struct.hpp
[8.268s] -- Symlinking: /home/ubuntu/ros2_ws/src/install/ros_robot_controller_msgs/include/ros_robot_controller_msgs/ros_robot_controller_msgs/msg/detail/sbus__traits.hpp
[8.277s] -- Symlinking: /home/ubuntu/ros2_ws/src/install/ros_robot_controller_msgs/include/ros_robot_controller_msgs/ros_robot_controller_msgs/msg/detail/servo_position__builder.hpp
[8.287s] -- Symlinking: /home/ubuntu/ros2_ws/src/install/ros_robot_controller_msgs/include/ros_robot_controller_msgs/ros_robot_controller_msgs/msg/detail/servo_position__struct.hpp
[8.296s] -- Symlinking: /home/ubuntu/ros2_ws/src/install/ros_robot_controller_msgs/include/ros_robot_controller_msgs/ros_robot_controller_msgs/msg/detail/servo_position__traits.hpp
[8.305s] -- Symlinking: /home/ubuntu/ros2_ws/src/install/ros_robot_controller_msgs/include/ros_robot_controller_msgs/ros_robot_controller_msgs/msg/detail/servos_position__builder.hpp
[8.315s] -- Symlinking: /home/ubuntu/ros2_ws/src/install/ros_robot_controller_msgs/include/ros_robot_controller_msgs/ros_robot_controller_msgs/msg/detail/servos_position__struct.hpp
[8.324s] -- Symlinking: /home/ubuntu/ros2_ws/src/install/ros_robot_controller_msgs/include/ros_robot_controller_msgs/ros_robot_controller_msgs/msg/detail/servos_position__traits.hpp
[8.333s] -- Symlinking: /home/ubuntu/ros2_ws/src/install/ros_robot_controller_msgs/include/ros_robot_controller_msgs/ros_robot_controller_msgs/msg/detail/set_bus_servo_state__builder.hpp
[8.343s] -- Symlinking: /home/ubuntu/ros2_ws/src/install/ros_robot_controller_msgs/include/ros_robot_controller_msgs/ros_robot_controller_msgs/msg/detail/set_bus_servo_state__struct.hpp
[8.354s] -- Symlinking: /home/ubuntu/ros2_ws/src/install/ros_robot_controller_msgs/include/ros_robot_controller_msgs/ros_robot_controller_msgs/msg/detail/set_bus_servo_state__traits.hpp
[8.364s] -- Symlinking: /home/ubuntu/ros2_ws/src/install/ros_robot_controller_msgs/include/ros_robot_controller_msgs/ros_robot_controller_msgs/msg/detail/set_pwm_servo_state__builder.hpp
[8.373s] -- Symlinking: /home/ubuntu/ros2_ws/src/install/ros_robot_controller_msgs/include/ros_robot_controller_msgs/ros_robot_controller_msgs/msg/detail/set_pwm_servo_state__struct.hpp
[8.382s] -- Symlinking: /home/ubuntu/ros2_ws/src/install/ros_robot_controller_msgs/include/ros_robot_controller_msgs/ros_robot_controller_msgs/msg/detail/set_pwm_servo_state__traits.hpp
[8.391s] -- Symlinking: /home/ubuntu/ros2_ws/src/install/ros_robot_controller_msgs/include/ros_robot_controller_msgs/ros_robot_controller_msgs/msg/get_bus_servo_cmd.hpp
[8.401s] -- Symlinking: /home/ubuntu/ros2_ws/src/install/ros_robot_controller_msgs/include/ros_robot_controller_msgs/ros_robot_controller_msgs/msg/get_pwm_servo_cmd.hpp
[8.410s] -- Symlinking: /home/ubuntu/ros2_ws/src/install/ros_robot_controller_msgs/include/ros_robot_controller_msgs/ros_robot_controller_msgs/msg/led_state.hpp
[8.419s] -- Symlinking: /home/ubuntu/ros2_ws/src/install/ros_robot_controller_msgs/include/ros_robot_controller_msgs/ros_robot_controller_msgs/msg/motor_state.hpp
[8.429s] -- Symlinking: /home/ubuntu/ros2_ws/src/install/ros_robot_controller_msgs/include/ros_robot_controller_msgs/ros_robot_controller_msgs/msg/motors_state.hpp
[8.439s] -- Symlinking: /home/ubuntu/ros2_ws/src/install/ros_robot_controller_msgs/include/ros_robot_controller_msgs/ros_robot_controller_msgs/msg/oled_state.hpp
[8.448s] -- Symlinking: /home/ubuntu/ros2_ws/src/install/ros_robot_controller_msgs/include/ros_robot_controller_msgs/ros_robot_controller_msgs/msg/pwm_servo_state.hpp
[8.460s] -- Symlinking: /home/ubuntu/ros2_ws/src/install/ros_robot_controller_msgs/include/ros_robot_controller_msgs/ros_robot_controller_msgs/msg/rgb_state.hpp
[8.468s] -- Symlinking: /home/ubuntu/ros2_ws/src/install/ros_robot_controller_msgs/include/ros_robot_controller_msgs/ros_robot_controller_msgs/msg/rgb_states.hpp
[8.478s] -- Symlinking: /home/ubuntu/ros2_ws/src/install/ros_robot_controller_msgs/include/ros_robot_controller_msgs/ros_robot_controller_msgs/msg/sbus.hpp
[8.487s] -- Symlinking: /home/ubuntu/ros2_ws/src/install/ros_robot_controller_msgs/include/ros_robot_controller_msgs/ros_robot_controller_msgs/msg/servo_position.hpp
[8.496s] -- Symlinking: /home/ubuntu/ros2_ws/src/install/ros_robot_controller_msgs/include/ros_robot_controller_msgs/ros_robot_controller_msgs/msg/servos_position.hpp
[8.506s] -- Symlinking: /home/ubuntu/ros2_ws/src/install/ros_robot_controller_msgs/include/ros_robot_controller_msgs/ros_robot_controller_msgs/msg/set_bus_servo_state.hpp
[8.515s] -- Symlinking: /home/ubuntu/ros2_ws/src/install/ros_robot_controller_msgs/include/ros_robot_controller_msgs/ros_robot_controller_msgs/msg/set_pwm_servo_state.hpp
[8.524s] -- Symlinking: /home/ubuntu/ros2_ws/src/install/ros_robot_controller_msgs/include/ros_robot_controller_msgs/ros_robot_controller_msgs/srv/detail/get_bus_servo_state__builder.hpp
[8.534s] -- Symlinking: /home/ubuntu/ros2_ws/src/install/ros_robot_controller_msgs/include/ros_robot_controller_msgs/ros_robot_controller_msgs/srv/detail/get_bus_servo_state__struct.hpp
[8.543s] -- Symlinking: /home/ubuntu/ros2_ws/src/install/ros_robot_controller_msgs/include/ros_robot_controller_msgs/ros_robot_controller_msgs/srv/detail/get_bus_servo_state__traits.hpp
[8.553s] -- Symlinking: /home/ubuntu/ros2_ws/src/install/ros_robot_controller_msgs/include/ros_robot_controller_msgs/ros_robot_controller_msgs/srv/detail/get_pwm_servo_state__builder.hpp
[8.563s] -- Symlinking: /home/ubuntu/ros2_ws/src/install/ros_robot_controller_msgs/include/ros_robot_controller_msgs/ros_robot_controller_msgs/srv/detail/get_pwm_servo_state__struct.hpp
[8.572s] -- Symlinking: /home/ubuntu/ros2_ws/src/install/ros_robot_controller_msgs/include/ros_robot_controller_msgs/ros_robot_controller_msgs/srv/detail/get_pwm_servo_state__traits.hpp
[8.581s] -- Symlinking: /home/ubuntu/ros2_ws/src/install/ros_robot_controller_msgs/include/ros_robot_controller_msgs/ros_robot_controller_msgs/srv/get_bus_servo_state.hpp
[8.591s] -- Symlinking: /home/ubuntu/ros2_ws/src/install/ros_robot_controller_msgs/include/ros_robot_controller_msgs/ros_robot_controller_msgs/srv/get_pwm_servo_state.hpp
[8.601s] -- Symlinking: /home/ubuntu/ros2_ws/src/install/ros_robot_controller_msgs/include/ros_robot_controller_msgs/ros_robot_controller_msgs/msg/detail/bus_servo_state__rosidl_typesupport_fastrtps_cpp.hpp
[8.610s] -- Symlinking: /home/ubuntu/ros2_ws/src/install/ros_robot_controller_msgs/include/ros_robot_controller_msgs/ros_robot_controller_msgs/msg/detail/button_state__rosidl_typesupport_fastrtps_cpp.hpp
[8.620s] -- Symlinking: /home/ubuntu/ros2_ws/src/install/ros_robot_controller_msgs/include/ros_robot_controller_msgs/ros_robot_controller_msgs/msg/detail/buzzer_state__rosidl_typesupport_fastrtps_cpp.hpp
[8.629s] -- Symlinking: /home/ubuntu/ros2_ws/src/install/ros_robot_controller_msgs/include/ros_robot_controller_msgs/ros_robot_controller_msgs/msg/detail/get_bus_servo_cmd__rosidl_typesupport_fastrtps_cpp.hpp
[8.638s] -- Symlinking: /home/ubuntu/ros2_ws/src/install/ros_robot_controller_msgs/include/ros_robot_controller_msgs/ros_robot_controller_msgs/msg/detail/get_pwm_servo_cmd__rosidl_typesupport_fastrtps_cpp.hpp
[8.647s] -- Symlinking: /home/ubuntu/ros2_ws/src/install/ros_robot_controller_msgs/include/ros_robot_controller_msgs/ros_robot_controller_msgs/msg/detail/led_state__rosidl_typesupport_fastrtps_cpp.hpp
[8.658s] -- Symlinking: /home/ubuntu/ros2_ws/src/install/ros_robot_controller_msgs/include/ros_robot_controller_msgs/ros_robot_controller_msgs/msg/detail/motor_state__rosidl_typesupport_fastrtps_cpp.hpp
[8.667s] -- Symlinking: /home/ubuntu/ros2_ws/src/install/ros_robot_controller_msgs/include/ros_robot_controller_msgs/ros_robot_controller_msgs/msg/detail/motors_state__rosidl_typesupport_fastrtps_cpp.hpp
[8.676s] -- Symlinking: /home/ubuntu/ros2_ws/src/install/ros_robot_controller_msgs/include/ros_robot_controller_msgs/ros_robot_controller_msgs/msg/detail/oled_state__rosidl_typesupport_fastrtps_cpp.hpp
[8.685s] -- Symlinking: /home/ubuntu/ros2_ws/src/install/ros_robot_controller_msgs/include/ros_robot_controller_msgs/ros_robot_controller_msgs/msg/detail/pwm_servo_state__rosidl_typesupport_fastrtps_cpp.hpp
[8.695s] -- Symlinking: /home/ubuntu/ros2_ws/src/install/ros_robot_controller_msgs/include/ros_robot_controller_msgs/ros_robot_controller_msgs/msg/detail/rgb_state__rosidl_typesupport_fastrtps_cpp.hpp
[8.704s] -- Symlinking: /home/ubuntu/ros2_ws/src/install/ros_robot_controller_msgs/include/ros_robot_controller_msgs/ros_robot_controller_msgs/msg/detail/rgb_states__rosidl_typesupport_fastrtps_cpp.hpp
[8.713s] -- Symlinking: /home/ubuntu/ros2_ws/src/install/ros_robot_controller_msgs/include/ros_robot_controller_msgs/ros_robot_controller_msgs/msg/detail/sbus__rosidl_typesupport_fastrtps_cpp.hpp
[8.722s] -- Symlinking: /home/ubuntu/ros2_ws/src/install/ros_robot_controller_msgs/include/ros_robot_controller_msgs/ros_robot_controller_msgs/msg/detail/servo_position__rosidl_typesupport_fastrtps_cpp.hpp
[8.732s] -- Symlinking: /home/ubuntu/ros2_ws/src/install/ros_robot_controller_msgs/include/ros_robot_controller_msgs/ros_robot_controller_msgs/msg/detail/servos_position__rosidl_typesupport_fastrtps_cpp.hpp
[8.742s] -- Symlinking: /home/ubuntu/ros2_ws/src/install/ros_robot_controller_msgs/include/ros_robot_controller_msgs/ros_robot_controller_msgs/msg/detail/set_bus_servo_state__rosidl_typesupport_fastrtps_cpp.hpp
[8.751s] -- Symlinking: /home/ubuntu/ros2_ws/src/install/ros_robot_controller_msgs/include/ros_robot_controller_msgs/ros_robot_controller_msgs/msg/detail/set_pwm_servo_state__rosidl_typesupport_fastrtps_cpp.hpp
[8.762s] -- Symlinking: /home/ubuntu/ros2_ws/src/install/ros_robot_controller_msgs/include/ros_robot_controller_msgs/ros_robot_controller_msgs/msg/rosidl_typesupport_fastrtps_cpp__visibility_control.h
[8.771s] -- Symlinking: /home/ubuntu/ros2_ws/src/install/ros_robot_controller_msgs/include/ros_robot_controller_msgs/ros_robot_controller_msgs/srv/detail/get_bus_servo_state__rosidl_typesupport_fastrtps_cpp.hpp
[8.780s] -- Symlinking: /home/ubuntu/ros2_ws/src/install/ros_robot_controller_msgs/include/ros_robot_controller_msgs/ros_robot_controller_msgs/srv/detail/get_pwm_servo_state__rosidl_typesupport_fastrtps_cpp.hpp
[8.791s] -- Symlinking: /home/ubuntu/ros2_ws/src/install/ros_robot_controller_msgs/include/ros_robot_controller_msgs/ros_robot_controller_msgs/msg/detail/bus_servo_state__rosidl_typesupport_introspection_c.h
[8.800s] -- Symlinking: /home/ubuntu/ros2_ws/src/install/ros_robot_controller_msgs/include/ros_robot_controller_msgs/ros_robot_controller_msgs/msg/detail/button_state__rosidl_typesupport_introspection_c.h
[8.809s] -- Symlinking: /home/ubuntu/ros2_ws/src/install/ros_robot_controller_msgs/include/ros_robot_controller_msgs/ros_robot_controller_msgs/msg/detail/buzzer_state__rosidl_typesupport_introspection_c.h
[8.819s] -- Symlinking: /home/ubuntu/ros2_ws/src/install/ros_robot_controller_msgs/include/ros_robot_controller_msgs/ros_robot_controller_msgs/msg/detail/get_bus_servo_cmd__rosidl_typesupport_introspection_c.h
[8.828s] -- Symlinking: /home/ubuntu/ros2_ws/src/install/ros_robot_controller_msgs/include/ros_robot_controller_msgs/ros_robot_controller_msgs/msg/detail/get_pwm_servo_cmd__rosidl_typesupport_introspection_c.h
[8.838s] -- Symlinking: /home/ubuntu/ros2_ws/src/install/ros_robot_controller_msgs/include/ros_robot_controller_msgs/ros_robot_controller_msgs/msg/detail/led_state__rosidl_typesupport_introspection_c.h
[8.847s] -- Symlinking: /home/ubuntu/ros2_ws/src/install/ros_robot_controller_msgs/include/ros_robot_controller_msgs/ros_robot_controller_msgs/msg/detail/motor_state__rosidl_typesupport_introspection_c.h
[8.859s] -- Symlinking: /home/ubuntu/ros2_ws/src/install/ros_robot_controller_msgs/include/ros_robot_controller_msgs/ros_robot_controller_msgs/msg/detail/motors_state__rosidl_typesupport_introspection_c.h
[8.867s] -- Symlinking: /home/ubuntu/ros2_ws/src/install/ros_robot_controller_msgs/include/ros_robot_controller_msgs/ros_robot_controller_msgs/msg/detail/oled_state__rosidl_typesupport_introspection_c.h
[8.877s] -- Symlinking: /home/ubuntu/ros2_ws/src/install/ros_robot_controller_msgs/include/ros_robot_controller_msgs/ros_robot_controller_msgs/msg/detail/pwm_servo_state__rosidl_typesupport_introspection_c.h
[8.886s] -- Symlinking: /home/ubuntu/ros2_ws/src/install/ros_robot_controller_msgs/include/ros_robot_controller_msgs/ros_robot_controller_msgs/msg/detail/rgb_state__rosidl_typesupport_introspection_c.h
[8.895s] -- Symlinking: /home/ubuntu/ros2_ws/src/install/ros_robot_controller_msgs/include/ros_robot_controller_msgs/ros_robot_controller_msgs/msg/detail/rgb_states__rosidl_typesupport_introspection_c.h
[8.905s] -- Symlinking: /home/ubuntu/ros2_ws/src/install/ros_robot_controller_msgs/include/ros_robot_controller_msgs/ros_robot_controller_msgs/msg/detail/sbus__rosidl_typesupport_introspection_c.h
[8.914s] -- Symlinking: /home/ubuntu/ros2_ws/src/install/ros_robot_controller_msgs/include/ros_robot_controller_msgs/ros_robot_controller_msgs/msg/detail/servo_position__rosidl_typesupport_introspection_c.h
[8.924s] -- Symlinking: /home/ubuntu/ros2_ws/src/install/ros_robot_controller_msgs/include/ros_robot_controller_msgs/ros_robot_controller_msgs/msg/detail/servos_position__rosidl_typesupport_introspection_c.h
[8.934s] -- Symlinking: /home/ubuntu/ros2_ws/src/install/ros_robot_controller_msgs/include/ros_robot_controller_msgs/ros_robot_controller_msgs/msg/detail/set_bus_servo_state__rosidl_typesupport_introspection_c.h
[8.943s] -- Symlinking: /home/ubuntu/ros2_ws/src/install/ros_robot_controller_msgs/include/ros_robot_controller_msgs/ros_robot_controller_msgs/msg/detail/set_pwm_servo_state__rosidl_typesupport_introspection_c.h
[8.953s] -- Symlinking: /home/ubuntu/ros2_ws/src/install/ros_robot_controller_msgs/include/ros_robot_controller_msgs/ros_robot_controller_msgs/msg/rosidl_typesupport_introspection_c__visibility_control.h
[8.963s] -- Symlinking: /home/ubuntu/ros2_ws/src/install/ros_robot_controller_msgs/include/ros_robot_controller_msgs/ros_robot_controller_msgs/srv/detail/get_bus_servo_state__rosidl_typesupport_introspection_c.h
[8.972s] -- Symlinking: /home/ubuntu/ros2_ws/src/install/ros_robot_controller_msgs/include/ros_robot_controller_msgs/ros_robot_controller_msgs/srv/detail/get_pwm_servo_state__rosidl_typesupport_introspection_c.h
[8.982s] -- Symlinking: /home/ubuntu/ros2_ws/src/install/ros_robot_controller_msgs/include/ros_robot_controller_msgs/ros_robot_controller_msgs/msg/detail/bus_servo_state__rosidl_typesupport_introspection_cpp.hpp
[8.992s] -- Symlinking: /home/ubuntu/ros2_ws/src/install/ros_robot_controller_msgs/include/ros_robot_controller_msgs/ros_robot_controller_msgs/msg/detail/button_state__rosidl_typesupport_introspection_cpp.hpp
[9.001s] -- Symlinking: /home/ubuntu/ros2_ws/src/install/ros_robot_controller_msgs/include/ros_robot_controller_msgs/ros_robot_controller_msgs/msg/detail/buzzer_state__rosidl_typesupport_introspection_cpp.hpp
[9.010s] -- Symlinking: /home/ubuntu/ros2_ws/src/install/ros_robot_controller_msgs/include/ros_robot_controller_msgs/ros_robot_controller_msgs/msg/detail/get_bus_servo_cmd__rosidl_typesupport_introspection_cpp.hpp
[9.020s] -- Symlinking: /home/ubuntu/ros2_ws/src/install/ros_robot_controller_msgs/include/ros_robot_controller_msgs/ros_robot_controller_msgs/msg/detail/get_pwm_servo_cmd__rosidl_typesupport_introspection_cpp.hpp
[9.029s] -- Symlinking: /home/ubuntu/ros2_ws/src/install/ros_robot_controller_msgs/include/ros_robot_controller_msgs/ros_robot_controller_msgs/msg/detail/led_state__rosidl_typesupport_introspection_cpp.hpp
[9.039s] -- Symlinking: /home/ubuntu/ros2_ws/src/install/ros_robot_controller_msgs/include/ros_robot_controller_msgs/ros_robot_controller_msgs/msg/detail/motor_state__rosidl_typesupport_introspection_cpp.hpp
[9.048s] -- Symlinking: /home/ubuntu/ros2_ws/src/install/ros_robot_controller_msgs/include/ros_robot_controller_msgs/ros_robot_controller_msgs/msg/detail/motors_state__rosidl_typesupport_introspection_cpp.hpp
[9.059s] -- Symlinking: /home/ubuntu/ros2_ws/src/install/ros_robot_controller_msgs/include/ros_robot_controller_msgs/ros_robot_controller_msgs/msg/detail/oled_state__rosidl_typesupport_introspection_cpp.hpp
[9.069s] -- Symlinking: /home/ubuntu/ros2_ws/src/install/ros_robot_controller_msgs/include/ros_robot_controller_msgs/ros_robot_controller_msgs/msg/detail/pwm_servo_state__rosidl_typesupport_introspection_cpp.hpp
[9.078s] -- Symlinking: /home/ubuntu/ros2_ws/src/install/ros_robot_controller_msgs/include/ros_robot_controller_msgs/ros_robot_controller_msgs/msg/detail/rgb_state__rosidl_typesupport_introspection_cpp.hpp
[9.088s] -- Symlinking: /home/ubuntu/ros2_ws/src/install/ros_robot_controller_msgs/include/ros_robot_controller_msgs/ros_robot_controller_msgs/msg/detail/rgb_states__rosidl_typesupport_introspection_cpp.hpp
[9.097s] -- Symlinking: /home/ubuntu/ros2_ws/src/install/ros_robot_controller_msgs/include/ros_robot_controller_msgs/ros_robot_controller_msgs/msg/detail/sbus__rosidl_typesupport_introspection_cpp.hpp
[9.106s] -- Symlinking: /home/ubuntu/ros2_ws/src/install/ros_robot_controller_msgs/include/ros_robot_controller_msgs/ros_robot_controller_msgs/msg/detail/servo_position__rosidl_typesupport_introspection_cpp.hpp
[9.115s] -- Symlinking: /home/ubuntu/ros2_ws/src/install/ros_robot_controller_msgs/include/ros_robot_controller_msgs/ros_robot_controller_msgs/msg/detail/servos_position__rosidl_typesupport_introspection_cpp.hpp
[9.125s] -- Symlinking: /home/ubuntu/ros2_ws/src/install/ros_robot_controller_msgs/include/ros_robot_controller_msgs/ros_robot_controller_msgs/msg/detail/set_bus_servo_state__rosidl_typesupport_introspection_cpp.hpp
[9.135s] -- Symlinking: /home/ubuntu/ros2_ws/src/install/ros_robot_controller_msgs/include/ros_robot_controller_msgs/ros_robot_controller_msgs/msg/detail/set_pwm_servo_state__rosidl_typesupport_introspection_cpp.hpp
[9.144s] -- Symlinking: /home/ubuntu/ros2_ws/src/install/ros_robot_controller_msgs/include/ros_robot_controller_msgs/ros_robot_controller_msgs/srv/detail/get_bus_servo_state__rosidl_typesupport_introspection_cpp.hpp
[9.154s] -- Symlinking: /home/ubuntu/ros2_ws/src/install/ros_robot_controller_msgs/include/ros_robot_controller_msgs/ros_robot_controller_msgs/srv/detail/get_pwm_servo_state__rosidl_typesupport_introspection_cpp.hpp
[9.164s] -- Symlinking: /home/ubuntu/ros2_ws/src/install/ros_robot_controller_msgs/share/ros_robot_controller_msgs/environment/pythonpath.sh
[9.174s] -- Symlinking: /home/ubuntu/ros2_ws/src/install/ros_robot_controller_msgs/share/ros_robot_controller_msgs/environment/pythonpath.dsv
[9.183s] -- Symlinking: /home/ubuntu/ros2_ws/src/install/ros_robot_controller_msgs/local/lib/python3.10/dist-packages/ros_robot_controller_msgs-0.0.0-py3.10.egg-info/PKG-INFO
[9.193s] -- Symlinking: /home/ubuntu/ros2_ws/src/install/ros_robot_controller_msgs/local/lib/python3.10/dist-packages/ros_robot_controller_msgs-0.0.0-py3.10.egg-info/SOURCES.txt
[9.202s] -- Symlinking: /home/ubuntu/ros2_ws/src/install/ros_robot_controller_msgs/local/lib/python3.10/dist-packages/ros_robot_controller_msgs-0.0.0-py3.10.egg-info/dependency_links.txt
[9.211s] -- Symlinking: /home/ubuntu/ros2_ws/src/install/ros_robot_controller_msgs/local/lib/python3.10/dist-packages/ros_robot_controller_msgs-0.0.0-py3.10.egg-info/top_level.txt
[9.222s] -- Symlinking: /home/ubuntu/ros2_ws/src/install/ros_robot_controller_msgs/local/lib/python3.10/dist-packages/ros_robot_controller_msgs/__init__.py
[9.232s] -- Symlinking: /home/ubuntu/ros2_ws/src/install/ros_robot_controller_msgs/local/lib/python3.10/dist-packages/ros_robot_controller_msgs/_ros_robot_controller_msgs_s.ep.rosidl_typesupport_c.c
[9.241s] -- Symlinking: /home/ubuntu/ros2_ws/src/install/ros_robot_controller_msgs/local/lib/python3.10/dist-packages/ros_robot_controller_msgs/_ros_robot_controller_msgs_s.ep.rosidl_typesupport_fastrtps_c.c
[9.251s] -- Symlinking: /home/ubuntu/ros2_ws/src/install/ros_robot_controller_msgs/local/lib/python3.10/dist-packages/ros_robot_controller_msgs/_ros_robot_controller_msgs_s.ep.rosidl_typesupport_introspection_c.c
[9.261s] -- Symlinking: /home/ubuntu/ros2_ws/src/install/ros_robot_controller_msgs/local/lib/python3.10/dist-packages/ros_robot_controller_msgs/libros_robot_controller_msgs__rosidl_generator_py.so
[9.271s] -- Symlinking: /home/ubuntu/ros2_ws/src/install/ros_robot_controller_msgs/local/lib/python3.10/dist-packages/ros_robot_controller_msgs/msg/__init__.py
[9.280s] -- Symlinking: /home/ubuntu/ros2_ws/src/install/ros_robot_controller_msgs/local/lib/python3.10/dist-packages/ros_robot_controller_msgs/msg/_bus_servo_state.py
[9.289s] -- Symlinking: /home/ubuntu/ros2_ws/src/install/ros_robot_controller_msgs/local/lib/python3.10/dist-packages/ros_robot_controller_msgs/msg/_bus_servo_state_s.c
[9.299s] -- Symlinking: /home/ubuntu/ros2_ws/src/install/ros_robot_controller_msgs/local/lib/python3.10/dist-packages/ros_robot_controller_msgs/msg/_button_state.py
[9.308s] -- Symlinking: /home/ubuntu/ros2_ws/src/install/ros_robot_controller_msgs/local/lib/python3.10/dist-packages/ros_robot_controller_msgs/msg/_button_state_s.c
[9.318s] -- Symlinking: /home/ubuntu/ros2_ws/src/install/ros_robot_controller_msgs/local/lib/python3.10/dist-packages/ros_robot_controller_msgs/msg/_buzzer_state.py
[9.327s] -- Symlinking: /home/ubuntu/ros2_ws/src/install/ros_robot_controller_msgs/local/lib/python3.10/dist-packages/ros_robot_controller_msgs/msg/_buzzer_state_s.c
[9.336s] -- Symlinking: /home/ubuntu/ros2_ws/src/install/ros_robot_controller_msgs/local/lib/python3.10/dist-packages/ros_robot_controller_msgs/msg/_get_bus_servo_cmd.py
[9.346s] -- Symlinking: /home/ubuntu/ros2_ws/src/install/ros_robot_controller_msgs/local/lib/python3.10/dist-packages/ros_robot_controller_msgs/msg/_get_bus_servo_cmd_s.c
[9.356s] -- Symlinking: /home/ubuntu/ros2_ws/src/install/ros_robot_controller_msgs/local/lib/python3.10/dist-packages/ros_robot_controller_msgs/msg/_get_pwm_servo_cmd.py
[9.365s] -- Symlinking: /home/ubuntu/ros2_ws/src/install/ros_robot_controller_msgs/local/lib/python3.10/dist-packages/ros_robot_controller_msgs/msg/_get_pwm_servo_cmd_s.c
[9.375s] -- Symlinking: /home/ubuntu/ros2_ws/src/install/ros_robot_controller_msgs/local/lib/python3.10/dist-packages/ros_robot_controller_msgs/msg/_led_state.py
[9.384s] -- Symlinking: /home/ubuntu/ros2_ws/src/install/ros_robot_controller_msgs/local/lib/python3.10/dist-packages/ros_robot_controller_msgs/msg/_led_state_s.c
[9.393s] -- Symlinking: /home/ubuntu/ros2_ws/src/install/ros_robot_controller_msgs/local/lib/python3.10/dist-packages/ros_robot_controller_msgs/msg/_motor_state.py
[9.403s] -- Symlinking: /home/ubuntu/ros2_ws/src/install/ros_robot_controller_msgs/local/lib/python3.10/dist-packages/ros_robot_controller_msgs/msg/_motor_state_s.c
[9.412s] -- Symlinking: /home/ubuntu/ros2_ws/src/install/ros_robot_controller_msgs/local/lib/python3.10/dist-packages/ros_robot_controller_msgs/msg/_motors_state.py
[9.422s] -- Symlinking: /home/ubuntu/ros2_ws/src/install/ros_robot_controller_msgs/local/lib/python3.10/dist-packages/ros_robot_controller_msgs/msg/_motors_state_s.c
[9.431s] -- Symlinking: /home/ubuntu/ros2_ws/src/install/ros_robot_controller_msgs/local/lib/python3.10/dist-packages/ros_robot_controller_msgs/msg/_oled_state.py
[9.441s] -- Symlinking: /home/ubuntu/ros2_ws/src/install/ros_robot_controller_msgs/local/lib/python3.10/dist-packages/ros_robot_controller_msgs/msg/_oled_state_s.c
[9.451s] -- Symlinking: /home/ubuntu/ros2_ws/src/install/ros_robot_controller_msgs/local/lib/python3.10/dist-packages/ros_robot_controller_msgs/msg/_pwm_servo_state.py
[9.461s] -- Symlinking: /home/ubuntu/ros2_ws/src/install/ros_robot_controller_msgs/local/lib/python3.10/dist-packages/ros_robot_controller_msgs/msg/_pwm_servo_state_s.c
[9.470s] -- Symlinking: /home/ubuntu/ros2_ws/src/install/ros_robot_controller_msgs/local/lib/python3.10/dist-packages/ros_robot_controller_msgs/msg/_rgb_state.py
[9.479s] -- Symlinking: /home/ubuntu/ros2_ws/src/install/ros_robot_controller_msgs/local/lib/python3.10/dist-packages/ros_robot_controller_msgs/msg/_rgb_state_s.c
[9.489s] -- Symlinking: /home/ubuntu/ros2_ws/src/install/ros_robot_controller_msgs/local/lib/python3.10/dist-packages/ros_robot_controller_msgs/msg/_rgb_states.py
[9.498s] -- Symlinking: /home/ubuntu/ros2_ws/src/install/ros_robot_controller_msgs/local/lib/python3.10/dist-packages/ros_robot_controller_msgs/msg/_rgb_states_s.c
[9.507s] -- Symlinking: /home/ubuntu/ros2_ws/src/install/ros_robot_controller_msgs/local/lib/python3.10/dist-packages/ros_robot_controller_msgs/msg/_sbus.py
[9.516s] -- Symlinking: /home/ubuntu/ros2_ws/src/install/ros_robot_controller_msgs/local/lib/python3.10/dist-packages/ros_robot_controller_msgs/msg/_sbus_s.c
[9.526s] -- Symlinking: /home/ubuntu/ros2_ws/src/install/ros_robot_controller_msgs/local/lib/python3.10/dist-packages/ros_robot_controller_msgs/msg/_servo_position.py
[9.535s] -- Symlinking: /home/ubuntu/ros2_ws/src/install/ros_robot_controller_msgs/local/lib/python3.10/dist-packages/ros_robot_controller_msgs/msg/_servo_position_s.c
[9.545s] -- Symlinking: /home/ubuntu/ros2_ws/src/install/ros_robot_controller_msgs/local/lib/python3.10/dist-packages/ros_robot_controller_msgs/msg/_servos_position.py
[9.555s] -- Symlinking: /home/ubuntu/ros2_ws/src/install/ros_robot_controller_msgs/local/lib/python3.10/dist-packages/ros_robot_controller_msgs/msg/_servos_position_s.c
[9.564s] -- Symlinking: /home/ubuntu/ros2_ws/src/install/ros_robot_controller_msgs/local/lib/python3.10/dist-packages/ros_robot_controller_msgs/msg/_set_bus_servo_state.py
[9.573s] -- Symlinking: /home/ubuntu/ros2_ws/src/install/ros_robot_controller_msgs/local/lib/python3.10/dist-packages/ros_robot_controller_msgs/msg/_set_bus_servo_state_s.c
[9.583s] -- Symlinking: /home/ubuntu/ros2_ws/src/install/ros_robot_controller_msgs/local/lib/python3.10/dist-packages/ros_robot_controller_msgs/msg/_set_pwm_servo_state.py
[9.592s] -- Symlinking: /home/ubuntu/ros2_ws/src/install/ros_robot_controller_msgs/local/lib/python3.10/dist-packages/ros_robot_controller_msgs/msg/_set_pwm_servo_state_s.c
[9.601s] -- Symlinking: /home/ubuntu/ros2_ws/src/install/ros_robot_controller_msgs/local/lib/python3.10/dist-packages/ros_robot_controller_msgs/ros_robot_controller_msgs_s__rosidl_typesupport_c.cpython-310-aarch64-linux-gnu.so
[9.611s] -- Symlinking: /home/ubuntu/ros2_ws/src/install/ros_robot_controller_msgs/local/lib/python3.10/dist-packages/ros_robot_controller_msgs/ros_robot_controller_msgs_s__rosidl_typesupport_fastrtps_c.cpython-310-aarch64-linux-gnu.so
[9.620s] -- Symlinking: /home/ubuntu/ros2_ws/src/install/ros_robot_controller_msgs/local/lib/python3.10/dist-packages/ros_robot_controller_msgs/ros_robot_controller_msgs_s__rosidl_typesupport_introspection_c.cpython-310-aarch64-linux-gnu.so
[9.630s] -- Symlinking: /home/ubuntu/ros2_ws/src/install/ros_robot_controller_msgs/local/lib/python3.10/dist-packages/ros_robot_controller_msgs/srv/__init__.py
[9.639s] -- Symlinking: /home/ubuntu/ros2_ws/src/install/ros_robot_controller_msgs/local/lib/python3.10/dist-packages/ros_robot_controller_msgs/srv/_get_bus_servo_state.py
[9.649s] -- Symlinking: /home/ubuntu/ros2_ws/src/install/ros_robot_controller_msgs/local/lib/python3.10/dist-packages/ros_robot_controller_msgs/srv/_get_bus_servo_state_s.c
[9.659s] -- Symlinking: /home/ubuntu/ros2_ws/src/install/ros_robot_controller_msgs/local/lib/python3.10/dist-packages/ros_robot_controller_msgs/srv/_get_pwm_servo_state.py
[9.668s] -- Symlinking: /home/ubuntu/ros2_ws/src/install/ros_robot_controller_msgs/local/lib/python3.10/dist-packages/ros_robot_controller_msgs/srv/_get_pwm_servo_state_s.c
[9.678s] -- Up-to-date symlink: /home/ubuntu/ros2_ws/src/install/ros_robot_controller_msgs/local/lib/python3.10/dist-packages/ros_robot_controller_msgs/ros_robot_controller_msgs_s__rosidl_typesupport_fastrtps_c.cpython-310-aarch64-linux-gnu.so
[9.678s] -- Up-to-date symlink: /home/ubuntu/ros2_ws/src/install/ros_robot_controller_msgs/local/lib/python3.10/dist-packages/ros_robot_controller_msgs/ros_robot_controller_msgs_s__rosidl_typesupport_introspection_c.cpython-310-aarch64-linux-gnu.so
[9.678s] -- Up-to-date symlink: /home/ubuntu/ros2_ws/src/install/ros_robot_controller_msgs/local/lib/python3.10/dist-packages/ros_robot_controller_msgs/ros_robot_controller_msgs_s__rosidl_typesupport_c.cpython-310-aarch64-linux-gnu.so
[9.679s] -- Symlinking: /home/ubuntu/ros2_ws/src/install/ros_robot_controller_msgs/share/ros_robot_controller_msgs/msg/BusServoState.idl
[9.688s] -- Symlinking: /home/ubuntu/ros2_ws/src/install/ros_robot_controller_msgs/share/ros_robot_controller_msgs/msg/ButtonState.idl
[9.697s] -- Symlinking: /home/ubuntu/ros2_ws/src/install/ros_robot_controller_msgs/share/ros_robot_controller_msgs/msg/BuzzerState.idl
[9.707s] -- Symlinking: /home/ubuntu/ros2_ws/src/install/ros_robot_controller_msgs/share/ros_robot_controller_msgs/msg/LedState.idl
[9.716s] -- Symlinking: /home/ubuntu/ros2_ws/src/install/ros_robot_controller_msgs/share/ros_robot_controller_msgs/msg/MotorState.idl
[9.726s] -- Symlinking: /home/ubuntu/ros2_ws/src/install/ros_robot_controller_msgs/share/ros_robot_controller_msgs/msg/MotorsState.idl
[9.735s] -- Symlinking: /home/ubuntu/ros2_ws/src/install/ros_robot_controller_msgs/share/ros_robot_controller_msgs/msg/PWMServoState.idl
[9.745s] -- Symlinking: /home/ubuntu/ros2_ws/src/install/ros_robot_controller_msgs/share/ros_robot_controller_msgs/msg/Sbus.idl
[9.755s] -- Symlinking: /home/ubuntu/ros2_ws/src/install/ros_robot_controller_msgs/share/ros_robot_controller_msgs/msg/OLEDState.idl
[9.764s] -- Symlinking: /home/ubuntu/ros2_ws/src/install/ros_robot_controller_msgs/share/ros_robot_controller_msgs/msg/SetBusServoState.idl
[9.774s] -- Symlinking: /home/ubuntu/ros2_ws/src/install/ros_robot_controller_msgs/share/ros_robot_controller_msgs/msg/RGBStates.idl
[9.783s] -- Symlinking: /home/ubuntu/ros2_ws/src/install/ros_robot_controller_msgs/share/ros_robot_controller_msgs/msg/RGBState.idl
[9.793s] -- Symlinking: /home/ubuntu/ros2_ws/src/install/ros_robot_controller_msgs/share/ros_robot_controller_msgs/msg/ServoPosition.idl
[9.802s] -- Symlinking: /home/ubuntu/ros2_ws/src/install/ros_robot_controller_msgs/share/ros_robot_controller_msgs/msg/ServosPosition.idl
[9.812s] -- Symlinking: /home/ubuntu/ros2_ws/src/install/ros_robot_controller_msgs/share/ros_robot_controller_msgs/msg/SetPWMServoState.idl
[9.821s] -- Symlinking: /home/ubuntu/ros2_ws/src/install/ros_robot_controller_msgs/share/ros_robot_controller_msgs/msg/GetBusServoCmd.idl
[9.831s] -- Symlinking: /home/ubuntu/ros2_ws/src/install/ros_robot_controller_msgs/share/ros_robot_controller_msgs/msg/GetPWMServoCmd.idl
[9.840s] -- Symlinking: /home/ubuntu/ros2_ws/src/install/ros_robot_controller_msgs/share/ros_robot_controller_msgs/srv/GetBusServoState.idl
[9.850s] -- Symlinking: /home/ubuntu/ros2_ws/src/install/ros_robot_controller_msgs/share/ros_robot_controller_msgs/srv/GetPWMServoState.idl
[9.860s] -- Symlinking: /home/ubuntu/ros2_ws/src/install/ros_robot_controller_msgs/share/ros_robot_controller_msgs/msg/BusServoState.msg
[9.869s] -- Symlinking: /home/ubuntu/ros2_ws/src/install/ros_robot_controller_msgs/share/ros_robot_controller_msgs/msg/ButtonState.msg
[9.880s] -- Symlinking: /home/ubuntu/ros2_ws/src/install/ros_robot_controller_msgs/share/ros_robot_controller_msgs/msg/BuzzerState.msg
[9.889s] -- Symlinking: /home/ubuntu/ros2_ws/src/install/ros_robot_controller_msgs/share/ros_robot_controller_msgs/msg/LedState.msg
[9.898s] -- Symlinking: /home/ubuntu/ros2_ws/src/install/ros_robot_controller_msgs/share/ros_robot_controller_msgs/msg/MotorState.msg
[9.908s] -- Symlinking: /home/ubuntu/ros2_ws/src/install/ros_robot_controller_msgs/share/ros_robot_controller_msgs/msg/MotorsState.msg
[9.917s] -- Symlinking: /home/ubuntu/ros2_ws/src/install/ros_robot_controller_msgs/share/ros_robot_controller_msgs/msg/PWMServoState.msg
[9.927s] -- Symlinking: /home/ubuntu/ros2_ws/src/install/ros_robot_controller_msgs/share/ros_robot_controller_msgs/msg/Sbus.msg
[9.936s] -- Symlinking: /home/ubuntu/ros2_ws/src/install/ros_robot_controller_msgs/share/ros_robot_controller_msgs/msg/OLEDState.msg
[9.946s] -- Symlinking: /home/ubuntu/ros2_ws/src/install/ros_robot_controller_msgs/share/ros_robot_controller_msgs/msg/SetBusServoState.msg
[9.957s] -- Symlinking: /home/ubuntu/ros2_ws/src/install/ros_robot_controller_msgs/share/ros_robot_controller_msgs/msg/RGBStates.msg
[9.966s] -- Symlinking: /home/ubuntu/ros2_ws/src/install/ros_robot_controller_msgs/share/ros_robot_controller_msgs/msg/RGBState.msg
[9.975s] -- Symlinking: /home/ubuntu/ros2_ws/src/install/ros_robot_controller_msgs/share/ros_robot_controller_msgs/msg/ServoPosition.msg
[9.985s] -- Symlinking: /home/ubuntu/ros2_ws/src/install/ros_robot_controller_msgs/share/ros_robot_controller_msgs/msg/ServosPosition.msg
[9.994s] -- Symlinking: /home/ubuntu/ros2_ws/src/install/ros_robot_controller_msgs/share/ros_robot_controller_msgs/msg/SetPWMServoState.msg
[10.003s] -- Symlinking: /home/ubuntu/ros2_ws/src/install/ros_robot_controller_msgs/share/ros_robot_controller_msgs/msg/GetBusServoCmd.msg
[10.013s] -- Symlinking: /home/ubuntu/ros2_ws/src/install/ros_robot_controller_msgs/share/ros_robot_controller_msgs/msg/GetPWMServoCmd.msg
[10.022s] -- Symlinking: /home/ubuntu/ros2_ws/src/install/ros_robot_controller_msgs/share/ros_robot_controller_msgs/srv/GetBusServoState.srv
[10.032s] -- Symlinking: /home/ubuntu/ros2_ws/src/install/ros_robot_controller_msgs/share/ros_robot_controller_msgs/srv/GetBusServoState_Request.msg
[10.041s] -- Symlinking: /home/ubuntu/ros2_ws/src/install/ros_robot_controller_msgs/share/ros_robot_controller_msgs/srv/GetBusServoState_Response.msg
[10.051s] -- Symlinking: /home/ubuntu/ros2_ws/src/install/ros_robot_controller_msgs/share/ros_robot_controller_msgs/srv/GetPWMServoState.srv
[10.061s] -- Symlinking: /home/ubuntu/ros2_ws/src/install/ros_robot_controller_msgs/share/ros_robot_controller_msgs/srv/GetPWMServoState_Request.msg
[10.070s] -- Symlinking: /home/ubuntu/ros2_ws/src/install/ros_robot_controller_msgs/share/ros_robot_controller_msgs/srv/GetPWMServoState_Response.msg
[10.080s] -- Symlinking: /home/ubuntu/ros2_ws/src/install/ros_robot_controller_msgs/share/ament_index/resource_index/package_run_dependencies/ros_robot_controller_msgs
[10.089s] -- Symlinking: /home/ubuntu/ros2_ws/src/install/ros_robot_controller_msgs/share/ament_index/resource_index/parent_prefix_path/ros_robot_controller_msgs
[10.098s] -- Symlinking: /home/ubuntu/ros2_ws/src/install/ros_robot_controller_msgs/share/ros_robot_controller_msgs/environment/ament_prefix_path.sh
[10.108s] -- Symlinking: /home/ubuntu/ros2_ws/src/install/ros_robot_controller_msgs/share/ros_robot_controller_msgs/environment/ament_prefix_path.dsv
[10.117s] -- Symlinking: /home/ubuntu/ros2_ws/src/install/ros_robot_controller_msgs/share/ros_robot_controller_msgs/environment/path.sh
[10.126s] -- Symlinking: /home/ubuntu/ros2_ws/src/install/ros_robot_controller_msgs/share/ros_robot_controller_msgs/environment/path.dsv
[10.136s] -- Symlinking: /home/ubuntu/ros2_ws/src/install/ros_robot_controller_msgs/share/ros_robot_controller_msgs/local_setup.bash
[10.145s] -- Symlinking: /home/ubuntu/ros2_ws/src/install/ros_robot_controller_msgs/share/ros_robot_controller_msgs/local_setup.sh
[10.155s] -- Symlinking: /home/ubuntu/ros2_ws/src/install/ros_robot_controller_msgs/share/ros_robot_controller_msgs/local_setup.zsh
[10.165s] -- Symlinking: /home/ubuntu/ros2_ws/src/install/ros_robot_controller_msgs/share/ros_robot_controller_msgs/local_setup.dsv
[10.174s] -- Symlinking: /home/ubuntu/ros2_ws/src/install/ros_robot_controller_msgs/share/ros_robot_controller_msgs/package.dsv
[10.183s] -- Symlinking: /home/ubuntu/ros2_ws/src/install/ros_robot_controller_msgs/share/ament_index/resource_index/packages/ros_robot_controller_msgs
[10.193s] -- Symlinking: /home/ubuntu/ros2_ws/src/install/ros_robot_controller_msgs/share/ros_robot_controller_msgs/cmake/rosidl_cmake-extras.cmake
[10.202s] -- Symlinking: /home/ubuntu/ros2_ws/src/install/ros_robot_controller_msgs/share/ros_robot_controller_msgs/cmake/ament_cmake_export_dependencies-extras.cmake
[10.211s] -- Symlinking: /home/ubuntu/ros2_ws/src/install/ros_robot_controller_msgs/share/ros_robot_controller_msgs/cmake/ament_cmake_export_include_directories-extras.cmake
[10.221s] -- Symlinking: /home/ubuntu/ros2_ws/src/install/ros_robot_controller_msgs/share/ros_robot_controller_msgs/cmake/ament_cmake_export_libraries-extras.cmake
[10.231s] -- Symlinking: /home/ubuntu/ros2_ws/src/install/ros_robot_controller_msgs/share/ros_robot_controller_msgs/cmake/ament_cmake_export_targets-extras.cmake
[10.240s] -- Symlinking: /home/ubuntu/ros2_ws/src/install/ros_robot_controller_msgs/share/ros_robot_controller_msgs/cmake/rosidl_cmake_export_typesupport_targets-extras.cmake
[10.249s] -- Symlinking: /home/ubuntu/ros2_ws/src/install/ros_robot_controller_msgs/share/ros_robot_controller_msgs/cmake/rosidl_cmake_export_typesupport_libraries-extras.cmake
[10.260s] -- Symlinking: /home/ubuntu/ros2_ws/src/install/ros_robot_controller_msgs/share/ros_robot_controller_msgs/cmake/ros_robot_controller_msgsConfig.cmake
[10.269s] -- Symlinking: /home/ubuntu/ros2_ws/src/install/ros_robot_controller_msgs/share/ros_robot_controller_msgs/cmake/ros_robot_controller_msgsConfig-version.cmake
[10.278s] -- Symlinking: /home/ubuntu/ros2_ws/src/install/ros_robot_controller_msgs/share/ros_robot_controller_msgs/package.xml
[10.288s] -- Installing: /home/ubuntu/ros2_ws/src/install/ros_robot_controller_msgs/lib/libros_robot_controller_msgs__rosidl_generator_c.so
[10.291s] -- Set runtime path of "/home/ubuntu/ros2_ws/src/install/ros_robot_controller_msgs/lib/libros_robot_controller_msgs__rosidl_generator_c.so" to ""
[10.291s] -- Installing: /home/ubuntu/ros2_ws/src/install/ros_robot_controller_msgs/lib/libros_robot_controller_msgs__rosidl_typesupport_fastrtps_c.so
[10.293s] -- Set runtime path of "/home/ubuntu/ros2_ws/src/install/ros_robot_controller_msgs/lib/libros_robot_controller_msgs__rosidl_typesupport_fastrtps_c.so" to ""
[10.293s] -- Installing: /home/ubuntu/ros2_ws/src/install/ros_robot_controller_msgs/lib/libros_robot_controller_msgs__rosidl_typesupport_fastrtps_cpp.so
[10.296s] -- Set runtime path of "/home/ubuntu/ros2_ws/src/install/ros_robot_controller_msgs/lib/libros_robot_controller_msgs__rosidl_typesupport_fastrtps_cpp.so" to ""
[10.296s] -- Installing: /home/ubuntu/ros2_ws/src/install/ros_robot_controller_msgs/lib/libros_robot_controller_msgs__rosidl_typesupport_introspection_c.so
[10.299s] -- Set runtime path of "/home/ubuntu/ros2_ws/src/install/ros_robot_controller_msgs/lib/libros_robot_controller_msgs__rosidl_typesupport_introspection_c.so" to ""
[10.299s] -- Installing: /home/ubuntu/ros2_ws/src/install/ros_robot_controller_msgs/lib/libros_robot_controller_msgs__rosidl_typesupport_c.so
[10.301s] -- Set runtime path of "/home/ubuntu/ros2_ws/src/install/ros_robot_controller_msgs/lib/libros_robot_controller_msgs__rosidl_typesupport_c.so" to ""
[10.301s] -- Installing: /home/ubuntu/ros2_ws/src/install/ros_robot_controller_msgs/lib/libros_robot_controller_msgs__rosidl_typesupport_introspection_cpp.so
[10.304s] -- Set runtime path of "/home/ubuntu/ros2_ws/src/install/ros_robot_controller_msgs/lib/libros_robot_controller_msgs__rosidl_typesupport_introspection_cpp.so" to ""
[10.304s] -- Installing: /home/ubuntu/ros2_ws/src/install/ros_robot_controller_msgs/lib/libros_robot_controller_msgs__rosidl_typesupport_cpp.so
[10.305s] -- Set runtime path of "/home/ubuntu/ros2_ws/src/install/ros_robot_controller_msgs/lib/libros_robot_controller_msgs__rosidl_typesupport_cpp.so" to ""
[10.396s] Listing '/home/ubuntu/ros2_ws/src/install/ros_robot_controller_msgs/local/lib/python3.10/dist-packages/ros_robot_controller_msgs'...
[10.397s] Compiling '/home/ubuntu/ros2_ws/src/install/ros_robot_controller_msgs/local/lib/python3.10/dist-packages/ros_robot_controller_msgs/__init__.py'...
[10.397s] Listing '/home/ubuntu/ros2_ws/src/install/ros_robot_controller_msgs/local/lib/python3.10/dist-packages/ros_robot_controller_msgs/msg'...
[10.397s] Compiling '/home/ubuntu/ros2_ws/src/install/ros_robot_controller_msgs/local/lib/python3.10/dist-packages/ros_robot_controller_msgs/msg/__init__.py'...
[10.397s] Compiling '/home/ubuntu/ros2_ws/src/install/ros_robot_controller_msgs/local/lib/python3.10/dist-packages/ros_robot_controller_msgs/msg/_bus_servo_state.py'...
[10.397s] Compiling '/home/ubuntu/ros2_ws/src/install/ros_robot_controller_msgs/local/lib/python3.10/dist-packages/ros_robot_controller_msgs/msg/_button_state.py'...
[10.397s] Compiling '/home/ubuntu/ros2_ws/src/install/ros_robot_controller_msgs/local/lib/python3.10/dist-packages/ros_robot_controller_msgs/msg/_buzzer_state.py'...
[10.397s] Compiling '/home/ubuntu/ros2_ws/src/install/ros_robot_controller_msgs/local/lib/python3.10/dist-packages/ros_robot_controller_msgs/msg/_get_bus_servo_cmd.py'...
[10.397s] Compiling '/home/ubuntu/ros2_ws/src/install/ros_robot_controller_msgs/local/lib/python3.10/dist-packages/ros_robot_controller_msgs/msg/_get_pwm_servo_cmd.py'...
[10.397s] Compiling '/home/ubuntu/ros2_ws/src/install/ros_robot_controller_msgs/local/lib/python3.10/dist-packages/ros_robot_controller_msgs/msg/_led_state.py'...
[10.397s] Compiling '/home/ubuntu/ros2_ws/src/install/ros_robot_controller_msgs/local/lib/python3.10/dist-packages/ros_robot_controller_msgs/msg/_motor_state.py'...
[10.397s] Compiling '/home/ubuntu/ros2_ws/src/install/ros_robot_controller_msgs/local/lib/python3.10/dist-packages/ros_robot_controller_msgs/msg/_motors_state.py'...
[10.397s] Compiling '/home/ubuntu/ros2_ws/src/install/ros_robot_controller_msgs/local/lib/python3.10/dist-packages/ros_robot_controller_msgs/msg/_oled_state.py'...
[10.397s] Compiling '/home/ubuntu/ros2_ws/src/install/ros_robot_controller_msgs/local/lib/python3.10/dist-packages/ros_robot_controller_msgs/msg/_pwm_servo_state.py'...
[10.397s] Compiling '/home/ubuntu/ros2_ws/src/install/ros_robot_controller_msgs/local/lib/python3.10/dist-packages/ros_robot_controller_msgs/msg/_rgb_state.py'...
[10.397s] Compiling '/home/ubuntu/ros2_ws/src/install/ros_robot_controller_msgs/local/lib/python3.10/dist-packages/ros_robot_controller_msgs/msg/_rgb_states.py'...
[10.398s] Compiling '/home/ubuntu/ros2_ws/src/install/ros_robot_controller_msgs/local/lib/python3.10/dist-packages/ros_robot_controller_msgs/msg/_sbus.py'...
[10.398s] Compiling '/home/ubuntu/ros2_ws/src/install/ros_robot_controller_msgs/local/lib/python3.10/dist-packages/ros_robot_controller_msgs/msg/_servo_position.py'...
[10.398s] Compiling '/home/ubuntu/ros2_ws/src/install/ros_robot_controller_msgs/local/lib/python3.10/dist-packages/ros_robot_controller_msgs/msg/_servos_position.py'...
[10.398s] Compiling '/home/ubuntu/ros2_ws/src/install/ros_robot_controller_msgs/local/lib/python3.10/dist-packages/ros_robot_controller_msgs/msg/_set_bus_servo_state.py'...
[10.398s] Compiling '/home/ubuntu/ros2_ws/src/install/ros_robot_controller_msgs/local/lib/python3.10/dist-packages/ros_robot_controller_msgs/msg/_set_pwm_servo_state.py'...
[10.398s] Listing '/home/ubuntu/ros2_ws/src/install/ros_robot_controller_msgs/local/lib/python3.10/dist-packages/ros_robot_controller_msgs/srv'...
[10.398s] Compiling '/home/ubuntu/ros2_ws/src/install/ros_robot_controller_msgs/local/lib/python3.10/dist-packages/ros_robot_controller_msgs/srv/__init__.py'...
[10.398s] Compiling '/home/ubuntu/ros2_ws/src/install/ros_robot_controller_msgs/local/lib/python3.10/dist-packages/ros_robot_controller_msgs/srv/_get_bus_servo_state.py'...
[10.398s] Compiling '/home/ubuntu/ros2_ws/src/install/ros_robot_controller_msgs/local/lib/python3.10/dist-packages/ros_robot_controller_msgs/srv/_get_pwm_servo_state.py'...
[10.405s] -- Installing: /home/ubuntu/ros2_ws/src/install/ros_robot_controller_msgs/lib/libros_robot_controller_msgs__rosidl_generator_py.so
[10.407s] -- Set runtime path of "/home/ubuntu/ros2_ws/src/install/ros_robot_controller_msgs/lib/libros_robot_controller_msgs__rosidl_generator_py.so" to ""
[10.407s] -- Installing: /home/ubuntu/ros2_ws/src/install/ros_robot_controller_msgs/share/ros_robot_controller_msgs/cmake/export_ros_robot_controller_msgs__rosidl_generator_cExport.cmake
[10.407s] -- Installing: /home/ubuntu/ros2_ws/src/install/ros_robot_controller_msgs/share/ros_robot_controller_msgs/cmake/export_ros_robot_controller_msgs__rosidl_generator_cExport-release.cmake
[10.407s] -- Installing: /home/ubuntu/ros2_ws/src/install/ros_robot_controller_msgs/share/ros_robot_controller_msgs/cmake/export_ros_robot_controller_msgs__rosidl_typesupport_fastrtps_cExport.cmake
[10.408s] -- Installing: /home/ubuntu/ros2_ws/src/install/ros_robot_controller_msgs/share/ros_robot_controller_msgs/cmake/export_ros_robot_controller_msgs__rosidl_typesupport_fastrtps_cExport-release.cmake
[10.408s] -- Installing: /home/ubuntu/ros2_ws/src/install/ros_robot_controller_msgs/share/ros_robot_controller_msgs/cmake/export_ros_robot_controller_msgs__rosidl_generator_cppExport.cmake
[10.408s] -- Installing: /home/ubuntu/ros2_ws/src/install/ros_robot_controller_msgs/share/ros_robot_controller_msgs/cmake/export_ros_robot_controller_msgs__rosidl_typesupport_fastrtps_cppExport.cmake
[10.408s] -- Installing: /home/ubuntu/ros2_ws/src/install/ros_robot_controller_msgs/share/ros_robot_controller_msgs/cmake/export_ros_robot_controller_msgs__rosidl_typesupport_fastrtps_cppExport-release.cmake
[10.408s] -- Installing: /home/ubuntu/ros2_ws/src/install/ros_robot_controller_msgs/share/ros_robot_controller_msgs/cmake/ros_robot_controller_msgs__rosidl_typesupport_introspection_cExport.cmake
[10.408s] -- Installing: /home/ubuntu/ros2_ws/src/install/ros_robot_controller_msgs/share/ros_robot_controller_msgs/cmake/ros_robot_controller_msgs__rosidl_typesupport_introspection_cExport-release.cmake
[10.409s] -- Installing: /home/ubuntu/ros2_ws/src/install/ros_robot_controller_msgs/share/ros_robot_controller_msgs/cmake/ros_robot_controller_msgs__rosidl_typesupport_cExport.cmake
[10.409s] -- Installing: /home/ubuntu/ros2_ws/src/install/ros_robot_controller_msgs/share/ros_robot_controller_msgs/cmake/ros_robot_controller_msgs__rosidl_typesupport_cExport-release.cmake
[10.409s] -- Installing: /home/ubuntu/ros2_ws/src/install/ros_robot_controller_msgs/share/ros_robot_controller_msgs/cmake/ros_robot_controller_msgs__rosidl_typesupport_introspection_cppExport.cmake
[10.409s] -- Installing: /home/ubuntu/ros2_ws/src/install/ros_robot_controller_msgs/share/ros_robot_controller_msgs/cmake/ros_robot_controller_msgs__rosidl_typesupport_introspection_cppExport-release.cmake
[10.409s] -- Installing: /home/ubuntu/ros2_ws/src/install/ros_robot_controller_msgs/share/ros_robot_controller_msgs/cmake/ros_robot_controller_msgs__rosidl_typesupport_cppExport.cmake
[10.410s] -- Installing: /home/ubuntu/ros2_ws/src/install/ros_robot_controller_msgs/share/ros_robot_controller_msgs/cmake/ros_robot_controller_msgs__rosidl_typesupport_cppExport-release.cmake
[10.410s] -- Installing: /home/ubuntu/ros2_ws/src/install/ros_robot_controller_msgs/share/ros_robot_controller_msgs/cmake/export_ros_robot_controller_msgs__rosidl_generator_pyExport.cmake
[10.410s] -- Installing: /home/ubuntu/ros2_ws/src/install/ros_robot_controller_msgs/share/ros_robot_controller_msgs/cmake/export_ros_robot_controller_msgs__rosidl_generator_pyExport-release.cmake
[10.460s] Invoked command in '/home/ubuntu/ros2_ws/src/build/ros_robot_controller_msgs' returned '0': CMAKE_PREFIX_PATH=/home/ubuntu/third_party_ros2/third_party_ws/install/ydlidar_ros2_driver:/home/ubuntu/third_party_ros2/third_party_ws/install/web_video_server:/home/ubuntu/third_party_ros2/third_party_ws/install/teb_local_planner:/home/ubuntu/third_party_ros2/third_party_ws/install/teb_msgs:/home/ubuntu/third_party_ros2/third_party_ws/install/sllidar_ros2:/home/ubuntu/third_party_ros2/third_party_ws/install/rf2o_laser_odometry:/home/ubuntu/third_party_ros2/third_party_ws/install/ldlidar_stl_ros2:/home/ubuntu/third_party_ros2/third_party_ws/install/laser_filters:/home/ubuntu/third_party_ros2/third_party_ws/install/imu_calib:/home/ubuntu/third_party_ros2/third_party_ws/install/costmap_converter:/home/ubuntu/third_party_ros2/third_party_ws/install/costmap_converter_msgs:/home/ubuntu/ros2_ws/install/yolov5_ros2:/home/ubuntu/ros2_ws/install/slam:/home/ubuntu/ros2_ws/install/sdk:/home/ubuntu/ros2_ws/install/ros_robot_controller:/home/ubuntu/ros2_ws/install/peripherals:/home/ubuntu/ros2_ws/install/navigation:/home/ubuntu/ros2_ws/install/multi:/home/ubuntu/ros2_ws/install/mentorpi_description:/home/ubuntu/ros2_ws/install/example:/home/ubuntu/ros2_ws/install/controller:/home/ubuntu/ros2_ws/install/calibration:/home/ubuntu/ros2_ws/install/bringup:/home/ubuntu/ros2_ws/install/app:/opt/ros/humble:/home/ubuntu/third_party_ros2/third_party_ws/install/async_web_server_cpp:/home/ubuntu/third_party_ros2/third_party_ws/install/ascamera:/home/ubuntu/third_party_ros2/third_party_ws/install/apriltag_ros:/home/ubuntu/third_party_ros2/third_party_ws/install/apriltag_msgs:/home/ubuntu/ros2_ws/install/ros_robot_controller_msgs:/home/ubuntu/ros2_ws/install/interfaces /usr/bin/cmake --install /home/ubuntu/ros2_ws/src/build/ros_robot_controller_msgs
